[0.020s] Invoking command in '/home/mrg/dai_ws/build/depthai_bridge': AMENT_PREFIX_PATH=/home/mrg/dai_ws/install/depthai_ros_msgs:${AMENT_PREFIX_PATH} CMAKE_PREFIX_PATH=/home/mrg/dai_ws/install/depthai_ros_msgs:/home/mrg/vrx_ws/install:/opt/ros/humble LD_LIBRARY_PATH=/home/mrg/dai_ws/install/depthai_ros_msgs/lib:${LD_LIBRARY_PATH} PYTHONPATH=/home/mrg/dai_ws/install/depthai_ros_msgs/local/lib/python3.10/dist-packages:${PYTHONPATH} /usr/bin/cmake --build /home/mrg/dai_ws/build/depthai_bridge -- -j16 -l16
[0.183s] [100%] Built target depthai_bridge
[0.212s] Invoked command in '/home/mrg/dai_ws/build/depthai_bridge' returned '0': AMENT_PREFIX_PATH=/home/mrg/dai_ws/install/depthai_ros_msgs:${AMENT_PREFIX_PATH} CMAKE_PREFIX_PATH=/home/mrg/dai_ws/install/depthai_ros_msgs:/home/mrg/vrx_ws/install:/opt/ros/humble LD_LIBRARY_PATH=/home/mrg/dai_ws/install/depthai_ros_msgs/lib:${LD_LIBRARY_PATH} PYTHONPATH=/home/mrg/dai_ws/install/depthai_ros_msgs/local/lib/python3.10/dist-packages:${PYTHONPATH} /usr/bin/cmake --build /home/mrg/dai_ws/build/depthai_bridge -- -j16 -l16
[0.308s] Invoking command in '/home/mrg/dai_ws/build/depthai_bridge': AMENT_PREFIX_PATH=/home/mrg/dai_ws/install/depthai_ros_msgs:${AMENT_PREFIX_PATH} CMAKE_PREFIX_PATH=/home/mrg/dai_ws/install/depthai_ros_msgs:/home/mrg/vrx_ws/install:/opt/ros/humble LD_LIBRARY_PATH=/home/mrg/dai_ws/install/depthai_ros_msgs/lib:${LD_LIBRARY_PATH} PYTHONPATH=/home/mrg/dai_ws/install/depthai_ros_msgs/local/lib/python3.10/dist-packages:${PYTHONPATH} /usr/bin/cmake --install /home/mrg/dai_ws/build/depthai_bridge
[0.316s] -- Install configuration: ""
[0.316s] -- Execute custom install script
[0.316s] -- Up-to-date symlink: /home/mrg/dai_ws/install/depthai_bridge/share/depthai_bridge/environment/library_path.sh
[0.317s] -- Up-to-date symlink: /home/mrg/dai_ws/install/depthai_bridge/share/depthai_bridge/environment/library_path.dsv
[0.317s] -- Up-to-date symlink: /home/mrg/dai_ws/install/depthai_bridge/include//depthai_bridge/BridgePublisher.hpp
[0.317s] -- Up-to-date symlink: /home/mrg/dai_ws/install/depthai_bridge/include//depthai_bridge/DisparityConverter.hpp
[0.319s] -- Up-to-date symlink: /home/mrg/dai_ws/install/depthai_bridge/include//depthai_bridge/ImageConverter.hpp
[0.319s] -- Up-to-date symlink: /home/mrg/dai_ws/install/depthai_bridge/include//depthai_bridge/ImgDetectionConverter.hpp
[0.319s] -- Up-to-date symlink: /home/mrg/dai_ws/install/depthai_bridge/include//depthai_bridge/ImuConverter.hpp
[0.319s] -- Up-to-date symlink: /home/mrg/dai_ws/install/depthai_bridge/include//depthai_bridge/SpatialDetectionConverter.hpp
[0.319s] -- Up-to-date symlink: /home/mrg/dai_ws/install/depthai_bridge/include//depthai_bridge/TFPublisher.hpp
[0.319s] -- Up-to-date symlink: /home/mrg/dai_ws/install/depthai_bridge/include//depthai_bridge/TrackDetectionConverter.hpp
[0.320s] -- Up-to-date symlink: /home/mrg/dai_ws/install/depthai_bridge/include//depthai_bridge/TrackSpatialDetectionConverter.hpp
[0.320s] -- Up-to-date symlink: /home/mrg/dai_ws/install/depthai_bridge/include//depthai_bridge/TrackedFeaturesConverter.hpp
[0.320s] -- Up-to-date symlink: /home/mrg/dai_ws/install/depthai_bridge/include//depthai_bridge/depthaiUtility.hpp
[0.320s] -- Up-to-date symlink: /home/mrg/dai_ws/install/depthai_bridge/share/depthai_bridge/rviz/pointCloud.rviz
[0.320s] -- Up-to-date symlink: /home/mrg/dai_ws/install/depthai_bridge/share/ament_index/resource_index/package_run_dependencies/depthai_bridge
[0.320s] -- Up-to-date symlink: /home/mrg/dai_ws/install/depthai_bridge/share/ament_index/resource_index/parent_prefix_path/depthai_bridge
[0.320s] -- Up-to-date symlink: /home/mrg/dai_ws/install/depthai_bridge/share/depthai_bridge/environment/ament_prefix_path.sh
[0.320s] -- Up-to-date symlink: /home/mrg/dai_ws/install/depthai_bridge/share/depthai_bridge/environment/ament_prefix_path.dsv
[0.320s] -- Up-to-date symlink: /home/mrg/dai_ws/install/depthai_bridge/share/depthai_bridge/environment/path.sh
[0.321s] -- Up-to-date symlink: /home/mrg/dai_ws/install/depthai_bridge/share/depthai_bridge/environment/path.dsv
[0.321s] -- Up-to-date symlink: /home/mrg/dai_ws/install/depthai_bridge/share/depthai_bridge/local_setup.bash
[0.321s] -- Up-to-date symlink: /home/mrg/dai_ws/install/depthai_bridge/share/depthai_bridge/local_setup.sh
[0.321s] -- Up-to-date symlink: /home/mrg/dai_ws/install/depthai_bridge/share/depthai_bridge/local_setup.zsh
[0.321s] -- Up-to-date symlink: /home/mrg/dai_ws/install/depthai_bridge/share/depthai_bridge/local_setup.dsv
[0.321s] -- Symlinking: /home/mrg/dai_ws/install/depthai_bridge/share/depthai_bridge/package.dsv
[0.330s] -- Up-to-date symlink: /home/mrg/dai_ws/install/depthai_bridge/share/ament_index/resource_index/packages/depthai_bridge
[0.330s] -- Up-to-date symlink: /home/mrg/dai_ws/install/depthai_bridge/share/depthai_bridge/cmake/ament_cmake_export_targets-extras.cmake
[0.330s] -- Up-to-date symlink: /home/mrg/dai_ws/install/depthai_bridge/share/depthai_bridge/cmake/ament_cmake_export_include_directories-extras.cmake
[0.331s] -- Up-to-date symlink: /home/mrg/dai_ws/install/depthai_bridge/share/depthai_bridge/cmake/ament_cmake_export_libraries-extras.cmake
[0.331s] -- Up-to-date symlink: /home/mrg/dai_ws/install/depthai_bridge/share/depthai_bridge/cmake/ament_cmake_export_dependencies-extras.cmake
[0.331s] -- Up-to-date symlink: /home/mrg/dai_ws/install/depthai_bridge/share/depthai_bridge/cmake/depthai_bridgeConfig.cmake
[0.331s] -- Up-to-date symlink: /home/mrg/dai_ws/install/depthai_bridge/share/depthai_bridge/cmake/depthai_bridgeConfig-version.cmake
[0.331s] -- Up-to-date symlink: /home/mrg/dai_ws/install/depthai_bridge/share/depthai_bridge/package.xml
[0.331s] -- Up-to-date: /home/mrg/dai_ws/install/depthai_bridge/lib/libdepthai_bridge.so
[0.331s] -- Up-to-date: /home/mrg/dai_ws/install/depthai_bridge/share/depthai_bridge/cmake/depthai_bridgeTargets.cmake
[0.332s] -- Up-to-date: /home/mrg/dai_ws/install/depthai_bridge/share/depthai_bridge/cmake/depthai_bridgeTargets-noconfig.cmake
[0.332s] -- Up-to-date: /home/mrg/dai_ws/install/depthai_bridge/share/depthai_bridge/cmake/depthai_bridgeTargetsExport.cmake
[0.332s] -- Up-to-date: /home/mrg/dai_ws/install/depthai_bridge/share/depthai_bridge/cmake/depthai_bridgeTargetsExport-noconfig.cmake
[0.336s] Invoked command in '/home/mrg/dai_ws/build/depthai_bridge' returned '0': AMENT_PREFIX_PATH=/home/mrg/dai_ws/install/depthai_ros_msgs:${AMENT_PREFIX_PATH} CMAKE_PREFIX_PATH=/home/mrg/dai_ws/install/depthai_ros_msgs:/home/mrg/vrx_ws/install:/opt/ros/humble LD_LIBRARY_PATH=/home/mrg/dai_ws/install/depthai_ros_msgs/lib:${LD_LIBRARY_PATH} PYTHONPATH=/home/mrg/dai_ws/install/depthai_ros_msgs/local/lib/python3.10/dist-packages:${PYTHONPATH} /usr/bin/cmake --install /home/mrg/dai_ws/build/depthai_bridge
