[0.086s] DEBUG:colcon:Command line arguments: ['/usr/bin/colcon', 'build', '--symlink-install']
[0.086s] DEBUG:colcon:Parsed command line arguments: Namespace(log_base=None, log_level=None, verb_name='build', build_base='build', install_base='install', merge_install=False, symlink_install=True, test_result_base=None, continue_on_error=False, executor='parallel', parallel_workers=16, event_handlers=None, ignore_user_meta=False, metas=['./colcon.meta'], base_paths=['.'], packages_ignore=None, packages_ignore_regex=None, paths=None, packages_up_to=None, packages_up_to_regex=None, packages_above=None, packages_above_and_dependencies=None, packages_above_depth=None, packages_select_by_dep=None, packages_skip_by_dep=None, packages_skip_up_to=None, packages_select_build_failed=False, packages_skip_build_finished=False, packages_select_test_failures=False, packages_skip_test_passed=False, packages_select=None, packages_skip=None, packages_select_regex=None, packages_skip_regex=None, packages_start=None, packages_end=None, allow_overriding=[], cmake_args=None, cmake_target=None, cmake_target_skip_unavailable=False, cmake_clean_cache=False, cmake_clean_first=False, cmake_force_configure=False, ament_cmake_args=None, catkin_cmake_args=None, catkin_skip_building_tests=False, mixin_files=None, mixin=None, verb_parser=<colcon_mixin.mixin.mixin_argument.MixinArgumentDecorator object at 0x7378306bf010>, verb_extension=<colcon_core.verb.build.BuildVerb object at 0x7378306beb60>, main=<bound method BuildVerb.main of <colcon_core.verb.build.BuildVerb object at 0x7378306beb60>>, mixin_verb=('build',))
[0.228s] Level 1:colcon.colcon_core.package_discovery:discover_packages(colcon_meta) check parameters
[0.228s] Level 1:colcon.colcon_core.package_discovery:discover_packages(recursive) check parameters
[0.228s] Level 1:colcon.colcon_core.package_discovery:discover_packages(ignore) check parameters
[0.228s] Level 1:colcon.colcon_core.package_discovery:discover_packages(path) check parameters
[0.228s] Level 1:colcon.colcon_core.package_discovery:discover_packages(colcon_meta) discover
[0.228s] Level 1:colcon.colcon_core.package_discovery:discover_packages(recursive) discover
[0.228s] INFO:colcon.colcon_core.package_discovery:Crawling recursively for packages in '/home/mrg/dai_ws'
[0.228s] Level 1:colcon.colcon_core.package_identification:_identify(.) by extensions ['ignore', 'ignore_ament_install']
[0.228s] Level 1:colcon.colcon_core.package_identification:_identify(.) by extension 'ignore'
[0.228s] Level 1:colcon.colcon_core.package_identification:_identify(.) by extension 'ignore_ament_install'
[0.228s] Level 1:colcon.colcon_core.package_identification:_identify(.) by extensions ['colcon_pkg']
[0.228s] Level 1:colcon.colcon_core.package_identification:_identify(.) by extension 'colcon_pkg'
[0.228s] Level 1:colcon.colcon_core.package_identification:_identify(.) by extensions ['colcon_meta']
[0.228s] Level 1:colcon.colcon_core.package_identification:_identify(.) by extension 'colcon_meta'
[0.228s] Level 1:colcon.colcon_core.package_identification:_identify(.) by extensions ['ros']
[0.228s] Level 1:colcon.colcon_core.package_identification:_identify(.) by extension 'ros'
[0.237s] Level 1:colcon.colcon_core.package_identification:_identify(.) by extensions ['cmake', 'python']
[0.237s] Level 1:colcon.colcon_core.package_identification:_identify(.) by extension 'cmake'
[0.237s] Level 1:colcon.colcon_core.package_identification:_identify(.) by extension 'python'
[0.237s] Level 1:colcon.colcon_core.package_identification:_identify(.) by extensions ['python_setup_py']
[0.237s] Level 1:colcon.colcon_core.package_identification:_identify(.) by extension 'python_setup_py'
[0.237s] Level 1:colcon.colcon_core.package_identification:_identify(build) by extensions ['ignore', 'ignore_ament_install']
[0.237s] Level 1:colcon.colcon_core.package_identification:_identify(build) by extension 'ignore'
[0.237s] Level 1:colcon.colcon_core.package_identification:_identify(build) ignored
[0.237s] Level 1:colcon.colcon_core.package_identification:_identify(install) by extensions ['ignore', 'ignore_ament_install']
[0.237s] Level 1:colcon.colcon_core.package_identification:_identify(install) by extension 'ignore'
[0.237s] Level 1:colcon.colcon_core.package_identification:_identify(install) ignored
[0.237s] Level 1:colcon.colcon_core.package_identification:_identify(log) by extensions ['ignore', 'ignore_ament_install']
[0.237s] Level 1:colcon.colcon_core.package_identification:_identify(log) by extension 'ignore'
[0.237s] Level 1:colcon.colcon_core.package_identification:_identify(log) ignored
[0.237s] Level 1:colcon.colcon_core.package_identification:_identify(src) by extensions ['ignore', 'ignore_ament_install']
[0.238s] Level 1:colcon.colcon_core.package_identification:_identify(src) by extension 'ignore'
[0.238s] Level 1:colcon.colcon_core.package_identification:_identify(src) by extension 'ignore_ament_install'
[0.238s] Level 1:colcon.colcon_core.package_identification:_identify(src) by extensions ['colcon_pkg']
[0.238s] Level 1:colcon.colcon_core.package_identification:_identify(src) by extension 'colcon_pkg'
[0.238s] Level 1:colcon.colcon_core.package_identification:_identify(src) by extensions ['colcon_meta']
[0.238s] Level 1:colcon.colcon_core.package_identification:_identify(src) by extension 'colcon_meta'
[0.238s] Level 1:colcon.colcon_core.package_identification:_identify(src) by extensions ['ros']
[0.238s] Level 1:colcon.colcon_core.package_identification:_identify(src) by extension 'ros'
[0.238s] Level 1:colcon.colcon_core.package_identification:_identify(src) by extensions ['cmake', 'python']
[0.238s] Level 1:colcon.colcon_core.package_identification:_identify(src) by extension 'cmake'
[0.238s] Level 1:colcon.colcon_core.package_identification:_identify(src) by extension 'python'
[0.238s] Level 1:colcon.colcon_core.package_identification:_identify(src) by extensions ['python_setup_py']
[0.238s] Level 1:colcon.colcon_core.package_identification:_identify(src) by extension 'python_setup_py'
[0.238s] Level 1:colcon.colcon_core.package_identification:_identify(src/depthai-ros) by extensions ['ignore', 'ignore_ament_install']
[0.238s] Level 1:colcon.colcon_core.package_identification:_identify(src/depthai-ros) by extension 'ignore'
[0.238s] Level 1:colcon.colcon_core.package_identification:_identify(src/depthai-ros) by extension 'ignore_ament_install'
[0.238s] Level 1:colcon.colcon_core.package_identification:_identify(src/depthai-ros) by extensions ['colcon_pkg']
[0.238s] Level 1:colcon.colcon_core.package_identification:_identify(src/depthai-ros) by extension 'colcon_pkg'
[0.238s] Level 1:colcon.colcon_core.package_identification:_identify(src/depthai-ros) by extensions ['colcon_meta']
[0.238s] Level 1:colcon.colcon_core.package_identification:_identify(src/depthai-ros) by extension 'colcon_meta'
[0.238s] Level 1:colcon.colcon_core.package_identification:_identify(src/depthai-ros) by extensions ['ros']
[0.238s] Level 1:colcon.colcon_core.package_identification:_identify(src/depthai-ros) by extension 'ros'
[0.238s] Level 1:colcon.colcon_core.package_identification:_identify(src/depthai-ros) by extensions ['cmake', 'python']
[0.238s] Level 1:colcon.colcon_core.package_identification:_identify(src/depthai-ros) by extension 'cmake'
[0.238s] Level 1:colcon.colcon_core.package_identification:_identify(src/depthai-ros) by extension 'python'
[0.238s] Level 1:colcon.colcon_core.package_identification:_identify(src/depthai-ros) by extensions ['python_setup_py']
[0.238s] Level 1:colcon.colcon_core.package_identification:_identify(src/depthai-ros) by extension 'python_setup_py'
[0.239s] Level 1:colcon.colcon_core.package_identification:_identify(src/depthai-ros/depthai-ros) by extensions ['ignore', 'ignore_ament_install']
[0.239s] Level 1:colcon.colcon_core.package_identification:_identify(src/depthai-ros/depthai-ros) by extension 'ignore'
[0.239s] Level 1:colcon.colcon_core.package_identification:_identify(src/depthai-ros/depthai-ros) by extension 'ignore_ament_install'
[0.239s] Level 1:colcon.colcon_core.package_identification:_identify(src/depthai-ros/depthai-ros) by extensions ['colcon_pkg']
[0.239s] Level 1:colcon.colcon_core.package_identification:_identify(src/depthai-ros/depthai-ros) by extension 'colcon_pkg'
[0.239s] Level 1:colcon.colcon_core.package_identification:_identify(src/depthai-ros/depthai-ros) by extensions ['colcon_meta']
[0.239s] Level 1:colcon.colcon_core.package_identification:_identify(src/depthai-ros/depthai-ros) by extension 'colcon_meta'
[0.239s] Level 1:colcon.colcon_core.package_identification:_identify(src/depthai-ros/depthai-ros) by extensions ['ros']
[0.239s] Level 1:colcon.colcon_core.package_identification:_identify(src/depthai-ros/depthai-ros) by extension 'ros'
[0.241s] DEBUG:colcon.colcon_core.package_identification:Package 'src/depthai-ros/depthai-ros' with type 'ros.ament_cmake' and name 'depthai-ros'
[0.241s] Level 1:colcon.colcon_core.package_identification:_identify(src/depthai-ros/depthai_bridge) by extensions ['ignore', 'ignore_ament_install']
[0.241s] Level 1:colcon.colcon_core.package_identification:_identify(src/depthai-ros/depthai_bridge) by extension 'ignore'
[0.241s] Level 1:colcon.colcon_core.package_identification:_identify(src/depthai-ros/depthai_bridge) by extension 'ignore_ament_install'
[0.241s] Level 1:colcon.colcon_core.package_identification:_identify(src/depthai-ros/depthai_bridge) by extensions ['colcon_pkg']
[0.241s] Level 1:colcon.colcon_core.package_identification:_identify(src/depthai-ros/depthai_bridge) by extension 'colcon_pkg'
[0.241s] Level 1:colcon.colcon_core.package_identification:_identify(src/depthai-ros/depthai_bridge) by extensions ['colcon_meta']
[0.241s] Level 1:colcon.colcon_core.package_identification:_identify(src/depthai-ros/depthai_bridge) by extension 'colcon_meta'
[0.241s] Level 1:colcon.colcon_core.package_identification:_identify(src/depthai-ros/depthai_bridge) by extensions ['ros']
[0.241s] Level 1:colcon.colcon_core.package_identification:_identify(src/depthai-ros/depthai_bridge) by extension 'ros'
[0.243s] DEBUG:colcon.colcon_core.package_identification:Package 'src/depthai-ros/depthai_bridge' with type 'ros.ament_cmake' and name 'depthai_bridge'
[0.243s] Level 1:colcon.colcon_core.package_identification:_identify(src/depthai-ros/depthai_descriptions) by extensions ['ignore', 'ignore_ament_install']
[0.243s] Level 1:colcon.colcon_core.package_identification:_identify(src/depthai-ros/depthai_descriptions) by extension 'ignore'
[0.243s] Level 1:colcon.colcon_core.package_identification:_identify(src/depthai-ros/depthai_descriptions) by extension 'ignore_ament_install'
[0.243s] Level 1:colcon.colcon_core.package_identification:_identify(src/depthai-ros/depthai_descriptions) by extensions ['colcon_pkg']
[0.243s] Level 1:colcon.colcon_core.package_identification:_identify(src/depthai-ros/depthai_descriptions) by extension 'colcon_pkg'
[0.243s] Level 1:colcon.colcon_core.package_identification:_identify(src/depthai-ros/depthai_descriptions) by extensions ['colcon_meta']
[0.243s] Level 1:colcon.colcon_core.package_identification:_identify(src/depthai-ros/depthai_descriptions) by extension 'colcon_meta'
[0.243s] Level 1:colcon.colcon_core.package_identification:_identify(src/depthai-ros/depthai_descriptions) by extensions ['ros']
[0.243s] Level 1:colcon.colcon_core.package_identification:_identify(src/depthai-ros/depthai_descriptions) by extension 'ros'
[0.244s] DEBUG:colcon.colcon_core.package_identification:Package 'src/depthai-ros/depthai_descriptions' with type 'ros.ament_cmake' and name 'depthai_descriptions'
[0.244s] Level 1:colcon.colcon_core.package_identification:_identify(src/depthai-ros/depthai_examples) by extensions ['ignore', 'ignore_ament_install']
[0.244s] Level 1:colcon.colcon_core.package_identification:_identify(src/depthai-ros/depthai_examples) by extension 'ignore'
[0.244s] Level 1:colcon.colcon_core.package_identification:_identify(src/depthai-ros/depthai_examples) by extension 'ignore_ament_install'
[0.244s] Level 1:colcon.colcon_core.package_identification:_identify(src/depthai-ros/depthai_examples) by extensions ['colcon_pkg']
[0.244s] Level 1:colcon.colcon_core.package_identification:_identify(src/depthai-ros/depthai_examples) by extension 'colcon_pkg'
[0.244s] Level 1:colcon.colcon_core.package_identification:_identify(src/depthai-ros/depthai_examples) by extensions ['colcon_meta']
[0.244s] Level 1:colcon.colcon_core.package_identification:_identify(src/depthai-ros/depthai_examples) by extension 'colcon_meta'
[0.244s] Level 1:colcon.colcon_core.package_identification:_identify(src/depthai-ros/depthai_examples) by extensions ['ros']
[0.244s] Level 1:colcon.colcon_core.package_identification:_identify(src/depthai-ros/depthai_examples) by extension 'ros'
[0.245s] DEBUG:colcon.colcon_core.package_identification:Package 'src/depthai-ros/depthai_examples' with type 'ros.ament_cmake' and name 'depthai_examples'
[0.245s] Level 1:colcon.colcon_core.package_identification:_identify(src/depthai-ros/depthai_filters) by extensions ['ignore', 'ignore_ament_install']
[0.245s] Level 1:colcon.colcon_core.package_identification:_identify(src/depthai-ros/depthai_filters) by extension 'ignore'
[0.246s] Level 1:colcon.colcon_core.package_identification:_identify(src/depthai-ros/depthai_filters) by extension 'ignore_ament_install'
[0.246s] Level 1:colcon.colcon_core.package_identification:_identify(src/depthai-ros/depthai_filters) by extensions ['colcon_pkg']
[0.246s] Level 1:colcon.colcon_core.package_identification:_identify(src/depthai-ros/depthai_filters) by extension 'colcon_pkg'
[0.246s] Level 1:colcon.colcon_core.package_identification:_identify(src/depthai-ros/depthai_filters) by extensions ['colcon_meta']
[0.246s] Level 1:colcon.colcon_core.package_identification:_identify(src/depthai-ros/depthai_filters) by extension 'colcon_meta'
[0.246s] Level 1:colcon.colcon_core.package_identification:_identify(src/depthai-ros/depthai_filters) by extensions ['ros']
[0.246s] Level 1:colcon.colcon_core.package_identification:_identify(src/depthai-ros/depthai_filters) by extension 'ros'
[0.247s] DEBUG:colcon.colcon_core.package_identification:Package 'src/depthai-ros/depthai_filters' with type 'ros.ament_cmake' and name 'depthai_filters'
[0.247s] Level 1:colcon.colcon_core.package_identification:_identify(src/depthai-ros/depthai_ros_driver) by extensions ['ignore', 'ignore_ament_install']
[0.247s] Level 1:colcon.colcon_core.package_identification:_identify(src/depthai-ros/depthai_ros_driver) by extension 'ignore'
[0.247s] Level 1:colcon.colcon_core.package_identification:_identify(src/depthai-ros/depthai_ros_driver) by extension 'ignore_ament_install'
[0.247s] Level 1:colcon.colcon_core.package_identification:_identify(src/depthai-ros/depthai_ros_driver) by extensions ['colcon_pkg']
[0.247s] Level 1:colcon.colcon_core.package_identification:_identify(src/depthai-ros/depthai_ros_driver) by extension 'colcon_pkg'
[0.247s] Level 1:colcon.colcon_core.package_identification:_identify(src/depthai-ros/depthai_ros_driver) by extensions ['colcon_meta']
[0.247s] Level 1:colcon.colcon_core.package_identification:_identify(src/depthai-ros/depthai_ros_driver) by extension 'colcon_meta'
[0.247s] Level 1:colcon.colcon_core.package_identification:_identify(src/depthai-ros/depthai_ros_driver) by extensions ['ros']
[0.247s] Level 1:colcon.colcon_core.package_identification:_identify(src/depthai-ros/depthai_ros_driver) by extension 'ros'
[0.248s] DEBUG:colcon.colcon_core.package_identification:Package 'src/depthai-ros/depthai_ros_driver' with type 'ros.ament_cmake' and name 'depthai_ros_driver'
[0.249s] Level 1:colcon.colcon_core.package_identification:_identify(src/depthai-ros/depthai_ros_msgs) by extensions ['ignore', 'ignore_ament_install']
[0.249s] Level 1:colcon.colcon_core.package_identification:_identify(src/depthai-ros/depthai_ros_msgs) by extension 'ignore'
[0.249s] Level 1:colcon.colcon_core.package_identification:_identify(src/depthai-ros/depthai_ros_msgs) by extension 'ignore_ament_install'
[0.249s] Level 1:colcon.colcon_core.package_identification:_identify(src/depthai-ros/depthai_ros_msgs) by extensions ['colcon_pkg']
[0.249s] Level 1:colcon.colcon_core.package_identification:_identify(src/depthai-ros/depthai_ros_msgs) by extension 'colcon_pkg'
[0.249s] Level 1:colcon.colcon_core.package_identification:_identify(src/depthai-ros/depthai_ros_msgs) by extensions ['colcon_meta']
[0.249s] Level 1:colcon.colcon_core.package_identification:_identify(src/depthai-ros/depthai_ros_msgs) by extension 'colcon_meta'
[0.249s] Level 1:colcon.colcon_core.package_identification:_identify(src/depthai-ros/depthai_ros_msgs) by extensions ['ros']
[0.249s] Level 1:colcon.colcon_core.package_identification:_identify(src/depthai-ros/depthai_ros_msgs) by extension 'ros'
[0.250s] DEBUG:colcon.colcon_core.package_identification:Package 'src/depthai-ros/depthai_ros_msgs' with type 'ros.ament_cmake' and name 'depthai_ros_msgs'
[0.250s] Level 1:colcon.colcon_core.package_identification:_identify(src/depthai-ros/docs) by extensions ['ignore', 'ignore_ament_install']
[0.250s] Level 1:colcon.colcon_core.package_identification:_identify(src/depthai-ros/docs) by extension 'ignore'
[0.250s] Level 1:colcon.colcon_core.package_identification:_identify(src/depthai-ros/docs) by extension 'ignore_ament_install'
[0.250s] Level 1:colcon.colcon_core.package_identification:_identify(src/depthai-ros/docs) by extensions ['colcon_pkg']
[0.250s] Level 1:colcon.colcon_core.package_identification:_identify(src/depthai-ros/docs) by extension 'colcon_pkg'
[0.250s] Level 1:colcon.colcon_core.package_identification:_identify(src/depthai-ros/docs) by extensions ['colcon_meta']
[0.250s] Level 1:colcon.colcon_core.package_identification:_identify(src/depthai-ros/docs) by extension 'colcon_meta'
[0.250s] Level 1:colcon.colcon_core.package_identification:_identify(src/depthai-ros/docs) by extensions ['ros']
[0.250s] Level 1:colcon.colcon_core.package_identification:_identify(src/depthai-ros/docs) by extension 'ros'
[0.250s] Level 1:colcon.colcon_core.package_identification:_identify(src/depthai-ros/docs) by extensions ['cmake', 'python']
[0.250s] Level 1:colcon.colcon_core.package_identification:_identify(src/depthai-ros/docs) by extension 'cmake'
[0.250s] Level 1:colcon.colcon_core.package_identification:_identify(src/depthai-ros/docs) by extension 'python'
[0.250s] Level 1:colcon.colcon_core.package_identification:_identify(src/depthai-ros/docs) by extensions ['python_setup_py']
[0.250s] Level 1:colcon.colcon_core.package_identification:_identify(src/depthai-ros/docs) by extension 'python_setup_py'
[0.250s] Level 1:colcon.colcon_core.package_discovery:discover_packages(recursive) using defaults
[0.250s] Level 1:colcon.colcon_core.package_discovery:discover_packages(ignore) discover
[0.250s] Level 1:colcon.colcon_core.package_discovery:discover_packages(ignore) using defaults
[0.250s] Level 1:colcon.colcon_core.package_discovery:discover_packages(path) discover
[0.250s] Level 1:colcon.colcon_core.package_discovery:discover_packages(path) using defaults
[0.279s] Level 1:colcon.colcon_core.package_discovery:discover_packages(prefix_path) check parameters
[0.279s] Level 1:colcon.colcon_core.package_discovery:discover_packages(prefix_path) discover
[0.280s] DEBUG:colcon.colcon_installed_package_information.package_discovery:Found 5 installed packages in /home/mrg/vrx_ws/install
[0.281s] DEBUG:colcon.colcon_installed_package_information.package_discovery:Found 331 installed packages in /opt/ros/humble
[0.282s] Level 1:colcon.colcon_core.package_discovery:discover_packages(prefix_path) using defaults
[0.314s] Level 5:colcon.colcon_core.verb:set package 'depthai_descriptions' build argument 'cmake_args' from command line to 'None'
[0.315s] Level 5:colcon.colcon_core.verb:set package 'depthai_descriptions' build argument 'cmake_target' from command line to 'None'
[0.315s] Level 5:colcon.colcon_core.verb:set package 'depthai_descriptions' build argument 'cmake_target_skip_unavailable' from command line to 'False'
[0.315s] Level 5:colcon.colcon_core.verb:set package 'depthai_descriptions' build argument 'cmake_clean_cache' from command line to 'False'
[0.315s] Level 5:colcon.colcon_core.verb:set package 'depthai_descriptions' build argument 'cmake_clean_first' from command line to 'False'
[0.315s] Level 5:colcon.colcon_core.verb:set package 'depthai_descriptions' build argument 'cmake_force_configure' from command line to 'False'
[0.315s] Level 5:colcon.colcon_core.verb:set package 'depthai_descriptions' build argument 'ament_cmake_args' from command line to 'None'
[0.315s] Level 5:colcon.colcon_core.verb:set package 'depthai_descriptions' build argument 'catkin_cmake_args' from command line to 'None'
[0.315s] Level 5:colcon.colcon_core.verb:set package 'depthai_descriptions' build argument 'catkin_skip_building_tests' from command line to 'False'
[0.315s] DEBUG:colcon.colcon_core.verb:Building package 'depthai_descriptions' with the following arguments: {'ament_cmake_args': None, 'build_base': '/home/mrg/dai_ws/build/depthai_descriptions', 'catkin_cmake_args': None, 'catkin_skip_building_tests': False, 'cmake_args': None, 'cmake_clean_cache': False, 'cmake_clean_first': False, 'cmake_force_configure': False, 'cmake_target': None, 'cmake_target_skip_unavailable': False, 'install_base': '/home/mrg/dai_ws/install/depthai_descriptions', 'merge_install': False, 'path': '/home/mrg/dai_ws/src/depthai-ros/depthai_descriptions', 'symlink_install': True, 'test_result_base': None}
[0.315s] Level 5:colcon.colcon_core.verb:set package 'depthai_ros_msgs' build argument 'cmake_args' from command line to 'None'
[0.315s] Level 5:colcon.colcon_core.verb:set package 'depthai_ros_msgs' build argument 'cmake_target' from command line to 'None'
[0.315s] Level 5:colcon.colcon_core.verb:set package 'depthai_ros_msgs' build argument 'cmake_target_skip_unavailable' from command line to 'False'
[0.315s] Level 5:colcon.colcon_core.verb:set package 'depthai_ros_msgs' build argument 'cmake_clean_cache' from command line to 'False'
[0.315s] Level 5:colcon.colcon_core.verb:set package 'depthai_ros_msgs' build argument 'cmake_clean_first' from command line to 'False'
[0.315s] Level 5:colcon.colcon_core.verb:set package 'depthai_ros_msgs' build argument 'cmake_force_configure' from command line to 'False'
[0.315s] Level 5:colcon.colcon_core.verb:set package 'depthai_ros_msgs' build argument 'ament_cmake_args' from command line to 'None'
[0.315s] Level 5:colcon.colcon_core.verb:set package 'depthai_ros_msgs' build argument 'catkin_cmake_args' from command line to 'None'
[0.315s] Level 5:colcon.colcon_core.verb:set package 'depthai_ros_msgs' build argument 'catkin_skip_building_tests' from command line to 'False'
[0.315s] DEBUG:colcon.colcon_core.verb:Building package 'depthai_ros_msgs' with the following arguments: {'ament_cmake_args': None, 'build_base': '/home/mrg/dai_ws/build/depthai_ros_msgs', 'catkin_cmake_args': None, 'catkin_skip_building_tests': False, 'cmake_args': None, 'cmake_clean_cache': False, 'cmake_clean_first': False, 'cmake_force_configure': False, 'cmake_target': None, 'cmake_target_skip_unavailable': False, 'install_base': '/home/mrg/dai_ws/install/depthai_ros_msgs', 'merge_install': False, 'path': '/home/mrg/dai_ws/src/depthai-ros/depthai_ros_msgs', 'symlink_install': True, 'test_result_base': None}
[0.315s] Level 5:colcon.colcon_core.verb:set package 'depthai_bridge' build argument 'cmake_args' from command line to 'None'
[0.316s] Level 5:colcon.colcon_core.verb:set package 'depthai_bridge' build argument 'cmake_target' from command line to 'None'
[0.316s] Level 5:colcon.colcon_core.verb:set package 'depthai_bridge' build argument 'cmake_target_skip_unavailable' from command line to 'False'
[0.316s] Level 5:colcon.colcon_core.verb:set package 'depthai_bridge' build argument 'cmake_clean_cache' from command line to 'False'
[0.316s] Level 5:colcon.colcon_core.verb:set package 'depthai_bridge' build argument 'cmake_clean_first' from command line to 'False'
[0.316s] Level 5:colcon.colcon_core.verb:set package 'depthai_bridge' build argument 'cmake_force_configure' from command line to 'False'
[0.316s] Level 5:colcon.colcon_core.verb:set package 'depthai_bridge' build argument 'ament_cmake_args' from command line to 'None'
[0.316s] Level 5:colcon.colcon_core.verb:set package 'depthai_bridge' build argument 'catkin_cmake_args' from command line to 'None'
[0.316s] Level 5:colcon.colcon_core.verb:set package 'depthai_bridge' build argument 'catkin_skip_building_tests' from command line to 'False'
[0.316s] DEBUG:colcon.colcon_core.verb:Building package 'depthai_bridge' with the following arguments: {'ament_cmake_args': None, 'build_base': '/home/mrg/dai_ws/build/depthai_bridge', 'catkin_cmake_args': None, 'catkin_skip_building_tests': False, 'cmake_args': None, 'cmake_clean_cache': False, 'cmake_clean_first': False, 'cmake_force_configure': False, 'cmake_target': None, 'cmake_target_skip_unavailable': False, 'install_base': '/home/mrg/dai_ws/install/depthai_bridge', 'merge_install': False, 'path': '/home/mrg/dai_ws/src/depthai-ros/depthai_bridge', 'symlink_install': True, 'test_result_base': None}
[0.316s] Level 5:colcon.colcon_core.verb:set package 'depthai_filters' build argument 'cmake_args' from command line to 'None'
[0.316s] Level 5:colcon.colcon_core.verb:set package 'depthai_filters' build argument 'cmake_target' from command line to 'None'
[0.316s] Level 5:colcon.colcon_core.verb:set package 'depthai_filters' build argument 'cmake_target_skip_unavailable' from command line to 'False'
[0.316s] Level 5:colcon.colcon_core.verb:set package 'depthai_filters' build argument 'cmake_clean_cache' from command line to 'False'
[0.316s] Level 5:colcon.colcon_core.verb:set package 'depthai_filters' build argument 'cmake_clean_first' from command line to 'False'
[0.316s] Level 5:colcon.colcon_core.verb:set package 'depthai_filters' build argument 'cmake_force_configure' from command line to 'False'
[0.316s] Level 5:colcon.colcon_core.verb:set package 'depthai_filters' build argument 'ament_cmake_args' from command line to 'None'
[0.316s] Level 5:colcon.colcon_core.verb:set package 'depthai_filters' build argument 'catkin_cmake_args' from command line to 'None'
[0.316s] Level 5:colcon.colcon_core.verb:set package 'depthai_filters' build argument 'catkin_skip_building_tests' from command line to 'False'
[0.316s] DEBUG:colcon.colcon_core.verb:Building package 'depthai_filters' with the following arguments: {'ament_cmake_args': None, 'build_base': '/home/mrg/dai_ws/build/depthai_filters', 'catkin_cmake_args': None, 'catkin_skip_building_tests': False, 'cmake_args': None, 'cmake_clean_cache': False, 'cmake_clean_first': False, 'cmake_force_configure': False, 'cmake_target': None, 'cmake_target_skip_unavailable': False, 'install_base': '/home/mrg/dai_ws/install/depthai_filters', 'merge_install': False, 'path': '/home/mrg/dai_ws/src/depthai-ros/depthai_filters', 'symlink_install': True, 'test_result_base': None}
[0.316s] Level 5:colcon.colcon_core.verb:set package 'depthai_examples' build argument 'cmake_args' from command line to 'None'
[0.316s] Level 5:colcon.colcon_core.verb:set package 'depthai_examples' build argument 'cmake_target' from command line to 'None'
[0.316s] Level 5:colcon.colcon_core.verb:set package 'depthai_examples' build argument 'cmake_target_skip_unavailable' from command line to 'False'
[0.316s] Level 5:colcon.colcon_core.verb:set package 'depthai_examples' build argument 'cmake_clean_cache' from command line to 'False'
[0.316s] Level 5:colcon.colcon_core.verb:set package 'depthai_examples' build argument 'cmake_clean_first' from command line to 'False'
[0.316s] Level 5:colcon.colcon_core.verb:set package 'depthai_examples' build argument 'cmake_force_configure' from command line to 'False'
[0.317s] Level 5:colcon.colcon_core.verb:set package 'depthai_examples' build argument 'ament_cmake_args' from command line to 'None'
[0.317s] Level 5:colcon.colcon_core.verb:set package 'depthai_examples' build argument 'catkin_cmake_args' from command line to 'None'
[0.317s] Level 5:colcon.colcon_core.verb:set package 'depthai_examples' build argument 'catkin_skip_building_tests' from command line to 'False'
[0.317s] DEBUG:colcon.colcon_core.verb:Building package 'depthai_examples' with the following arguments: {'ament_cmake_args': None, 'build_base': '/home/mrg/dai_ws/build/depthai_examples', 'catkin_cmake_args': None, 'catkin_skip_building_tests': False, 'cmake_args': None, 'cmake_clean_cache': False, 'cmake_clean_first': False, 'cmake_force_configure': False, 'cmake_target': None, 'cmake_target_skip_unavailable': False, 'install_base': '/home/mrg/dai_ws/install/depthai_examples', 'merge_install': False, 'path': '/home/mrg/dai_ws/src/depthai-ros/depthai_examples', 'symlink_install': True, 'test_result_base': None}
[0.317s] Level 5:colcon.colcon_core.verb:set package 'depthai_ros_driver' build argument 'cmake_args' from command line to 'None'
[0.317s] Level 5:colcon.colcon_core.verb:set package 'depthai_ros_driver' build argument 'cmake_target' from command line to 'None'
[0.317s] Level 5:colcon.colcon_core.verb:set package 'depthai_ros_driver' build argument 'cmake_target_skip_unavailable' from command line to 'False'
[0.317s] Level 5:colcon.colcon_core.verb:set package 'depthai_ros_driver' build argument 'cmake_clean_cache' from command line to 'False'
[0.317s] Level 5:colcon.colcon_core.verb:set package 'depthai_ros_driver' build argument 'cmake_clean_first' from command line to 'False'
[0.317s] Level 5:colcon.colcon_core.verb:set package 'depthai_ros_driver' build argument 'cmake_force_configure' from command line to 'False'
[0.317s] Level 5:colcon.colcon_core.verb:set package 'depthai_ros_driver' build argument 'ament_cmake_args' from command line to 'None'
[0.317s] Level 5:colcon.colcon_core.verb:set package 'depthai_ros_driver' build argument 'catkin_cmake_args' from command line to 'None'
[0.317s] Level 5:colcon.colcon_core.verb:set package 'depthai_ros_driver' build argument 'catkin_skip_building_tests' from command line to 'False'
[0.317s] DEBUG:colcon.colcon_core.verb:Building package 'depthai_ros_driver' with the following arguments: {'ament_cmake_args': None, 'build_base': '/home/mrg/dai_ws/build/depthai_ros_driver', 'catkin_cmake_args': None, 'catkin_skip_building_tests': False, 'cmake_args': None, 'cmake_clean_cache': False, 'cmake_clean_first': False, 'cmake_force_configure': False, 'cmake_target': None, 'cmake_target_skip_unavailable': False, 'install_base': '/home/mrg/dai_ws/install/depthai_ros_driver', 'merge_install': False, 'path': '/home/mrg/dai_ws/src/depthai-ros/depthai_ros_driver', 'symlink_install': True, 'test_result_base': None}
[0.317s] Level 5:colcon.colcon_core.verb:set package 'depthai-ros' build argument 'cmake_args' from command line to 'None'
[0.317s] Level 5:colcon.colcon_core.verb:set package 'depthai-ros' build argument 'cmake_target' from command line to 'None'
[0.317s] Level 5:colcon.colcon_core.verb:set package 'depthai-ros' build argument 'cmake_target_skip_unavailable' from command line to 'False'
[0.317s] Level 5:colcon.colcon_core.verb:set package 'depthai-ros' build argument 'cmake_clean_cache' from command line to 'False'
[0.317s] Level 5:colcon.colcon_core.verb:set package 'depthai-ros' build argument 'cmake_clean_first' from command line to 'False'
[0.317s] Level 5:colcon.colcon_core.verb:set package 'depthai-ros' build argument 'cmake_force_configure' from command line to 'False'
[0.317s] Level 5:colcon.colcon_core.verb:set package 'depthai-ros' build argument 'ament_cmake_args' from command line to 'None'
[0.317s] Level 5:colcon.colcon_core.verb:set package 'depthai-ros' build argument 'catkin_cmake_args' from command line to 'None'
[0.317s] Level 5:colcon.colcon_core.verb:set package 'depthai-ros' build argument 'catkin_skip_building_tests' from command line to 'False'
[0.317s] DEBUG:colcon.colcon_core.verb:Building package 'depthai-ros' with the following arguments: {'ament_cmake_args': None, 'build_base': '/home/mrg/dai_ws/build/depthai-ros', 'catkin_cmake_args': None, 'catkin_skip_building_tests': False, 'cmake_args': None, 'cmake_clean_cache': False, 'cmake_clean_first': False, 'cmake_force_configure': False, 'cmake_target': None, 'cmake_target_skip_unavailable': False, 'install_base': '/home/mrg/dai_ws/install/depthai-ros', 'merge_install': False, 'path': '/home/mrg/dai_ws/src/depthai-ros/depthai-ros', 'symlink_install': True, 'test_result_base': None}
[0.318s] INFO:colcon.colcon_core.executor:Executing jobs using 'parallel' executor
[0.319s] DEBUG:colcon.colcon_parallel_executor.executor.parallel:run_until_complete
[0.319s] INFO:colcon.colcon_ros.task.ament_cmake.build:Building ROS package in '/home/mrg/dai_ws/src/depthai-ros/depthai_ros_msgs' with build type 'ament_cmake'
[0.319s] INFO:colcon.colcon_cmake.task.cmake.build:Building CMake package in '/home/mrg/dai_ws/src/depthai-ros/depthai_ros_msgs'
[0.321s] INFO:colcon.colcon_core.plugin_system:Skipping extension 'colcon_core.shell.bat': Not used on non-Windows systems
[0.321s] INFO:colcon.colcon_core.shell:Skip shell extension 'powershell' for command environment: Not usable outside of PowerShell
[0.322s] DEBUG:colcon.colcon_core.shell:Skip shell extension 'dsv' for command environment
[0.325s] INFO:colcon.colcon_ros.task.ament_cmake.build:Building ROS package in '/home/mrg/dai_ws/src/depthai-ros/depthai_descriptions' with build type 'ament_cmake'
[0.325s] INFO:colcon.colcon_cmake.task.cmake.build:Building CMake package in '/home/mrg/dai_ws/src/depthai-ros/depthai_descriptions'
[0.325s] INFO:colcon.colcon_core.shell:Skip shell extension 'powershell' for command environment: Not usable outside of PowerShell
[0.325s] DEBUG:colcon.colcon_core.shell:Skip shell extension 'dsv' for command environment
[0.335s] DEBUG:colcon.colcon_core.event_handler.log_command:Invoking command in '/home/mrg/dai_ws/build/depthai_ros_msgs': CMAKE_PREFIX_PATH=${CMAKE_PREFIX_PATH}:/opt/ros/humble /usr/bin/cmake --build /home/mrg/dai_ws/build/depthai_ros_msgs -- -j16 -l16
[0.340s] DEBUG:colcon.colcon_core.event_handler.log_command:Invoking command in '/home/mrg/dai_ws/build/depthai_descriptions': CMAKE_PREFIX_PATH=${CMAKE_PREFIX_PATH}:/opt/ros/humble /usr/bin/cmake --build /home/mrg/dai_ws/build/depthai_descriptions -- -j16 -l16
[0.381s] DEBUG:colcon.colcon_core.event_handler.log_command:Invoked command in '/home/mrg/dai_ws/build/depthai_descriptions' returned '0': CMAKE_PREFIX_PATH=${CMAKE_PREFIX_PATH}:/opt/ros/humble /usr/bin/cmake --build /home/mrg/dai_ws/build/depthai_descriptions -- -j16 -l16
[0.419s] DEBUG:colcon.colcon_core.event_handler.log_command:Invoking command in '/home/mrg/dai_ws/build/depthai_descriptions': CMAKE_PREFIX_PATH=${CMAKE_PREFIX_PATH}:/opt/ros/humble /usr/bin/cmake --install /home/mrg/dai_ws/build/depthai_descriptions
[0.462s] Level 1:colcon.colcon_core.environment:create_environment_scripts_only(depthai_descriptions)
[0.464s] DEBUG:colcon.colcon_core.event_handler.log_command:Invoked command in '/home/mrg/dai_ws/build/depthai_descriptions' returned '0': CMAKE_PREFIX_PATH=${CMAKE_PREFIX_PATH}:/opt/ros/humble /usr/bin/cmake --install /home/mrg/dai_ws/build/depthai_descriptions
[0.467s] Level 1:colcon.colcon_core.environment:checking '/home/mrg/dai_ws/install/depthai_descriptions' for CMake module files
[0.468s] Level 1:colcon.colcon_core.environment:checking '/home/mrg/dai_ws/install/depthai_descriptions' for CMake config files
[0.468s] Level 1:colcon.colcon_core.shell:create_environment_hook('depthai_descriptions', 'cmake_prefix_path')
[0.469s] INFO:colcon.colcon_core.shell:Creating environment hook '/home/mrg/dai_ws/install/depthai_descriptions/share/depthai_descriptions/hook/cmake_prefix_path.ps1'
[0.470s] INFO:colcon.colcon_core.shell:Creating environment descriptor '/home/mrg/dai_ws/install/depthai_descriptions/share/depthai_descriptions/hook/cmake_prefix_path.dsv'
[0.471s] INFO:colcon.colcon_core.shell:Creating environment hook '/home/mrg/dai_ws/install/depthai_descriptions/share/depthai_descriptions/hook/cmake_prefix_path.sh'
[0.473s] Level 1:colcon.colcon_core.environment:checking '/home/mrg/dai_ws/install/depthai_descriptions/bin'
[0.473s] Level 1:colcon.colcon_core.environment:checking '/home/mrg/dai_ws/install/depthai_descriptions/lib/pkgconfig/depthai_descriptions.pc'
[0.474s] Level 1:colcon.colcon_core.environment:checking '/home/mrg/dai_ws/install/depthai_descriptions/lib/python3.10/site-packages'
[0.474s] Level 1:colcon.colcon_core.environment:checking '/home/mrg/dai_ws/install/depthai_descriptions/bin'
[0.474s] INFO:colcon.colcon_core.shell:Creating package script '/home/mrg/dai_ws/install/depthai_descriptions/share/depthai_descriptions/package.ps1'
[0.476s] INFO:colcon.colcon_core.shell:Creating package descriptor '/home/mrg/dai_ws/install/depthai_descriptions/share/depthai_descriptions/package.dsv'
[0.477s] INFO:colcon.colcon_core.shell:Creating package script '/home/mrg/dai_ws/install/depthai_descriptions/share/depthai_descriptions/package.sh'
[0.479s] INFO:colcon.colcon_core.shell:Creating package script '/home/mrg/dai_ws/install/depthai_descriptions/share/depthai_descriptions/package.bash'
[0.480s] INFO:colcon.colcon_core.shell:Creating package script '/home/mrg/dai_ws/install/depthai_descriptions/share/depthai_descriptions/package.zsh'
[0.481s] Level 1:colcon.colcon_core.environment:create_file_with_runtime_dependencies(/home/mrg/dai_ws/install/depthai_descriptions/share/colcon-core/packages/depthai_descriptions)
[0.508s] Level 1:colcon.colcon_core.environment:create_environment_scripts_only(depthai_descriptions)
[0.509s] Level 1:colcon.colcon_core.environment:checking '/home/mrg/dai_ws/install/depthai_descriptions' for CMake module files
[0.509s] Level 1:colcon.colcon_core.environment:checking '/home/mrg/dai_ws/install/depthai_descriptions' for CMake config files
[0.510s] Level 1:colcon.colcon_core.shell:create_environment_hook('depthai_descriptions', 'cmake_prefix_path')
[0.510s] INFO:colcon.colcon_core.shell:Creating environment hook '/home/mrg/dai_ws/install/depthai_descriptions/share/depthai_descriptions/hook/cmake_prefix_path.ps1'
[0.510s] INFO:colcon.colcon_core.shell:Creating environment descriptor '/home/mrg/dai_ws/install/depthai_descriptions/share/depthai_descriptions/hook/cmake_prefix_path.dsv'
[0.511s] INFO:colcon.colcon_core.shell:Creating environment hook '/home/mrg/dai_ws/install/depthai_descriptions/share/depthai_descriptions/hook/cmake_prefix_path.sh'
[0.512s] Level 1:colcon.colcon_core.environment:checking '/home/mrg/dai_ws/install/depthai_descriptions/bin'
[0.512s] Level 1:colcon.colcon_core.environment:checking '/home/mrg/dai_ws/install/depthai_descriptions/lib/pkgconfig/depthai_descriptions.pc'
[0.512s] Level 1:colcon.colcon_core.environment:checking '/home/mrg/dai_ws/install/depthai_descriptions/lib/python3.10/site-packages'
[0.512s] Level 1:colcon.colcon_core.environment:checking '/home/mrg/dai_ws/install/depthai_descriptions/bin'
[0.513s] INFO:colcon.colcon_core.shell:Creating package script '/home/mrg/dai_ws/install/depthai_descriptions/share/depthai_descriptions/package.ps1'
[0.513s] INFO:colcon.colcon_core.shell:Creating package descriptor '/home/mrg/dai_ws/install/depthai_descriptions/share/depthai_descriptions/package.dsv'
[0.514s] INFO:colcon.colcon_core.shell:Creating package script '/home/mrg/dai_ws/install/depthai_descriptions/share/depthai_descriptions/package.sh'
[0.514s] INFO:colcon.colcon_core.shell:Creating package script '/home/mrg/dai_ws/install/depthai_descriptions/share/depthai_descriptions/package.bash'
[0.515s] INFO:colcon.colcon_core.shell:Creating package script '/home/mrg/dai_ws/install/depthai_descriptions/share/depthai_descriptions/package.zsh'
[0.515s] Level 1:colcon.colcon_core.environment:create_file_with_runtime_dependencies(/home/mrg/dai_ws/install/depthai_descriptions/share/colcon-core/packages/depthai_descriptions)
[0.734s] DEBUG:colcon.colcon_core.event_handler.log_command:Invoked command in '/home/mrg/dai_ws/build/depthai_ros_msgs' returned '0': CMAKE_PREFIX_PATH=${CMAKE_PREFIX_PATH}:/opt/ros/humble /usr/bin/cmake --build /home/mrg/dai_ws/build/depthai_ros_msgs -- -j16 -l16
[1.346s] DEBUG:colcon.colcon_core.event_handler.log_command:Invoking command in '/home/mrg/dai_ws/build/depthai_ros_msgs': CMAKE_PREFIX_PATH=${CMAKE_PREFIX_PATH}:/opt/ros/humble /usr/bin/cmake --install /home/mrg/dai_ws/build/depthai_ros_msgs
[1.505s] Level 1:colcon.colcon_core.environment:create_environment_scripts_only(depthai_ros_msgs)
[1.506s] Level 1:colcon.colcon_core.environment:checking '/home/mrg/dai_ws/install/depthai_ros_msgs' for CMake module files
[1.506s] DEBUG:colcon.colcon_core.event_handler.log_command:Invoked command in '/home/mrg/dai_ws/build/depthai_ros_msgs' returned '0': CMAKE_PREFIX_PATH=${CMAKE_PREFIX_PATH}:/opt/ros/humble /usr/bin/cmake --install /home/mrg/dai_ws/build/depthai_ros_msgs
[1.507s] Level 1:colcon.colcon_core.environment:checking '/home/mrg/dai_ws/install/depthai_ros_msgs' for CMake config files
[1.508s] Level 1:colcon.colcon_core.shell:create_environment_hook('depthai_ros_msgs', 'cmake_prefix_path')
[1.508s] INFO:colcon.colcon_core.shell:Creating environment hook '/home/mrg/dai_ws/install/depthai_ros_msgs/share/depthai_ros_msgs/hook/cmake_prefix_path.ps1'
[1.509s] INFO:colcon.colcon_core.shell:Creating environment descriptor '/home/mrg/dai_ws/install/depthai_ros_msgs/share/depthai_ros_msgs/hook/cmake_prefix_path.dsv'
[1.509s] INFO:colcon.colcon_core.shell:Creating environment hook '/home/mrg/dai_ws/install/depthai_ros_msgs/share/depthai_ros_msgs/hook/cmake_prefix_path.sh'
[1.510s] Level 1:colcon.colcon_core.environment:checking '/home/mrg/dai_ws/install/depthai_ros_msgs/lib'
[1.511s] Level 1:colcon.colcon_core.shell:create_environment_hook('depthai_ros_msgs', 'ld_library_path_lib')
[1.511s] INFO:colcon.colcon_core.shell:Creating environment hook '/home/mrg/dai_ws/install/depthai_ros_msgs/share/depthai_ros_msgs/hook/ld_library_path_lib.ps1'
[1.512s] INFO:colcon.colcon_core.shell:Creating environment descriptor '/home/mrg/dai_ws/install/depthai_ros_msgs/share/depthai_ros_msgs/hook/ld_library_path_lib.dsv'
[1.512s] INFO:colcon.colcon_core.shell:Creating environment hook '/home/mrg/dai_ws/install/depthai_ros_msgs/share/depthai_ros_msgs/hook/ld_library_path_lib.sh'
[1.513s] Level 1:colcon.colcon_core.environment:checking '/home/mrg/dai_ws/install/depthai_ros_msgs/bin'
[1.513s] Level 1:colcon.colcon_core.environment:checking '/home/mrg/dai_ws/install/depthai_ros_msgs/lib/pkgconfig/depthai_ros_msgs.pc'
[1.514s] Level 1:colcon.colcon_core.environment:checking '/home/mrg/dai_ws/install/depthai_ros_msgs/lib/python3.10/site-packages'
[1.514s] Level 1:colcon.colcon_core.environment:checking '/home/mrg/dai_ws/install/depthai_ros_msgs/bin'
[1.515s] INFO:colcon.colcon_core.shell:Creating package script '/home/mrg/dai_ws/install/depthai_ros_msgs/share/depthai_ros_msgs/package.ps1'
[1.516s] INFO:colcon.colcon_core.shell:Creating package descriptor '/home/mrg/dai_ws/install/depthai_ros_msgs/share/depthai_ros_msgs/package.dsv'
[1.517s] INFO:colcon.colcon_core.shell:Creating package script '/home/mrg/dai_ws/install/depthai_ros_msgs/share/depthai_ros_msgs/package.sh'
[1.518s] INFO:colcon.colcon_core.shell:Creating package script '/home/mrg/dai_ws/install/depthai_ros_msgs/share/depthai_ros_msgs/package.bash'
[1.518s] INFO:colcon.colcon_core.shell:Creating package script '/home/mrg/dai_ws/install/depthai_ros_msgs/share/depthai_ros_msgs/package.zsh'
[1.519s] Level 1:colcon.colcon_core.environment:create_file_with_runtime_dependencies(/home/mrg/dai_ws/install/depthai_ros_msgs/share/colcon-core/packages/depthai_ros_msgs)
[2.038s] Level 1:colcon.colcon_core.environment:create_environment_scripts_only(depthai_ros_msgs)
[2.039s] Level 1:colcon.colcon_core.environment:checking '/home/mrg/dai_ws/install/depthai_ros_msgs' for CMake module files
[2.040s] Level 1:colcon.colcon_core.environment:checking '/home/mrg/dai_ws/install/depthai_ros_msgs' for CMake config files
[2.041s] Level 1:colcon.colcon_core.shell:create_environment_hook('depthai_ros_msgs', 'cmake_prefix_path')
[2.042s] INFO:colcon.colcon_core.shell:Creating environment hook '/home/mrg/dai_ws/install/depthai_ros_msgs/share/depthai_ros_msgs/hook/cmake_prefix_path.ps1'
[2.042s] INFO:colcon.colcon_core.shell:Creating environment descriptor '/home/mrg/dai_ws/install/depthai_ros_msgs/share/depthai_ros_msgs/hook/cmake_prefix_path.dsv'
[2.043s] INFO:colcon.colcon_core.shell:Creating environment hook '/home/mrg/dai_ws/install/depthai_ros_msgs/share/depthai_ros_msgs/hook/cmake_prefix_path.sh'
[2.044s] Level 1:colcon.colcon_core.environment:checking '/home/mrg/dai_ws/install/depthai_ros_msgs/lib'
[2.044s] Level 1:colcon.colcon_core.shell:create_environment_hook('depthai_ros_msgs', 'ld_library_path_lib')
[2.045s] INFO:colcon.colcon_core.shell:Creating environment hook '/home/mrg/dai_ws/install/depthai_ros_msgs/share/depthai_ros_msgs/hook/ld_library_path_lib.ps1'
[2.046s] INFO:colcon.colcon_core.shell:Creating environment descriptor '/home/mrg/dai_ws/install/depthai_ros_msgs/share/depthai_ros_msgs/hook/ld_library_path_lib.dsv'
[2.046s] INFO:colcon.colcon_core.shell:Creating environment hook '/home/mrg/dai_ws/install/depthai_ros_msgs/share/depthai_ros_msgs/hook/ld_library_path_lib.sh'
[2.047s] Level 1:colcon.colcon_core.environment:checking '/home/mrg/dai_ws/install/depthai_ros_msgs/bin'
[2.047s] Level 1:colcon.colcon_core.environment:checking '/home/mrg/dai_ws/install/depthai_ros_msgs/lib/pkgconfig/depthai_ros_msgs.pc'
[2.048s] Level 1:colcon.colcon_core.environment:checking '/home/mrg/dai_ws/install/depthai_ros_msgs/lib/python3.10/site-packages'
[2.048s] Level 1:colcon.colcon_core.environment:checking '/home/mrg/dai_ws/install/depthai_ros_msgs/bin'
[2.048s] INFO:colcon.colcon_core.shell:Creating package script '/home/mrg/dai_ws/install/depthai_ros_msgs/share/depthai_ros_msgs/package.ps1'
[2.049s] INFO:colcon.colcon_core.shell:Creating package descriptor '/home/mrg/dai_ws/install/depthai_ros_msgs/share/depthai_ros_msgs/package.dsv'
[2.050s] INFO:colcon.colcon_core.shell:Creating package script '/home/mrg/dai_ws/install/depthai_ros_msgs/share/depthai_ros_msgs/package.sh'
[2.051s] INFO:colcon.colcon_core.shell:Creating package script '/home/mrg/dai_ws/install/depthai_ros_msgs/share/depthai_ros_msgs/package.bash'
[2.052s] INFO:colcon.colcon_core.shell:Creating package script '/home/mrg/dai_ws/install/depthai_ros_msgs/share/depthai_ros_msgs/package.zsh'
[2.053s] Level 1:colcon.colcon_core.environment:create_file_with_runtime_dependencies(/home/mrg/dai_ws/install/depthai_ros_msgs/share/colcon-core/packages/depthai_ros_msgs)
[2.053s] INFO:colcon.colcon_ros.task.ament_cmake.build:Building ROS package in '/home/mrg/dai_ws/src/depthai-ros/depthai_bridge' with build type 'ament_cmake'
[2.054s] INFO:colcon.colcon_cmake.task.cmake.build:Building CMake package in '/home/mrg/dai_ws/src/depthai-ros/depthai_bridge'
[2.054s] INFO:colcon.colcon_core.shell:Skip shell extension 'powershell' for command environment: Not usable outside of PowerShell
[2.054s] DEBUG:colcon.colcon_core.shell:Skip shell extension 'dsv' for command environment
[2.062s] INFO:colcon.colcon_ros.task.ament_cmake.build:Building ROS package in '/home/mrg/dai_ws/src/depthai-ros/depthai_filters' with build type 'ament_cmake'
[2.062s] INFO:colcon.colcon_cmake.task.cmake.build:Building CMake package in '/home/mrg/dai_ws/src/depthai-ros/depthai_filters'
[2.062s] INFO:colcon.colcon_core.shell:Skip shell extension 'powershell' for command environment: Not usable outside of PowerShell
[2.062s] DEBUG:colcon.colcon_core.shell:Skip shell extension 'dsv' for command environment
[2.076s] DEBUG:colcon.colcon_core.event_handler.log_command:Invoking command in '/home/mrg/dai_ws/build/depthai_bridge': AMENT_PREFIX_PATH=/home/mrg/dai_ws/install/depthai_ros_msgs:${AMENT_PREFIX_PATH} CMAKE_PREFIX_PATH=/home/mrg/dai_ws/install/depthai_ros_msgs:/home/mrg/vrx_ws/install:/opt/ros/humble LD_LIBRARY_PATH=/home/mrg/dai_ws/install/depthai_ros_msgs/lib:${LD_LIBRARY_PATH} PYTHONPATH=/home/mrg/dai_ws/install/depthai_ros_msgs/local/lib/python3.10/dist-packages:${PYTHONPATH} /usr/bin/cmake --build /home/mrg/dai_ws/build/depthai_bridge -- -j16 -l16
[2.083s] DEBUG:colcon.colcon_core.event_handler.log_command:Invoking command in '/home/mrg/dai_ws/build/depthai_filters': AMENT_PREFIX_PATH=/home/mrg/dai_ws/install/depthai_ros_msgs:${AMENT_PREFIX_PATH} CMAKE_PREFIX_PATH=/home/mrg/dai_ws/install/depthai_ros_msgs:/home/mrg/vrx_ws/install:/opt/ros/humble LD_LIBRARY_PATH=/home/mrg/dai_ws/install/depthai_ros_msgs/lib:${LD_LIBRARY_PATH} PYTHONPATH=/home/mrg/dai_ws/install/depthai_ros_msgs/local/lib/python3.10/dist-packages:${PYTHONPATH} /usr/bin/cmake --build /home/mrg/dai_ws/build/depthai_filters -- -j16 -l16
[2.252s] DEBUG:colcon.colcon_core.event_handler.log_command:Invoked command in '/home/mrg/dai_ws/build/depthai_filters' returned '0': AMENT_PREFIX_PATH=/home/mrg/dai_ws/install/depthai_ros_msgs:${AMENT_PREFIX_PATH} CMAKE_PREFIX_PATH=/home/mrg/dai_ws/install/depthai_ros_msgs:/home/mrg/vrx_ws/install:/opt/ros/humble LD_LIBRARY_PATH=/home/mrg/dai_ws/install/depthai_ros_msgs/lib:${LD_LIBRARY_PATH} PYTHONPATH=/home/mrg/dai_ws/install/depthai_ros_msgs/local/lib/python3.10/dist-packages:${PYTHONPATH} /usr/bin/cmake --build /home/mrg/dai_ws/build/depthai_filters -- -j16 -l16
[2.268s] DEBUG:colcon.colcon_core.event_handler.log_command:Invoked command in '/home/mrg/dai_ws/build/depthai_bridge' returned '0': AMENT_PREFIX_PATH=/home/mrg/dai_ws/install/depthai_ros_msgs:${AMENT_PREFIX_PATH} CMAKE_PREFIX_PATH=/home/mrg/dai_ws/install/depthai_ros_msgs:/home/mrg/vrx_ws/install:/opt/ros/humble LD_LIBRARY_PATH=/home/mrg/dai_ws/install/depthai_ros_msgs/lib:${LD_LIBRARY_PATH} PYTHONPATH=/home/mrg/dai_ws/install/depthai_ros_msgs/local/lib/python3.10/dist-packages:${PYTHONPATH} /usr/bin/cmake --build /home/mrg/dai_ws/build/depthai_bridge -- -j16 -l16
[2.330s] DEBUG:colcon.colcon_core.event_handler.log_command:Invoking command in '/home/mrg/dai_ws/build/depthai_filters': AMENT_PREFIX_PATH=/home/mrg/dai_ws/install/depthai_ros_msgs:${AMENT_PREFIX_PATH} CMAKE_PREFIX_PATH=/home/mrg/dai_ws/install/depthai_ros_msgs:/home/mrg/vrx_ws/install:/opt/ros/humble LD_LIBRARY_PATH=/home/mrg/dai_ws/install/depthai_ros_msgs/lib:${LD_LIBRARY_PATH} PYTHONPATH=/home/mrg/dai_ws/install/depthai_ros_msgs/local/lib/python3.10/dist-packages:${PYTHONPATH} /usr/bin/cmake --install /home/mrg/dai_ws/build/depthai_filters
[2.363s] DEBUG:colcon.colcon_core.event_handler.log_command:Invoking command in '/home/mrg/dai_ws/build/depthai_bridge': AMENT_PREFIX_PATH=/home/mrg/dai_ws/install/depthai_ros_msgs:${AMENT_PREFIX_PATH} CMAKE_PREFIX_PATH=/home/mrg/dai_ws/install/depthai_ros_msgs:/home/mrg/vrx_ws/install:/opt/ros/humble LD_LIBRARY_PATH=/home/mrg/dai_ws/install/depthai_ros_msgs/lib:${LD_LIBRARY_PATH} PYTHONPATH=/home/mrg/dai_ws/install/depthai_ros_msgs/local/lib/python3.10/dist-packages:${PYTHONPATH} /usr/bin/cmake --install /home/mrg/dai_ws/build/depthai_bridge
[2.373s] Level 1:colcon.colcon_core.environment:create_environment_scripts_only(depthai_filters)
[2.374s] Level 1:colcon.colcon_core.environment:checking '/home/mrg/dai_ws/install/depthai_filters' for CMake module files
[2.375s] DEBUG:colcon.colcon_core.event_handler.log_command:Invoked command in '/home/mrg/dai_ws/build/depthai_filters' returned '0': AMENT_PREFIX_PATH=/home/mrg/dai_ws/install/depthai_ros_msgs:${AMENT_PREFIX_PATH} CMAKE_PREFIX_PATH=/home/mrg/dai_ws/install/depthai_ros_msgs:/home/mrg/vrx_ws/install:/opt/ros/humble LD_LIBRARY_PATH=/home/mrg/dai_ws/install/depthai_ros_msgs/lib:${LD_LIBRARY_PATH} PYTHONPATH=/home/mrg/dai_ws/install/depthai_ros_msgs/local/lib/python3.10/dist-packages:${PYTHONPATH} /usr/bin/cmake --install /home/mrg/dai_ws/build/depthai_filters
[2.377s] Level 1:colcon.colcon_core.environment:checking '/home/mrg/dai_ws/install/depthai_filters' for CMake config files
[2.377s] Level 1:colcon.colcon_core.shell:create_environment_hook('depthai_filters', 'cmake_prefix_path')
[2.378s] INFO:colcon.colcon_core.shell:Creating environment hook '/home/mrg/dai_ws/install/depthai_filters/share/depthai_filters/hook/cmake_prefix_path.ps1'
[2.378s] INFO:colcon.colcon_core.shell:Creating environment descriptor '/home/mrg/dai_ws/install/depthai_filters/share/depthai_filters/hook/cmake_prefix_path.dsv'
[2.379s] INFO:colcon.colcon_core.shell:Creating environment hook '/home/mrg/dai_ws/install/depthai_filters/share/depthai_filters/hook/cmake_prefix_path.sh'
[2.380s] Level 1:colcon.colcon_core.environment:checking '/home/mrg/dai_ws/install/depthai_filters/lib'
[2.380s] Level 1:colcon.colcon_core.shell:create_environment_hook('depthai_filters', 'ld_library_path_lib')
[2.380s] INFO:colcon.colcon_core.shell:Creating environment hook '/home/mrg/dai_ws/install/depthai_filters/share/depthai_filters/hook/ld_library_path_lib.ps1'
[2.381s] INFO:colcon.colcon_core.shell:Creating environment descriptor '/home/mrg/dai_ws/install/depthai_filters/share/depthai_filters/hook/ld_library_path_lib.dsv'
[2.382s] INFO:colcon.colcon_core.shell:Creating environment hook '/home/mrg/dai_ws/install/depthai_filters/share/depthai_filters/hook/ld_library_path_lib.sh'
[2.382s] Level 1:colcon.colcon_core.environment:checking '/home/mrg/dai_ws/install/depthai_filters/bin'
[2.382s] Level 1:colcon.colcon_core.environment:checking '/home/mrg/dai_ws/install/depthai_filters/lib/pkgconfig/depthai_filters.pc'
[2.383s] Level 1:colcon.colcon_core.environment:checking '/home/mrg/dai_ws/install/depthai_filters/lib/python3.10/site-packages'
[2.383s] Level 1:colcon.colcon_core.environment:checking '/home/mrg/dai_ws/install/depthai_filters/bin'
[2.384s] INFO:colcon.colcon_core.shell:Creating package script '/home/mrg/dai_ws/install/depthai_filters/share/depthai_filters/package.ps1'
[2.384s] INFO:colcon.colcon_core.shell:Creating package descriptor '/home/mrg/dai_ws/install/depthai_filters/share/depthai_filters/package.dsv'
[2.386s] INFO:colcon.colcon_core.shell:Creating package script '/home/mrg/dai_ws/install/depthai_filters/share/depthai_filters/package.sh'
[2.388s] INFO:colcon.colcon_core.shell:Creating package script '/home/mrg/dai_ws/install/depthai_filters/share/depthai_filters/package.bash'
[2.388s] INFO:colcon.colcon_core.shell:Creating package script '/home/mrg/dai_ws/install/depthai_filters/share/depthai_filters/package.zsh'
[2.389s] Level 1:colcon.colcon_core.environment:create_file_with_runtime_dependencies(/home/mrg/dai_ws/install/depthai_filters/share/colcon-core/packages/depthai_filters)
[2.391s] Level 1:colcon.colcon_core.environment:create_environment_scripts_only(depthai_bridge)
[2.392s] Level 1:colcon.colcon_core.environment:checking '/home/mrg/dai_ws/install/depthai_bridge' for CMake module files
[2.392s] DEBUG:colcon.colcon_core.event_handler.log_command:Invoked command in '/home/mrg/dai_ws/build/depthai_bridge' returned '0': AMENT_PREFIX_PATH=/home/mrg/dai_ws/install/depthai_ros_msgs:${AMENT_PREFIX_PATH} CMAKE_PREFIX_PATH=/home/mrg/dai_ws/install/depthai_ros_msgs:/home/mrg/vrx_ws/install:/opt/ros/humble LD_LIBRARY_PATH=/home/mrg/dai_ws/install/depthai_ros_msgs/lib:${LD_LIBRARY_PATH} PYTHONPATH=/home/mrg/dai_ws/install/depthai_ros_msgs/local/lib/python3.10/dist-packages:${PYTHONPATH} /usr/bin/cmake --install /home/mrg/dai_ws/build/depthai_bridge
[2.393s] Level 1:colcon.colcon_core.environment:checking '/home/mrg/dai_ws/install/depthai_bridge' for CMake config files
[2.393s] Level 1:colcon.colcon_core.shell:create_environment_hook('depthai_bridge', 'cmake_prefix_path')
[2.394s] INFO:colcon.colcon_core.shell:Creating environment hook '/home/mrg/dai_ws/install/depthai_bridge/share/depthai_bridge/hook/cmake_prefix_path.ps1'
[2.395s] INFO:colcon.colcon_core.shell:Creating environment descriptor '/home/mrg/dai_ws/install/depthai_bridge/share/depthai_bridge/hook/cmake_prefix_path.dsv'
[2.395s] INFO:colcon.colcon_core.shell:Creating environment hook '/home/mrg/dai_ws/install/depthai_bridge/share/depthai_bridge/hook/cmake_prefix_path.sh'
[2.396s] Level 1:colcon.colcon_core.environment:checking '/home/mrg/dai_ws/install/depthai_bridge/lib'
[2.396s] Level 1:colcon.colcon_core.shell:create_environment_hook('depthai_bridge', 'ld_library_path_lib')
[2.396s] INFO:colcon.colcon_core.shell:Creating environment hook '/home/mrg/dai_ws/install/depthai_bridge/share/depthai_bridge/hook/ld_library_path_lib.ps1'
[2.397s] INFO:colcon.colcon_core.shell:Creating environment descriptor '/home/mrg/dai_ws/install/depthai_bridge/share/depthai_bridge/hook/ld_library_path_lib.dsv'
[2.397s] INFO:colcon.colcon_core.shell:Creating environment hook '/home/mrg/dai_ws/install/depthai_bridge/share/depthai_bridge/hook/ld_library_path_lib.sh'
[2.398s] Level 1:colcon.colcon_core.environment:checking '/home/mrg/dai_ws/install/depthai_bridge/bin'
[2.398s] Level 1:colcon.colcon_core.environment:checking '/home/mrg/dai_ws/install/depthai_bridge/lib/pkgconfig/depthai_bridge.pc'
[2.398s] Level 1:colcon.colcon_core.environment:checking '/home/mrg/dai_ws/install/depthai_bridge/lib/python3.10/site-packages'
[2.399s] Level 1:colcon.colcon_core.environment:checking '/home/mrg/dai_ws/install/depthai_bridge/bin'
[2.399s] INFO:colcon.colcon_core.shell:Creating package script '/home/mrg/dai_ws/install/depthai_bridge/share/depthai_bridge/package.ps1'
[2.400s] INFO:colcon.colcon_core.shell:Creating package descriptor '/home/mrg/dai_ws/install/depthai_bridge/share/depthai_bridge/package.dsv'
[2.401s] INFO:colcon.colcon_core.shell:Creating package script '/home/mrg/dai_ws/install/depthai_bridge/share/depthai_bridge/package.sh'
[2.402s] INFO:colcon.colcon_core.shell:Creating package script '/home/mrg/dai_ws/install/depthai_bridge/share/depthai_bridge/package.bash'
[2.403s] INFO:colcon.colcon_core.shell:Creating package script '/home/mrg/dai_ws/install/depthai_bridge/share/depthai_bridge/package.zsh'
[2.403s] Level 1:colcon.colcon_core.environment:create_file_with_runtime_dependencies(/home/mrg/dai_ws/install/depthai_bridge/share/colcon-core/packages/depthai_bridge)
[2.457s] Level 1:colcon.colcon_core.environment:create_environment_scripts_only(depthai_filters)
[2.457s] Level 1:colcon.colcon_core.environment:checking '/home/mrg/dai_ws/install/depthai_filters' for CMake module files
[2.458s] Level 1:colcon.colcon_core.environment:checking '/home/mrg/dai_ws/install/depthai_filters' for CMake config files
[2.458s] Level 1:colcon.colcon_core.shell:create_environment_hook('depthai_filters', 'cmake_prefix_path')
[2.458s] INFO:colcon.colcon_core.shell:Creating environment hook '/home/mrg/dai_ws/install/depthai_filters/share/depthai_filters/hook/cmake_prefix_path.ps1'
[2.459s] INFO:colcon.colcon_core.shell:Creating environment descriptor '/home/mrg/dai_ws/install/depthai_filters/share/depthai_filters/hook/cmake_prefix_path.dsv'
[2.459s] INFO:colcon.colcon_core.shell:Creating environment hook '/home/mrg/dai_ws/install/depthai_filters/share/depthai_filters/hook/cmake_prefix_path.sh'
[2.459s] Level 1:colcon.colcon_core.environment:checking '/home/mrg/dai_ws/install/depthai_filters/lib'
[2.459s] Level 1:colcon.colcon_core.shell:create_environment_hook('depthai_filters', 'ld_library_path_lib')
[2.460s] INFO:colcon.colcon_core.shell:Creating environment hook '/home/mrg/dai_ws/install/depthai_filters/share/depthai_filters/hook/ld_library_path_lib.ps1'
[2.460s] INFO:colcon.colcon_core.shell:Creating environment descriptor '/home/mrg/dai_ws/install/depthai_filters/share/depthai_filters/hook/ld_library_path_lib.dsv'
[2.460s] INFO:colcon.colcon_core.shell:Creating environment hook '/home/mrg/dai_ws/install/depthai_filters/share/depthai_filters/hook/ld_library_path_lib.sh'
[2.461s] Level 1:colcon.colcon_core.environment:checking '/home/mrg/dai_ws/install/depthai_filters/bin'
[2.461s] Level 1:colcon.colcon_core.environment:checking '/home/mrg/dai_ws/install/depthai_filters/lib/pkgconfig/depthai_filters.pc'
[2.461s] Level 1:colcon.colcon_core.environment:checking '/home/mrg/dai_ws/install/depthai_filters/lib/python3.10/site-packages'
[2.461s] Level 1:colcon.colcon_core.environment:checking '/home/mrg/dai_ws/install/depthai_filters/bin'
[2.461s] INFO:colcon.colcon_core.shell:Creating package script '/home/mrg/dai_ws/install/depthai_filters/share/depthai_filters/package.ps1'
[2.462s] INFO:colcon.colcon_core.shell:Creating package descriptor '/home/mrg/dai_ws/install/depthai_filters/share/depthai_filters/package.dsv'
[2.462s] INFO:colcon.colcon_core.shell:Creating package script '/home/mrg/dai_ws/install/depthai_filters/share/depthai_filters/package.sh'
[2.462s] INFO:colcon.colcon_core.shell:Creating package script '/home/mrg/dai_ws/install/depthai_filters/share/depthai_filters/package.bash'
[2.463s] INFO:colcon.colcon_core.shell:Creating package script '/home/mrg/dai_ws/install/depthai_filters/share/depthai_filters/package.zsh'
[2.463s] Level 1:colcon.colcon_core.environment:create_file_with_runtime_dependencies(/home/mrg/dai_ws/install/depthai_filters/share/colcon-core/packages/depthai_filters)
[2.473s] Level 1:colcon.colcon_core.environment:create_environment_scripts_only(depthai_bridge)
[2.474s] Level 1:colcon.colcon_core.environment:checking '/home/mrg/dai_ws/install/depthai_bridge' for CMake module files
[2.474s] Level 1:colcon.colcon_core.environment:checking '/home/mrg/dai_ws/install/depthai_bridge' for CMake config files
[2.474s] Level 1:colcon.colcon_core.shell:create_environment_hook('depthai_bridge', 'cmake_prefix_path')
[2.474s] INFO:colcon.colcon_core.shell:Creating environment hook '/home/mrg/dai_ws/install/depthai_bridge/share/depthai_bridge/hook/cmake_prefix_path.ps1'
[2.475s] INFO:colcon.colcon_core.shell:Creating environment descriptor '/home/mrg/dai_ws/install/depthai_bridge/share/depthai_bridge/hook/cmake_prefix_path.dsv'
[2.475s] INFO:colcon.colcon_core.shell:Creating environment hook '/home/mrg/dai_ws/install/depthai_bridge/share/depthai_bridge/hook/cmake_prefix_path.sh'
[2.476s] Level 1:colcon.colcon_core.environment:checking '/home/mrg/dai_ws/install/depthai_bridge/lib'
[2.476s] Level 1:colcon.colcon_core.shell:create_environment_hook('depthai_bridge', 'ld_library_path_lib')
[2.476s] INFO:colcon.colcon_core.shell:Creating environment hook '/home/mrg/dai_ws/install/depthai_bridge/share/depthai_bridge/hook/ld_library_path_lib.ps1'
[2.476s] INFO:colcon.colcon_core.shell:Creating environment descriptor '/home/mrg/dai_ws/install/depthai_bridge/share/depthai_bridge/hook/ld_library_path_lib.dsv'
[2.476s] INFO:colcon.colcon_core.shell:Creating environment hook '/home/mrg/dai_ws/install/depthai_bridge/share/depthai_bridge/hook/ld_library_path_lib.sh'
[2.477s] Level 1:colcon.colcon_core.environment:checking '/home/mrg/dai_ws/install/depthai_bridge/bin'
[2.477s] Level 1:colcon.colcon_core.environment:checking '/home/mrg/dai_ws/install/depthai_bridge/lib/pkgconfig/depthai_bridge.pc'
[2.477s] Level 1:colcon.colcon_core.environment:checking '/home/mrg/dai_ws/install/depthai_bridge/lib/python3.10/site-packages'
[2.477s] Level 1:colcon.colcon_core.environment:checking '/home/mrg/dai_ws/install/depthai_bridge/bin'
[2.477s] INFO:colcon.colcon_core.shell:Creating package script '/home/mrg/dai_ws/install/depthai_bridge/share/depthai_bridge/package.ps1'
[2.478s] INFO:colcon.colcon_core.shell:Creating package descriptor '/home/mrg/dai_ws/install/depthai_bridge/share/depthai_bridge/package.dsv'
[2.478s] INFO:colcon.colcon_core.shell:Creating package script '/home/mrg/dai_ws/install/depthai_bridge/share/depthai_bridge/package.sh'
[2.478s] INFO:colcon.colcon_core.shell:Creating package script '/home/mrg/dai_ws/install/depthai_bridge/share/depthai_bridge/package.bash'
[2.478s] INFO:colcon.colcon_core.shell:Creating package script '/home/mrg/dai_ws/install/depthai_bridge/share/depthai_bridge/package.zsh'
[2.479s] Level 1:colcon.colcon_core.environment:create_file_with_runtime_dependencies(/home/mrg/dai_ws/install/depthai_bridge/share/colcon-core/packages/depthai_bridge)
[2.479s] INFO:colcon.colcon_ros.task.ament_cmake.build:Building ROS package in '/home/mrg/dai_ws/src/depthai-ros/depthai_examples' with build type 'ament_cmake'
[2.479s] INFO:colcon.colcon_cmake.task.cmake.build:Building CMake package in '/home/mrg/dai_ws/src/depthai-ros/depthai_examples'
[2.480s] INFO:colcon.colcon_core.shell:Skip shell extension 'powershell' for command environment: Not usable outside of PowerShell
[2.480s] DEBUG:colcon.colcon_core.shell:Skip shell extension 'dsv' for command environment
[2.498s] DEBUG:colcon.colcon_core.event_handler.log_command:Invoking command in '/home/mrg/dai_ws/build/depthai_examples': AMENT_PREFIX_PATH=/home/mrg/dai_ws/install/depthai_bridge:/home/mrg/dai_ws/install/depthai_ros_msgs:/home/mrg/dai_ws/install/depthai_descriptions:${AMENT_PREFIX_PATH} CMAKE_PREFIX_PATH=/home/mrg/dai_ws/install/depthai_bridge:/home/mrg/dai_ws/install/depthai_ros_msgs:/home/mrg/dai_ws/install/depthai_descriptions:/home/mrg/vrx_ws/install:/opt/ros/humble GAZEBO_MODEL_PATH=/home/mrg/dai_ws/install/depthai_descriptions GAZEBO_RESOURCE_PATH=/home/mrg/dai_ws/install/depthai_descriptions IGN_GAZEBO_MODEL_PATH=/home/mrg/dai_ws/install/depthai_descriptions IGN_GAZEBO_RESOURCE_PATH=/home/mrg/dai_ws/install/depthai_descriptions LD_LIBRARY_PATH=/home/mrg/dai_ws/install/depthai_bridge/lib:/home/mrg/dai_ws/install/depthai_ros_msgs/lib:${LD_LIBRARY_PATH} PYTHONPATH=/home/mrg/dai_ws/install/depthai_ros_msgs/local/lib/python3.10/dist-packages:${PYTHONPATH} /usr/bin/cmake --build /home/mrg/dai_ws/build/depthai_examples -- -j16 -l16
[2.601s] DEBUG:colcon.colcon_core.event_handler.log_command:Invoked command in '/home/mrg/dai_ws/build/depthai_examples' returned '0': AMENT_PREFIX_PATH=/home/mrg/dai_ws/install/depthai_bridge:/home/mrg/dai_ws/install/depthai_ros_msgs:/home/mrg/dai_ws/install/depthai_descriptions:${AMENT_PREFIX_PATH} CMAKE_PREFIX_PATH=/home/mrg/dai_ws/install/depthai_bridge:/home/mrg/dai_ws/install/depthai_ros_msgs:/home/mrg/dai_ws/install/depthai_descriptions:/home/mrg/vrx_ws/install:/opt/ros/humble GAZEBO_MODEL_PATH=/home/mrg/dai_ws/install/depthai_descriptions GAZEBO_RESOURCE_PATH=/home/mrg/dai_ws/install/depthai_descriptions IGN_GAZEBO_MODEL_PATH=/home/mrg/dai_ws/install/depthai_descriptions IGN_GAZEBO_RESOURCE_PATH=/home/mrg/dai_ws/install/depthai_descriptions LD_LIBRARY_PATH=/home/mrg/dai_ws/install/depthai_bridge/lib:/home/mrg/dai_ws/install/depthai_ros_msgs/lib:${LD_LIBRARY_PATH} PYTHONPATH=/home/mrg/dai_ws/install/depthai_ros_msgs/local/lib/python3.10/dist-packages:${PYTHONPATH} /usr/bin/cmake --build /home/mrg/dai_ws/build/depthai_examples -- -j16 -l16
[2.671s] DEBUG:colcon.colcon_core.event_handler.log_command:Invoking command in '/home/mrg/dai_ws/build/depthai_examples': AMENT_PREFIX_PATH=/home/mrg/dai_ws/install/depthai_bridge:/home/mrg/dai_ws/install/depthai_ros_msgs:/home/mrg/dai_ws/install/depthai_descriptions:${AMENT_PREFIX_PATH} CMAKE_PREFIX_PATH=/home/mrg/dai_ws/install/depthai_bridge:/home/mrg/dai_ws/install/depthai_ros_msgs:/home/mrg/dai_ws/install/depthai_descriptions:/home/mrg/vrx_ws/install:/opt/ros/humble GAZEBO_MODEL_PATH=/home/mrg/dai_ws/install/depthai_descriptions GAZEBO_RESOURCE_PATH=/home/mrg/dai_ws/install/depthai_descriptions IGN_GAZEBO_MODEL_PATH=/home/mrg/dai_ws/install/depthai_descriptions IGN_GAZEBO_RESOURCE_PATH=/home/mrg/dai_ws/install/depthai_descriptions LD_LIBRARY_PATH=/home/mrg/dai_ws/install/depthai_bridge/lib:/home/mrg/dai_ws/install/depthai_ros_msgs/lib:${LD_LIBRARY_PATH} PYTHONPATH=/home/mrg/dai_ws/install/depthai_ros_msgs/local/lib/python3.10/dist-packages:${PYTHONPATH} /usr/bin/cmake --install /home/mrg/dai_ws/build/depthai_examples
[2.698s] Level 1:colcon.colcon_core.environment:create_environment_scripts_only(depthai_examples)
[2.698s] Level 1:colcon.colcon_core.environment:checking '/home/mrg/dai_ws/install/depthai_examples' for CMake module files
[2.698s] DEBUG:colcon.colcon_core.event_handler.log_command:Invoked command in '/home/mrg/dai_ws/build/depthai_examples' returned '0': AMENT_PREFIX_PATH=/home/mrg/dai_ws/install/depthai_bridge:/home/mrg/dai_ws/install/depthai_ros_msgs:/home/mrg/dai_ws/install/depthai_descriptions:${AMENT_PREFIX_PATH} CMAKE_PREFIX_PATH=/home/mrg/dai_ws/install/depthai_bridge:/home/mrg/dai_ws/install/depthai_ros_msgs:/home/mrg/dai_ws/install/depthai_descriptions:/home/mrg/vrx_ws/install:/opt/ros/humble GAZEBO_MODEL_PATH=/home/mrg/dai_ws/install/depthai_descriptions GAZEBO_RESOURCE_PATH=/home/mrg/dai_ws/install/depthai_descriptions IGN_GAZEBO_MODEL_PATH=/home/mrg/dai_ws/install/depthai_descriptions IGN_GAZEBO_RESOURCE_PATH=/home/mrg/dai_ws/install/depthai_descriptions LD_LIBRARY_PATH=/home/mrg/dai_ws/install/depthai_bridge/lib:/home/mrg/dai_ws/install/depthai_ros_msgs/lib:${LD_LIBRARY_PATH} PYTHONPATH=/home/mrg/dai_ws/install/depthai_ros_msgs/local/lib/python3.10/dist-packages:${PYTHONPATH} /usr/bin/cmake --install /home/mrg/dai_ws/build/depthai_examples
[2.699s] Level 1:colcon.colcon_core.environment:checking '/home/mrg/dai_ws/install/depthai_examples' for CMake config files
[2.699s] Level 1:colcon.colcon_core.shell:create_environment_hook('depthai_examples', 'cmake_prefix_path')
[2.700s] INFO:colcon.colcon_core.shell:Creating environment hook '/home/mrg/dai_ws/install/depthai_examples/share/depthai_examples/hook/cmake_prefix_path.ps1'
[2.700s] INFO:colcon.colcon_core.shell:Creating environment descriptor '/home/mrg/dai_ws/install/depthai_examples/share/depthai_examples/hook/cmake_prefix_path.dsv'
[2.700s] INFO:colcon.colcon_core.shell:Creating environment hook '/home/mrg/dai_ws/install/depthai_examples/share/depthai_examples/hook/cmake_prefix_path.sh'
[2.701s] Level 1:colcon.colcon_core.environment:checking '/home/mrg/dai_ws/install/depthai_examples/lib'
[2.701s] Level 1:colcon.colcon_core.environment:checking '/home/mrg/dai_ws/install/depthai_examples/bin'
[2.701s] Level 1:colcon.colcon_core.environment:checking '/home/mrg/dai_ws/install/depthai_examples/lib/pkgconfig/depthai_examples.pc'
[2.701s] Level 1:colcon.colcon_core.environment:checking '/home/mrg/dai_ws/install/depthai_examples/lib/python3.10/site-packages'
[2.701s] Level 1:colcon.colcon_core.environment:checking '/home/mrg/dai_ws/install/depthai_examples/bin'
[2.702s] INFO:colcon.colcon_core.shell:Creating package script '/home/mrg/dai_ws/install/depthai_examples/share/depthai_examples/package.ps1'
[2.702s] INFO:colcon.colcon_core.shell:Creating package descriptor '/home/mrg/dai_ws/install/depthai_examples/share/depthai_examples/package.dsv'
[2.703s] INFO:colcon.colcon_core.shell:Creating package script '/home/mrg/dai_ws/install/depthai_examples/share/depthai_examples/package.sh'
[2.703s] INFO:colcon.colcon_core.shell:Creating package script '/home/mrg/dai_ws/install/depthai_examples/share/depthai_examples/package.bash'
[2.703s] INFO:colcon.colcon_core.shell:Creating package script '/home/mrg/dai_ws/install/depthai_examples/share/depthai_examples/package.zsh'
[2.703s] Level 1:colcon.colcon_core.environment:create_file_with_runtime_dependencies(/home/mrg/dai_ws/install/depthai_examples/share/colcon-core/packages/depthai_examples)
[2.773s] Level 1:colcon.colcon_core.environment:create_environment_scripts_only(depthai_examples)
[2.774s] Level 1:colcon.colcon_core.environment:checking '/home/mrg/dai_ws/install/depthai_examples' for CMake module files
[2.774s] Level 1:colcon.colcon_core.environment:checking '/home/mrg/dai_ws/install/depthai_examples' for CMake config files
[2.775s] Level 1:colcon.colcon_core.shell:create_environment_hook('depthai_examples', 'cmake_prefix_path')
[2.775s] INFO:colcon.colcon_core.shell:Creating environment hook '/home/mrg/dai_ws/install/depthai_examples/share/depthai_examples/hook/cmake_prefix_path.ps1'
[2.775s] INFO:colcon.colcon_core.shell:Creating environment descriptor '/home/mrg/dai_ws/install/depthai_examples/share/depthai_examples/hook/cmake_prefix_path.dsv'
[2.776s] INFO:colcon.colcon_core.shell:Creating environment hook '/home/mrg/dai_ws/install/depthai_examples/share/depthai_examples/hook/cmake_prefix_path.sh'
[2.776s] Level 1:colcon.colcon_core.environment:checking '/home/mrg/dai_ws/install/depthai_examples/lib'
[2.776s] Level 1:colcon.colcon_core.environment:checking '/home/mrg/dai_ws/install/depthai_examples/bin'
[2.776s] Level 1:colcon.colcon_core.environment:checking '/home/mrg/dai_ws/install/depthai_examples/lib/pkgconfig/depthai_examples.pc'
[2.776s] Level 1:colcon.colcon_core.environment:checking '/home/mrg/dai_ws/install/depthai_examples/lib/python3.10/site-packages'
[2.777s] Level 1:colcon.colcon_core.environment:checking '/home/mrg/dai_ws/install/depthai_examples/bin'
[2.777s] INFO:colcon.colcon_core.shell:Creating package script '/home/mrg/dai_ws/install/depthai_examples/share/depthai_examples/package.ps1'
[2.777s] INFO:colcon.colcon_core.shell:Creating package descriptor '/home/mrg/dai_ws/install/depthai_examples/share/depthai_examples/package.dsv'
[2.778s] INFO:colcon.colcon_core.shell:Creating package script '/home/mrg/dai_ws/install/depthai_examples/share/depthai_examples/package.sh'
[2.778s] INFO:colcon.colcon_core.shell:Creating package script '/home/mrg/dai_ws/install/depthai_examples/share/depthai_examples/package.bash'
[2.779s] INFO:colcon.colcon_core.shell:Creating package script '/home/mrg/dai_ws/install/depthai_examples/share/depthai_examples/package.zsh'
[2.779s] Level 1:colcon.colcon_core.environment:create_file_with_runtime_dependencies(/home/mrg/dai_ws/install/depthai_examples/share/colcon-core/packages/depthai_examples)
[2.779s] INFO:colcon.colcon_ros.task.ament_cmake.build:Building ROS package in '/home/mrg/dai_ws/src/depthai-ros/depthai_ros_driver' with build type 'ament_cmake'
[2.779s] INFO:colcon.colcon_cmake.task.cmake.build:Building CMake package in '/home/mrg/dai_ws/src/depthai-ros/depthai_ros_driver'
[2.780s] INFO:colcon.colcon_core.shell:Skip shell extension 'powershell' for command environment: Not usable outside of PowerShell
[2.780s] DEBUG:colcon.colcon_core.shell:Skip shell extension 'dsv' for command environment
[2.801s] DEBUG:colcon.colcon_core.event_handler.log_command:Invoking command in '/home/mrg/dai_ws/build/depthai_ros_driver': AMENT_PREFIX_PATH=/home/mrg/dai_ws/install/depthai_examples:/home/mrg/dai_ws/install/depthai_bridge:/home/mrg/dai_ws/install/depthai_ros_msgs:/home/mrg/dai_ws/install/depthai_descriptions:${AMENT_PREFIX_PATH} CMAKE_PREFIX_PATH=/home/mrg/dai_ws/install/depthai_examples:/home/mrg/dai_ws/install/depthai_bridge:/home/mrg/dai_ws/install/depthai_ros_msgs:/home/mrg/dai_ws/install/depthai_descriptions:/home/mrg/vrx_ws/install:/opt/ros/humble GAZEBO_MODEL_PATH=/home/mrg/dai_ws/install/depthai_descriptions GAZEBO_RESOURCE_PATH=/home/mrg/dai_ws/install/depthai_descriptions IGN_GAZEBO_MODEL_PATH=/home/mrg/dai_ws/install/depthai_descriptions IGN_GAZEBO_RESOURCE_PATH=/home/mrg/dai_ws/install/depthai_descriptions LD_LIBRARY_PATH=/home/mrg/dai_ws/install/depthai_bridge/lib:/home/mrg/dai_ws/install/depthai_ros_msgs/lib:${LD_LIBRARY_PATH} PYTHONPATH=/home/mrg/dai_ws/install/depthai_ros_msgs/local/lib/python3.10/dist-packages:${PYTHONPATH} /usr/bin/cmake --build /home/mrg/dai_ws/build/depthai_ros_driver -- -j16 -l16
[16.575s] DEBUG:colcon.colcon_core.event_handler.log_command:Invoked command in '/home/mrg/dai_ws/build/depthai_ros_driver' returned '0': AMENT_PREFIX_PATH=/home/mrg/dai_ws/install/depthai_examples:/home/mrg/dai_ws/install/depthai_bridge:/home/mrg/dai_ws/install/depthai_ros_msgs:/home/mrg/dai_ws/install/depthai_descriptions:${AMENT_PREFIX_PATH} CMAKE_PREFIX_PATH=/home/mrg/dai_ws/install/depthai_examples:/home/mrg/dai_ws/install/depthai_bridge:/home/mrg/dai_ws/install/depthai_ros_msgs:/home/mrg/dai_ws/install/depthai_descriptions:/home/mrg/vrx_ws/install:/opt/ros/humble GAZEBO_MODEL_PATH=/home/mrg/dai_ws/install/depthai_descriptions GAZEBO_RESOURCE_PATH=/home/mrg/dai_ws/install/depthai_descriptions IGN_GAZEBO_MODEL_PATH=/home/mrg/dai_ws/install/depthai_descriptions IGN_GAZEBO_RESOURCE_PATH=/home/mrg/dai_ws/install/depthai_descriptions LD_LIBRARY_PATH=/home/mrg/dai_ws/install/depthai_bridge/lib:/home/mrg/dai_ws/install/depthai_ros_msgs/lib:${LD_LIBRARY_PATH} PYTHONPATH=/home/mrg/dai_ws/install/depthai_ros_msgs/local/lib/python3.10/dist-packages:${PYTHONPATH} /usr/bin/cmake --build /home/mrg/dai_ws/build/depthai_ros_driver -- -j16 -l16
[16.758s] DEBUG:colcon.colcon_core.event_handler.log_command:Invoking command in '/home/mrg/dai_ws/build/depthai_ros_driver': AMENT_PREFIX_PATH=/home/mrg/dai_ws/install/depthai_examples:/home/mrg/dai_ws/install/depthai_bridge:/home/mrg/dai_ws/install/depthai_ros_msgs:/home/mrg/dai_ws/install/depthai_descriptions:${AMENT_PREFIX_PATH} CMAKE_PREFIX_PATH=/home/mrg/dai_ws/install/depthai_examples:/home/mrg/dai_ws/install/depthai_bridge:/home/mrg/dai_ws/install/depthai_ros_msgs:/home/mrg/dai_ws/install/depthai_descriptions:/home/mrg/vrx_ws/install:/opt/ros/humble GAZEBO_MODEL_PATH=/home/mrg/dai_ws/install/depthai_descriptions GAZEBO_RESOURCE_PATH=/home/mrg/dai_ws/install/depthai_descriptions IGN_GAZEBO_MODEL_PATH=/home/mrg/dai_ws/install/depthai_descriptions IGN_GAZEBO_RESOURCE_PATH=/home/mrg/dai_ws/install/depthai_descriptions LD_LIBRARY_PATH=/home/mrg/dai_ws/install/depthai_bridge/lib:/home/mrg/dai_ws/install/depthai_ros_msgs/lib:${LD_LIBRARY_PATH} PYTHONPATH=/home/mrg/dai_ws/install/depthai_ros_msgs/local/lib/python3.10/dist-packages:${PYTHONPATH} /usr/bin/cmake --install /home/mrg/dai_ws/build/depthai_ros_driver
[16.910s] Level 1:colcon.colcon_core.environment:create_environment_scripts_only(depthai_ros_driver)
[16.910s] Level 1:colcon.colcon_core.environment:checking '/home/mrg/dai_ws/install/depthai_ros_driver' for CMake module files
[16.911s] DEBUG:colcon.colcon_core.event_handler.log_command:Invoked command in '/home/mrg/dai_ws/build/depthai_ros_driver' returned '0': AMENT_PREFIX_PATH=/home/mrg/dai_ws/install/depthai_examples:/home/mrg/dai_ws/install/depthai_bridge:/home/mrg/dai_ws/install/depthai_ros_msgs:/home/mrg/dai_ws/install/depthai_descriptions:${AMENT_PREFIX_PATH} CMAKE_PREFIX_PATH=/home/mrg/dai_ws/install/depthai_examples:/home/mrg/dai_ws/install/depthai_bridge:/home/mrg/dai_ws/install/depthai_ros_msgs:/home/mrg/dai_ws/install/depthai_descriptions:/home/mrg/vrx_ws/install:/opt/ros/humble GAZEBO_MODEL_PATH=/home/mrg/dai_ws/install/depthai_descriptions GAZEBO_RESOURCE_PATH=/home/mrg/dai_ws/install/depthai_descriptions IGN_GAZEBO_MODEL_PATH=/home/mrg/dai_ws/install/depthai_descriptions IGN_GAZEBO_RESOURCE_PATH=/home/mrg/dai_ws/install/depthai_descriptions LD_LIBRARY_PATH=/home/mrg/dai_ws/install/depthai_bridge/lib:/home/mrg/dai_ws/install/depthai_ros_msgs/lib:${LD_LIBRARY_PATH} PYTHONPATH=/home/mrg/dai_ws/install/depthai_ros_msgs/local/lib/python3.10/dist-packages:${PYTHONPATH} /usr/bin/cmake --install /home/mrg/dai_ws/build/depthai_ros_driver
[16.912s] Level 1:colcon.colcon_core.environment:checking '/home/mrg/dai_ws/install/depthai_ros_driver' for CMake config files
[16.914s] Level 1:colcon.colcon_core.shell:create_environment_hook('depthai_ros_driver', 'cmake_prefix_path')
[16.914s] INFO:colcon.colcon_core.shell:Creating environment hook '/home/mrg/dai_ws/install/depthai_ros_driver/share/depthai_ros_driver/hook/cmake_prefix_path.ps1'
[16.915s] INFO:colcon.colcon_core.shell:Creating environment descriptor '/home/mrg/dai_ws/install/depthai_ros_driver/share/depthai_ros_driver/hook/cmake_prefix_path.dsv'
[16.915s] INFO:colcon.colcon_core.shell:Creating environment hook '/home/mrg/dai_ws/install/depthai_ros_driver/share/depthai_ros_driver/hook/cmake_prefix_path.sh'
[16.916s] Level 1:colcon.colcon_core.environment:checking '/home/mrg/dai_ws/install/depthai_ros_driver/lib'
[16.916s] Level 1:colcon.colcon_core.shell:create_environment_hook('depthai_ros_driver', 'ld_library_path_lib')
[16.917s] INFO:colcon.colcon_core.shell:Creating environment hook '/home/mrg/dai_ws/install/depthai_ros_driver/share/depthai_ros_driver/hook/ld_library_path_lib.ps1'
[16.917s] INFO:colcon.colcon_core.shell:Creating environment descriptor '/home/mrg/dai_ws/install/depthai_ros_driver/share/depthai_ros_driver/hook/ld_library_path_lib.dsv'
[16.918s] INFO:colcon.colcon_core.shell:Creating environment hook '/home/mrg/dai_ws/install/depthai_ros_driver/share/depthai_ros_driver/hook/ld_library_path_lib.sh'
[16.918s] Level 1:colcon.colcon_core.environment:checking '/home/mrg/dai_ws/install/depthai_ros_driver/bin'
[16.918s] Level 1:colcon.colcon_core.environment:checking '/home/mrg/dai_ws/install/depthai_ros_driver/lib/pkgconfig/depthai_ros_driver.pc'
[16.919s] Level 1:colcon.colcon_core.environment:checking '/home/mrg/dai_ws/install/depthai_ros_driver/lib/python3.10/site-packages'
[16.919s] Level 1:colcon.colcon_core.environment:checking '/home/mrg/dai_ws/install/depthai_ros_driver/bin'
[16.919s] INFO:colcon.colcon_core.shell:Creating package script '/home/mrg/dai_ws/install/depthai_ros_driver/share/depthai_ros_driver/package.ps1'
[16.920s] INFO:colcon.colcon_core.shell:Creating package descriptor '/home/mrg/dai_ws/install/depthai_ros_driver/share/depthai_ros_driver/package.dsv'
[16.921s] INFO:colcon.colcon_core.shell:Creating package script '/home/mrg/dai_ws/install/depthai_ros_driver/share/depthai_ros_driver/package.sh'
[16.921s] INFO:colcon.colcon_core.shell:Creating package script '/home/mrg/dai_ws/install/depthai_ros_driver/share/depthai_ros_driver/package.bash'
[16.922s] INFO:colcon.colcon_core.shell:Creating package script '/home/mrg/dai_ws/install/depthai_ros_driver/share/depthai_ros_driver/package.zsh'
[16.922s] Level 1:colcon.colcon_core.environment:create_file_with_runtime_dependencies(/home/mrg/dai_ws/install/depthai_ros_driver/share/colcon-core/packages/depthai_ros_driver)
[17.037s] Level 1:colcon.colcon_core.environment:create_environment_scripts_only(depthai_ros_driver)
[17.038s] Level 1:colcon.colcon_core.environment:checking '/home/mrg/dai_ws/install/depthai_ros_driver' for CMake module files
[17.039s] Level 1:colcon.colcon_core.environment:checking '/home/mrg/dai_ws/install/depthai_ros_driver' for CMake config files
[17.040s] Level 1:colcon.colcon_core.shell:create_environment_hook('depthai_ros_driver', 'cmake_prefix_path')
[17.041s] INFO:colcon.colcon_core.shell:Creating environment hook '/home/mrg/dai_ws/install/depthai_ros_driver/share/depthai_ros_driver/hook/cmake_prefix_path.ps1'
[17.041s] INFO:colcon.colcon_core.shell:Creating environment descriptor '/home/mrg/dai_ws/install/depthai_ros_driver/share/depthai_ros_driver/hook/cmake_prefix_path.dsv'
[17.042s] INFO:colcon.colcon_core.shell:Creating environment hook '/home/mrg/dai_ws/install/depthai_ros_driver/share/depthai_ros_driver/hook/cmake_prefix_path.sh'
[17.043s] Level 1:colcon.colcon_core.environment:checking '/home/mrg/dai_ws/install/depthai_ros_driver/lib'
[17.043s] Level 1:colcon.colcon_core.shell:create_environment_hook('depthai_ros_driver', 'ld_library_path_lib')
[17.044s] INFO:colcon.colcon_core.shell:Creating environment hook '/home/mrg/dai_ws/install/depthai_ros_driver/share/depthai_ros_driver/hook/ld_library_path_lib.ps1'
[17.045s] INFO:colcon.colcon_core.shell:Creating environment descriptor '/home/mrg/dai_ws/install/depthai_ros_driver/share/depthai_ros_driver/hook/ld_library_path_lib.dsv'
[17.045s] INFO:colcon.colcon_core.shell:Creating environment hook '/home/mrg/dai_ws/install/depthai_ros_driver/share/depthai_ros_driver/hook/ld_library_path_lib.sh'
[17.046s] Level 1:colcon.colcon_core.environment:checking '/home/mrg/dai_ws/install/depthai_ros_driver/bin'
[17.046s] Level 1:colcon.colcon_core.environment:checking '/home/mrg/dai_ws/install/depthai_ros_driver/lib/pkgconfig/depthai_ros_driver.pc'
[17.047s] Level 1:colcon.colcon_core.environment:checking '/home/mrg/dai_ws/install/depthai_ros_driver/lib/python3.10/site-packages'
[17.047s] Level 1:colcon.colcon_core.environment:checking '/home/mrg/dai_ws/install/depthai_ros_driver/bin'
[17.048s] INFO:colcon.colcon_core.shell:Creating package script '/home/mrg/dai_ws/install/depthai_ros_driver/share/depthai_ros_driver/package.ps1'
[17.049s] INFO:colcon.colcon_core.shell:Creating package descriptor '/home/mrg/dai_ws/install/depthai_ros_driver/share/depthai_ros_driver/package.dsv'
[17.050s] INFO:colcon.colcon_core.shell:Creating package script '/home/mrg/dai_ws/install/depthai_ros_driver/share/depthai_ros_driver/package.sh'
[17.051s] INFO:colcon.colcon_core.shell:Creating package script '/home/mrg/dai_ws/install/depthai_ros_driver/share/depthai_ros_driver/package.bash'
[17.052s] INFO:colcon.colcon_core.shell:Creating package script '/home/mrg/dai_ws/install/depthai_ros_driver/share/depthai_ros_driver/package.zsh'
[17.053s] Level 1:colcon.colcon_core.environment:create_file_with_runtime_dependencies(/home/mrg/dai_ws/install/depthai_ros_driver/share/colcon-core/packages/depthai_ros_driver)
[17.053s] INFO:colcon.colcon_ros.task.ament_cmake.build:Building ROS package in '/home/mrg/dai_ws/src/depthai-ros/depthai-ros' with build type 'ament_cmake'
[17.054s] INFO:colcon.colcon_cmake.task.cmake.build:Building CMake package in '/home/mrg/dai_ws/src/depthai-ros/depthai-ros'
[17.054s] INFO:colcon.colcon_core.shell:Skip shell extension 'powershell' for command environment: Not usable outside of PowerShell
[17.055s] DEBUG:colcon.colcon_core.shell:Skip shell extension 'dsv' for command environment
[17.091s] DEBUG:colcon.colcon_core.event_handler.log_command:Invoking command in '/home/mrg/dai_ws/build/depthai-ros': AMENT_PREFIX_PATH=/home/mrg/dai_ws/install/depthai_ros_driver:/home/mrg/dai_ws/install/depthai_examples:/home/mrg/dai_ws/install/depthai_filters:/home/mrg/dai_ws/install/depthai_bridge:/home/mrg/dai_ws/install/depthai_ros_msgs:/home/mrg/dai_ws/install/depthai_descriptions:${AMENT_PREFIX_PATH} CMAKE_PREFIX_PATH=/home/mrg/dai_ws/install/depthai_ros_driver:/home/mrg/dai_ws/install/depthai_examples:/home/mrg/dai_ws/install/depthai_filters:/home/mrg/dai_ws/install/depthai_bridge:/home/mrg/dai_ws/install/depthai_ros_msgs:/home/mrg/dai_ws/install/depthai_descriptions:/home/mrg/vrx_ws/install:/opt/ros/humble GAZEBO_MODEL_PATH=/home/mrg/dai_ws/install/depthai_descriptions GAZEBO_RESOURCE_PATH=/home/mrg/dai_ws/install/depthai_descriptions IGN_GAZEBO_MODEL_PATH=/home/mrg/dai_ws/install/depthai_descriptions IGN_GAZEBO_RESOURCE_PATH=/home/mrg/dai_ws/install/depthai_descriptions LD_LIBRARY_PATH=/home/mrg/dai_ws/install/depthai_ros_driver/lib:/home/mrg/dai_ws/install/depthai_filters/lib:/home/mrg/dai_ws/install/depthai_bridge/lib:/home/mrg/dai_ws/install/depthai_ros_msgs/lib:${LD_LIBRARY_PATH} PYTHONPATH=/home/mrg/dai_ws/install/depthai_ros_driver/local/lib/python3.10/dist-packages:/home/mrg/dai_ws/install/depthai_ros_msgs/local/lib/python3.10/dist-packages:${PYTHONPATH} /usr/bin/cmake --build /home/mrg/dai_ws/build/depthai-ros -- -j16 -l16
[17.178s] DEBUG:colcon.colcon_core.event_handler.log_command:Invoked command in '/home/mrg/dai_ws/build/depthai-ros' returned '0': AMENT_PREFIX_PATH=/home/mrg/dai_ws/install/depthai_ros_driver:/home/mrg/dai_ws/install/depthai_examples:/home/mrg/dai_ws/install/depthai_filters:/home/mrg/dai_ws/install/depthai_bridge:/home/mrg/dai_ws/install/depthai_ros_msgs:/home/mrg/dai_ws/install/depthai_descriptions:${AMENT_PREFIX_PATH} CMAKE_PREFIX_PATH=/home/mrg/dai_ws/install/depthai_ros_driver:/home/mrg/dai_ws/install/depthai_examples:/home/mrg/dai_ws/install/depthai_filters:/home/mrg/dai_ws/install/depthai_bridge:/home/mrg/dai_ws/install/depthai_ros_msgs:/home/mrg/dai_ws/install/depthai_descriptions:/home/mrg/vrx_ws/install:/opt/ros/humble GAZEBO_MODEL_PATH=/home/mrg/dai_ws/install/depthai_descriptions GAZEBO_RESOURCE_PATH=/home/mrg/dai_ws/install/depthai_descriptions IGN_GAZEBO_MODEL_PATH=/home/mrg/dai_ws/install/depthai_descriptions IGN_GAZEBO_RESOURCE_PATH=/home/mrg/dai_ws/install/depthai_descriptions LD_LIBRARY_PATH=/home/mrg/dai_ws/install/depthai_ros_driver/lib:/home/mrg/dai_ws/install/depthai_filters/lib:/home/mrg/dai_ws/install/depthai_bridge/lib:/home/mrg/dai_ws/install/depthai_ros_msgs/lib:${LD_LIBRARY_PATH} PYTHONPATH=/home/mrg/dai_ws/install/depthai_ros_driver/local/lib/python3.10/dist-packages:/home/mrg/dai_ws/install/depthai_ros_msgs/local/lib/python3.10/dist-packages:${PYTHONPATH} /usr/bin/cmake --build /home/mrg/dai_ws/build/depthai-ros -- -j16 -l16
[17.231s] DEBUG:colcon.colcon_core.event_handler.log_command:Invoking command in '/home/mrg/dai_ws/build/depthai-ros': AMENT_PREFIX_PATH=/home/mrg/dai_ws/install/depthai_ros_driver:/home/mrg/dai_ws/install/depthai_examples:/home/mrg/dai_ws/install/depthai_filters:/home/mrg/dai_ws/install/depthai_bridge:/home/mrg/dai_ws/install/depthai_ros_msgs:/home/mrg/dai_ws/install/depthai_descriptions:${AMENT_PREFIX_PATH} CMAKE_PREFIX_PATH=/home/mrg/dai_ws/install/depthai_ros_driver:/home/mrg/dai_ws/install/depthai_examples:/home/mrg/dai_ws/install/depthai_filters:/home/mrg/dai_ws/install/depthai_bridge:/home/mrg/dai_ws/install/depthai_ros_msgs:/home/mrg/dai_ws/install/depthai_descriptions:/home/mrg/vrx_ws/install:/opt/ros/humble GAZEBO_MODEL_PATH=/home/mrg/dai_ws/install/depthai_descriptions GAZEBO_RESOURCE_PATH=/home/mrg/dai_ws/install/depthai_descriptions IGN_GAZEBO_MODEL_PATH=/home/mrg/dai_ws/install/depthai_descriptions IGN_GAZEBO_RESOURCE_PATH=/home/mrg/dai_ws/install/depthai_descriptions LD_LIBRARY_PATH=/home/mrg/dai_ws/install/depthai_ros_driver/lib:/home/mrg/dai_ws/install/depthai_filters/lib:/home/mrg/dai_ws/install/depthai_bridge/lib:/home/mrg/dai_ws/install/depthai_ros_msgs/lib:${LD_LIBRARY_PATH} PYTHONPATH=/home/mrg/dai_ws/install/depthai_ros_driver/local/lib/python3.10/dist-packages:/home/mrg/dai_ws/install/depthai_ros_msgs/local/lib/python3.10/dist-packages:${PYTHONPATH} /usr/bin/cmake --install /home/mrg/dai_ws/build/depthai-ros
[17.286s] Level 1:colcon.colcon_core.environment:create_environment_scripts_only(depthai-ros)
[17.286s] Level 1:colcon.colcon_core.environment:checking '/home/mrg/dai_ws/install/depthai-ros' for CMake module files
[17.288s] DEBUG:colcon.colcon_core.event_handler.log_command:Invoked command in '/home/mrg/dai_ws/build/depthai-ros' returned '0': AMENT_PREFIX_PATH=/home/mrg/dai_ws/install/depthai_ros_driver:/home/mrg/dai_ws/install/depthai_examples:/home/mrg/dai_ws/install/depthai_filters:/home/mrg/dai_ws/install/depthai_bridge:/home/mrg/dai_ws/install/depthai_ros_msgs:/home/mrg/dai_ws/install/depthai_descriptions:${AMENT_PREFIX_PATH} CMAKE_PREFIX_PATH=/home/mrg/dai_ws/install/depthai_ros_driver:/home/mrg/dai_ws/install/depthai_examples:/home/mrg/dai_ws/install/depthai_filters:/home/mrg/dai_ws/install/depthai_bridge:/home/mrg/dai_ws/install/depthai_ros_msgs:/home/mrg/dai_ws/install/depthai_descriptions:/home/mrg/vrx_ws/install:/opt/ros/humble GAZEBO_MODEL_PATH=/home/mrg/dai_ws/install/depthai_descriptions GAZEBO_RESOURCE_PATH=/home/mrg/dai_ws/install/depthai_descriptions IGN_GAZEBO_MODEL_PATH=/home/mrg/dai_ws/install/depthai_descriptions IGN_GAZEBO_RESOURCE_PATH=/home/mrg/dai_ws/install/depthai_descriptions LD_LIBRARY_PATH=/home/mrg/dai_ws/install/depthai_ros_driver/lib:/home/mrg/dai_ws/install/depthai_filters/lib:/home/mrg/dai_ws/install/depthai_bridge/lib:/home/mrg/dai_ws/install/depthai_ros_msgs/lib:${LD_LIBRARY_PATH} PYTHONPATH=/home/mrg/dai_ws/install/depthai_ros_driver/local/lib/python3.10/dist-packages:/home/mrg/dai_ws/install/depthai_ros_msgs/local/lib/python3.10/dist-packages:${PYTHONPATH} /usr/bin/cmake --install /home/mrg/dai_ws/build/depthai-ros
[17.289s] Level 1:colcon.colcon_core.environment:checking '/home/mrg/dai_ws/install/depthai-ros' for CMake config files
[17.289s] Level 1:colcon.colcon_core.shell:create_environment_hook('depthai-ros', 'cmake_prefix_path')
[17.290s] INFO:colcon.colcon_core.shell:Creating environment hook '/home/mrg/dai_ws/install/depthai-ros/share/depthai-ros/hook/cmake_prefix_path.ps1'
[17.291s] INFO:colcon.colcon_core.shell:Creating environment descriptor '/home/mrg/dai_ws/install/depthai-ros/share/depthai-ros/hook/cmake_prefix_path.dsv'
[17.291s] INFO:colcon.colcon_core.shell:Creating environment hook '/home/mrg/dai_ws/install/depthai-ros/share/depthai-ros/hook/cmake_prefix_path.sh'
[17.292s] Level 1:colcon.colcon_core.environment:checking '/home/mrg/dai_ws/install/depthai-ros/bin'
[17.293s] Level 1:colcon.colcon_core.environment:checking '/home/mrg/dai_ws/install/depthai-ros/lib/pkgconfig/depthai-ros.pc'
[17.293s] Level 1:colcon.colcon_core.environment:checking '/home/mrg/dai_ws/install/depthai-ros/lib/python3.10/site-packages'
[17.293s] Level 1:colcon.colcon_core.environment:checking '/home/mrg/dai_ws/install/depthai-ros/bin'
[17.294s] INFO:colcon.colcon_core.shell:Creating package script '/home/mrg/dai_ws/install/depthai-ros/share/depthai-ros/package.ps1'
[17.295s] INFO:colcon.colcon_core.shell:Creating package descriptor '/home/mrg/dai_ws/install/depthai-ros/share/depthai-ros/package.dsv'
[17.296s] INFO:colcon.colcon_core.shell:Creating package script '/home/mrg/dai_ws/install/depthai-ros/share/depthai-ros/package.sh'
[17.297s] INFO:colcon.colcon_core.shell:Creating package script '/home/mrg/dai_ws/install/depthai-ros/share/depthai-ros/package.bash'
[17.297s] INFO:colcon.colcon_core.shell:Creating package script '/home/mrg/dai_ws/install/depthai-ros/share/depthai-ros/package.zsh'
[17.298s] Level 1:colcon.colcon_core.environment:create_file_with_runtime_dependencies(/home/mrg/dai_ws/install/depthai-ros/share/colcon-core/packages/depthai-ros)
[17.347s] Level 1:colcon.colcon_core.environment:create_environment_scripts_only(depthai-ros)
[17.347s] Level 1:colcon.colcon_core.environment:checking '/home/mrg/dai_ws/install/depthai-ros' for CMake module files
[17.347s] Level 1:colcon.colcon_core.environment:checking '/home/mrg/dai_ws/install/depthai-ros' for CMake config files
[17.347s] Level 1:colcon.colcon_core.shell:create_environment_hook('depthai-ros', 'cmake_prefix_path')
[17.348s] INFO:colcon.colcon_core.shell:Creating environment hook '/home/mrg/dai_ws/install/depthai-ros/share/depthai-ros/hook/cmake_prefix_path.ps1'
[17.348s] INFO:colcon.colcon_core.shell:Creating environment descriptor '/home/mrg/dai_ws/install/depthai-ros/share/depthai-ros/hook/cmake_prefix_path.dsv'
[17.348s] INFO:colcon.colcon_core.shell:Creating environment hook '/home/mrg/dai_ws/install/depthai-ros/share/depthai-ros/hook/cmake_prefix_path.sh'
[17.349s] Level 1:colcon.colcon_core.environment:checking '/home/mrg/dai_ws/install/depthai-ros/bin'
[17.349s] Level 1:colcon.colcon_core.environment:checking '/home/mrg/dai_ws/install/depthai-ros/lib/pkgconfig/depthai-ros.pc'
[17.349s] Level 1:colcon.colcon_core.environment:checking '/home/mrg/dai_ws/install/depthai-ros/lib/python3.10/site-packages'
[17.349s] Level 1:colcon.colcon_core.environment:checking '/home/mrg/dai_ws/install/depthai-ros/bin'
[17.349s] INFO:colcon.colcon_core.shell:Creating package script '/home/mrg/dai_ws/install/depthai-ros/share/depthai-ros/package.ps1'
[17.350s] INFO:colcon.colcon_core.shell:Creating package descriptor '/home/mrg/dai_ws/install/depthai-ros/share/depthai-ros/package.dsv'
[17.350s] INFO:colcon.colcon_core.shell:Creating package script '/home/mrg/dai_ws/install/depthai-ros/share/depthai-ros/package.sh'
[17.350s] INFO:colcon.colcon_core.shell:Creating package script '/home/mrg/dai_ws/install/depthai-ros/share/depthai-ros/package.bash'
[17.351s] INFO:colcon.colcon_core.shell:Creating package script '/home/mrg/dai_ws/install/depthai-ros/share/depthai-ros/package.zsh'
[17.351s] Level 1:colcon.colcon_core.environment:create_file_with_runtime_dependencies(/home/mrg/dai_ws/install/depthai-ros/share/colcon-core/packages/depthai-ros)
[17.351s] DEBUG:colcon.colcon_parallel_executor.executor.parallel:closing loop
[17.351s] DEBUG:colcon.colcon_parallel_executor.executor.parallel:loop closed
[17.352s] DEBUG:colcon.colcon_parallel_executor.executor.parallel:run_until_complete finished with '0'
[17.352s] DEBUG:colcon.colcon_core.event_reactor:joining thread
[17.363s] INFO:colcon.colcon_core.plugin_system:Skipping extension 'colcon_notification.desktop_notification.terminal_notifier': Not used on non-Darwin systems
[17.363s] INFO:colcon.colcon_core.plugin_system:Skipping extension 'colcon_notification.desktop_notification.win32': Not used on non-Windows systems
[17.363s] INFO:colcon.colcon_notification.desktop_notification:Sending desktop notification using 'notify2'
[17.386s] DEBUG:colcon.colcon_core.event_reactor:joined thread
[17.387s] INFO:colcon.colcon_core.shell:Creating prefix script '/home/mrg/dai_ws/install/local_setup.ps1'
[17.389s] INFO:colcon.colcon_core.shell:Creating prefix util module '/home/mrg/dai_ws/install/_local_setup_util_ps1.py'
[17.391s] INFO:colcon.colcon_core.shell:Creating prefix chain script '/home/mrg/dai_ws/install/setup.ps1'
[17.392s] INFO:colcon.colcon_core.shell:Creating prefix script '/home/mrg/dai_ws/install/local_setup.sh'
[17.392s] INFO:colcon.colcon_core.shell:Creating prefix util module '/home/mrg/dai_ws/install/_local_setup_util_sh.py'
[17.392s] INFO:colcon.colcon_core.shell:Creating prefix chain script '/home/mrg/dai_ws/install/setup.sh'
[17.393s] INFO:colcon.colcon_core.shell:Creating prefix script '/home/mrg/dai_ws/install/local_setup.bash'
[17.394s] INFO:colcon.colcon_core.shell:Creating prefix chain script '/home/mrg/dai_ws/install/setup.bash'
[17.394s] INFO:colcon.colcon_core.shell:Creating prefix script '/home/mrg/dai_ws/install/local_setup.zsh'
[17.395s] INFO:colcon.colcon_core.shell:Creating prefix chain script '/home/mrg/dai_ws/install/setup.zsh'
