[0.011s] Invoking command in '/home/mrg/dai_ws/build/depthai_descriptions': CMAKE_PREFIX_PATH=${CMAKE_PREFIX_PATH}:/opt/ros/humble /usr/bin/cmake /home/mrg/dai_ws/src/depthai-ros/depthai_descriptions -DAMENT_CMAKE_SYMLINK_INSTALL=1 -DCMAKE_INSTALL_PREFIX=/home/mrg/dai_ws/install/depthai_descriptions
[0.123s] -- The C compiler identification is GNU 11.4.0
[0.242s] -- The CXX compiler identification is GNU 11.4.0
[0.258s] -- Detecting C compiler ABI info
[0.375s] -- Detecting C compiler ABI info - done
[0.381s] -- Check for working C compiler: /usr/bin/cc - skipped
[0.381s] -- Detecting C compile features
[0.382s] -- Detecting C compile features - done
[0.384s] -- Detecting CXX compiler ABI info
[0.529s] -- Detecting CXX compiler ABI info - done
[0.545s] -- Check for working CXX compiler: /usr/bin/c++ - skipped
[0.545s] -- Detecting CXX compile features
[0.546s] -- Detecting CXX compile features - done
[0.552s] -- Found ament_cmake: 1.3.9 (/opt/ros/humble/share/ament_cmake/cmake)
[0.761s] -- Found Python3: /usr/bin/python3 (found version "3.10.12") found components: Interpreter 
[0.846s] -- Override CMake install command with custom implementation using symlinks instead of copying resources
[0.984s] -- Configuring done
[0.991s] -- Generating done
[0.993s] -- Build files have been written to: /home/mrg/dai_ws/build/depthai_descriptions
[1.002s] Invoked command in '/home/mrg/dai_ws/build/depthai_descriptions' returned '0': CMAKE_PREFIX_PATH=${CMAKE_PREFIX_PATH}:/opt/ros/humble /usr/bin/cmake /home/mrg/dai_ws/src/depthai-ros/depthai_descriptions -DAMENT_CMAKE_SYMLINK_INSTALL=1 -DCMAKE_INSTALL_PREFIX=/home/mrg/dai_ws/install/depthai_descriptions
[1.006s] Invoking command in '/home/mrg/dai_ws/build/depthai_descriptions': CMAKE_PREFIX_PATH=${CMAKE_PREFIX_PATH}:/opt/ros/humble /usr/bin/cmake --build /home/mrg/dai_ws/build/depthai_descriptions -- -j16 -l16
[1.077s] Invoked command in '/home/mrg/dai_ws/build/depthai_descriptions' returned '0': CMAKE_PREFIX_PATH=${CMAKE_PREFIX_PATH}:/opt/ros/humble /usr/bin/cmake --build /home/mrg/dai_ws/build/depthai_descriptions -- -j16 -l16
[1.142s] Invoking command in '/home/mrg/dai_ws/build/depthai_descriptions': CMAKE_PREFIX_PATH=${CMAKE_PREFIX_PATH}:/opt/ros/humble /usr/bin/cmake --install /home/mrg/dai_ws/build/depthai_descriptions
[1.155s] -- Install configuration: ""
[1.156s] -- Execute custom install script
[1.157s] -- Symlinking: /home/mrg/dai_ws/install/depthai_descriptions/share/depthai_descriptions/urdf/base_descr.urdf.xacro
[1.181s] -- Symlinking: /home/mrg/dai_ws/install/depthai_descriptions/share/depthai_descriptions/urdf/depthai_descr.urdf.xacro
[1.204s] -- Symlinking: /home/mrg/dai_ws/install/depthai_descriptions/share/depthai_descriptions/urdf/include/base_macro.urdf.xacro
[1.226s] -- Symlinking: /home/mrg/dai_ws/install/depthai_descriptions/share/depthai_descriptions/urdf/include/depthai_macro.urdf.xacro
[1.246s] -- Symlinking: /home/mrg/dai_ws/install/depthai_descriptions/share/depthai_descriptions/urdf/models/OAK-D-CM4-POE.stl
[1.268s] -- Symlinking: /home/mrg/dai_ws/install/depthai_descriptions/share/depthai_descriptions/urdf/models/OAK-D-IOT-75.stl
[1.279s] -- Symlinking: /home/mrg/dai_ws/install/depthai_descriptions/share/depthai_descriptions/urdf/models/OAK-D-LITE.stl
[1.289s] -- Symlinking: /home/mrg/dai_ws/install/depthai_descriptions/share/depthai_descriptions/urdf/models/OAK-D-LR.stl
[1.310s] -- Symlinking: /home/mrg/dai_ws/install/depthai_descriptions/share/depthai_descriptions/urdf/models/OAK-D-POE.stl
[1.331s] -- Symlinking: /home/mrg/dai_ws/install/depthai_descriptions/share/depthai_descriptions/urdf/models/OAK-D-PRO-W.stl
[1.348s] -- Symlinking: /home/mrg/dai_ws/install/depthai_descriptions/share/depthai_descriptions/urdf/models/OAK-D-PRO.stl
[1.365s] -- Symlinking: /home/mrg/dai_ws/install/depthai_descriptions/share/depthai_descriptions/urdf/models/OAK-D-S2.stl
[1.383s] -- Symlinking: /home/mrg/dai_ws/install/depthai_descriptions/share/depthai_descriptions/urdf/models/OAK-D-SR.stl
[1.402s] -- Symlinking: /home/mrg/dai_ws/install/depthai_descriptions/share/depthai_descriptions/urdf/models/OAK-D.stl
[1.411s] -- Symlinking: /home/mrg/dai_ws/install/depthai_descriptions/share/depthai_descriptions/environment/depthai_descriptions.sh
[1.421s] -- Symlinking: /home/mrg/dai_ws/install/depthai_descriptions/share/depthai_descriptions/environment/depthai_descriptions.dsv
[1.431s] -- Symlinking: /home/mrg/dai_ws/install/depthai_descriptions/share/ament_index/resource_index/package_run_dependencies/depthai_descriptions
[1.441s] -- Symlinking: /home/mrg/dai_ws/install/depthai_descriptions/share/ament_index/resource_index/parent_prefix_path/depthai_descriptions
[1.451s] -- Symlinking: /home/mrg/dai_ws/install/depthai_descriptions/share/depthai_descriptions/environment/ament_prefix_path.sh
[1.472s] -- Symlinking: /home/mrg/dai_ws/install/depthai_descriptions/share/depthai_descriptions/environment/ament_prefix_path.dsv
[1.482s] -- Symlinking: /home/mrg/dai_ws/install/depthai_descriptions/share/depthai_descriptions/environment/path.sh
[1.492s] -- Symlinking: /home/mrg/dai_ws/install/depthai_descriptions/share/depthai_descriptions/environment/path.dsv
[1.502s] -- Symlinking: /home/mrg/dai_ws/install/depthai_descriptions/share/depthai_descriptions/local_setup.bash
[1.513s] -- Symlinking: /home/mrg/dai_ws/install/depthai_descriptions/share/depthai_descriptions/local_setup.sh
[1.524s] -- Symlinking: /home/mrg/dai_ws/install/depthai_descriptions/share/depthai_descriptions/local_setup.zsh
[1.534s] -- Symlinking: /home/mrg/dai_ws/install/depthai_descriptions/share/depthai_descriptions/local_setup.dsv
[1.544s] -- Symlinking: /home/mrg/dai_ws/install/depthai_descriptions/share/depthai_descriptions/package.dsv
[1.554s] -- Symlinking: /home/mrg/dai_ws/install/depthai_descriptions/share/ament_index/resource_index/packages/depthai_descriptions
[1.563s] -- Symlinking: /home/mrg/dai_ws/install/depthai_descriptions/share/depthai_descriptions/cmake/depthai_descriptionsConfig.cmake
[1.585s] -- Symlinking: /home/mrg/dai_ws/install/depthai_descriptions/share/depthai_descriptions/cmake/depthai_descriptionsConfig-version.cmake
[1.596s] -- Symlinking: /home/mrg/dai_ws/install/depthai_descriptions/share/depthai_descriptions/package.xml
[1.619s] -- Installing: /home/mrg/dai_ws/install/depthai_descriptions/share/depthai_descriptions/launch
[1.619s] -- Installing: /home/mrg/dai_ws/install/depthai_descriptions/share/depthai_descriptions/launch/urdf_launch.py
[1.624s] Invoked command in '/home/mrg/dai_ws/build/depthai_descriptions' returned '0': CMAKE_PREFIX_PATH=${CMAKE_PREFIX_PATH}:/opt/ros/humble /usr/bin/cmake --install /home/mrg/dai_ws/build/depthai_descriptions
