[0.087s] DEBUG:colcon:Command line arguments: ['/usr/bin/colcon', 'build', '--symlink-install']
[0.087s] DEBUG:colcon:Parsed command line arguments: Namespace(log_base=None, log_level=None, verb_name='build', build_base='build', install_base='install', merge_install=False, symlink_install=True, test_result_base=None, continue_on_error=False, executor='parallel', parallel_workers=16, event_handlers=None, ignore_user_meta=False, metas=['./colcon.meta'], base_paths=['.'], packages_ignore=None, packages_ignore_regex=None, paths=None, packages_up_to=None, packages_up_to_regex=None, packages_above=None, packages_above_and_dependencies=None, packages_above_depth=None, packages_select_by_dep=None, packages_skip_by_dep=None, packages_skip_up_to=None, packages_select_build_failed=False, packages_skip_build_finished=False, packages_select_test_failures=False, packages_skip_test_passed=False, packages_select=None, packages_skip=None, packages_select_regex=None, packages_skip_regex=None, packages_start=None, packages_end=None, allow_overriding=[], cmake_args=None, cmake_target=None, cmake_target_skip_unavailable=False, cmake_clean_cache=False, cmake_clean_first=False, cmake_force_configure=False, ament_cmake_args=None, catkin_cmake_args=None, catkin_skip_building_tests=False, mixin_files=None, mixin=None, verb_parser=<colcon_mixin.mixin.mixin_argument.MixinArgumentDecorator object at 0x7d3d4ca57010>, verb_extension=<colcon_core.verb.build.BuildVerb object at 0x7d3d4ca56b60>, main=<bound method BuildVerb.main of <colcon_core.verb.build.BuildVerb object at 0x7d3d4ca56b60>>, mixin_verb=('build',))
[0.229s] Level 1:colcon.colcon_core.package_discovery:discover_packages(colcon_meta) check parameters
[0.229s] Level 1:colcon.colcon_core.package_discovery:discover_packages(recursive) check parameters
[0.229s] Level 1:colcon.colcon_core.package_discovery:discover_packages(ignore) check parameters
[0.229s] Level 1:colcon.colcon_core.package_discovery:discover_packages(path) check parameters
[0.229s] Level 1:colcon.colcon_core.package_discovery:discover_packages(colcon_meta) discover
[0.229s] Level 1:colcon.colcon_core.package_discovery:discover_packages(recursive) discover
[0.229s] INFO:colcon.colcon_core.package_discovery:Crawling recursively for packages in '/home/mrg/dai_ws'
[0.230s] Level 1:colcon.colcon_core.package_identification:_identify(.) by extensions ['ignore', 'ignore_ament_install']
[0.230s] Level 1:colcon.colcon_core.package_identification:_identify(.) by extension 'ignore'
[0.230s] Level 1:colcon.colcon_core.package_identification:_identify(.) by extension 'ignore_ament_install'
[0.230s] Level 1:colcon.colcon_core.package_identification:_identify(.) by extensions ['colcon_pkg']
[0.230s] Level 1:colcon.colcon_core.package_identification:_identify(.) by extension 'colcon_pkg'
[0.230s] Level 1:colcon.colcon_core.package_identification:_identify(.) by extensions ['colcon_meta']
[0.230s] Level 1:colcon.colcon_core.package_identification:_identify(.) by extension 'colcon_meta'
[0.230s] Level 1:colcon.colcon_core.package_identification:_identify(.) by extensions ['ros']
[0.230s] Level 1:colcon.colcon_core.package_identification:_identify(.) by extension 'ros'
[0.238s] Level 1:colcon.colcon_core.package_identification:_identify(.) by extensions ['cmake', 'python']
[0.238s] Level 1:colcon.colcon_core.package_identification:_identify(.) by extension 'cmake'
[0.238s] Level 1:colcon.colcon_core.package_identification:_identify(.) by extension 'python'
[0.238s] Level 1:colcon.colcon_core.package_identification:_identify(.) by extensions ['python_setup_py']
[0.238s] Level 1:colcon.colcon_core.package_identification:_identify(.) by extension 'python_setup_py'
[0.239s] Level 1:colcon.colcon_core.package_identification:_identify(build) by extensions ['ignore', 'ignore_ament_install']
[0.239s] Level 1:colcon.colcon_core.package_identification:_identify(build) by extension 'ignore'
[0.239s] Level 1:colcon.colcon_core.package_identification:_identify(build) ignored
[0.239s] Level 1:colcon.colcon_core.package_identification:_identify(install) by extensions ['ignore', 'ignore_ament_install']
[0.239s] Level 1:colcon.colcon_core.package_identification:_identify(install) by extension 'ignore'
[0.239s] Level 1:colcon.colcon_core.package_identification:_identify(install) ignored
[0.239s] Level 1:colcon.colcon_core.package_identification:_identify(log) by extensions ['ignore', 'ignore_ament_install']
[0.239s] Level 1:colcon.colcon_core.package_identification:_identify(log) by extension 'ignore'
[0.239s] Level 1:colcon.colcon_core.package_identification:_identify(log) ignored
[0.239s] Level 1:colcon.colcon_core.package_identification:_identify(src) by extensions ['ignore', 'ignore_ament_install']
[0.239s] Level 1:colcon.colcon_core.package_identification:_identify(src) by extension 'ignore'
[0.239s] Level 1:colcon.colcon_core.package_identification:_identify(src) by extension 'ignore_ament_install'
[0.239s] Level 1:colcon.colcon_core.package_identification:_identify(src) by extensions ['colcon_pkg']
[0.239s] Level 1:colcon.colcon_core.package_identification:_identify(src) by extension 'colcon_pkg'
[0.239s] Level 1:colcon.colcon_core.package_identification:_identify(src) by extensions ['colcon_meta']
[0.239s] Level 1:colcon.colcon_core.package_identification:_identify(src) by extension 'colcon_meta'
[0.239s] Level 1:colcon.colcon_core.package_identification:_identify(src) by extensions ['ros']
[0.239s] Level 1:colcon.colcon_core.package_identification:_identify(src) by extension 'ros'
[0.239s] Level 1:colcon.colcon_core.package_identification:_identify(src) by extensions ['cmake', 'python']
[0.240s] Level 1:colcon.colcon_core.package_identification:_identify(src) by extension 'cmake'
[0.240s] Level 1:colcon.colcon_core.package_identification:_identify(src) by extension 'python'
[0.240s] Level 1:colcon.colcon_core.package_identification:_identify(src) by extensions ['python_setup_py']
[0.240s] Level 1:colcon.colcon_core.package_identification:_identify(src) by extension 'python_setup_py'
[0.240s] Level 1:colcon.colcon_core.package_identification:_identify(src/depthai-ros) by extensions ['ignore', 'ignore_ament_install']
[0.240s] Level 1:colcon.colcon_core.package_identification:_identify(src/depthai-ros) by extension 'ignore'
[0.240s] Level 1:colcon.colcon_core.package_identification:_identify(src/depthai-ros) by extension 'ignore_ament_install'
[0.240s] Level 1:colcon.colcon_core.package_identification:_identify(src/depthai-ros) by extensions ['colcon_pkg']
[0.240s] Level 1:colcon.colcon_core.package_identification:_identify(src/depthai-ros) by extension 'colcon_pkg'
[0.240s] Level 1:colcon.colcon_core.package_identification:_identify(src/depthai-ros) by extensions ['colcon_meta']
[0.240s] Level 1:colcon.colcon_core.package_identification:_identify(src/depthai-ros) by extension 'colcon_meta'
[0.240s] Level 1:colcon.colcon_core.package_identification:_identify(src/depthai-ros) by extensions ['ros']
[0.240s] Level 1:colcon.colcon_core.package_identification:_identify(src/depthai-ros) by extension 'ros'
[0.240s] Level 1:colcon.colcon_core.package_identification:_identify(src/depthai-ros) by extensions ['cmake', 'python']
[0.240s] Level 1:colcon.colcon_core.package_identification:_identify(src/depthai-ros) by extension 'cmake'
[0.240s] Level 1:colcon.colcon_core.package_identification:_identify(src/depthai-ros) by extension 'python'
[0.240s] Level 1:colcon.colcon_core.package_identification:_identify(src/depthai-ros) by extensions ['python_setup_py']
[0.240s] Level 1:colcon.colcon_core.package_identification:_identify(src/depthai-ros) by extension 'python_setup_py'
[0.240s] Level 1:colcon.colcon_core.package_identification:_identify(src/depthai-ros/depthai-ros) by extensions ['ignore', 'ignore_ament_install']
[0.240s] Level 1:colcon.colcon_core.package_identification:_identify(src/depthai-ros/depthai-ros) by extension 'ignore'
[0.240s] Level 1:colcon.colcon_core.package_identification:_identify(src/depthai-ros/depthai-ros) by extension 'ignore_ament_install'
[0.240s] Level 1:colcon.colcon_core.package_identification:_identify(src/depthai-ros/depthai-ros) by extensions ['colcon_pkg']
[0.240s] Level 1:colcon.colcon_core.package_identification:_identify(src/depthai-ros/depthai-ros) by extension 'colcon_pkg'
[0.240s] Level 1:colcon.colcon_core.package_identification:_identify(src/depthai-ros/depthai-ros) by extensions ['colcon_meta']
[0.240s] Level 1:colcon.colcon_core.package_identification:_identify(src/depthai-ros/depthai-ros) by extension 'colcon_meta'
[0.240s] Level 1:colcon.colcon_core.package_identification:_identify(src/depthai-ros/depthai-ros) by extensions ['ros']
[0.241s] Level 1:colcon.colcon_core.package_identification:_identify(src/depthai-ros/depthai-ros) by extension 'ros'
[0.243s] DEBUG:colcon.colcon_core.package_identification:Package 'src/depthai-ros/depthai-ros' with type 'ros.ament_cmake' and name 'depthai-ros'
[0.243s] Level 1:colcon.colcon_core.package_identification:_identify(src/depthai-ros/depthai_bridge) by extensions ['ignore', 'ignore_ament_install']
[0.243s] Level 1:colcon.colcon_core.package_identification:_identify(src/depthai-ros/depthai_bridge) by extension 'ignore'
[0.243s] Level 1:colcon.colcon_core.package_identification:_identify(src/depthai-ros/depthai_bridge) by extension 'ignore_ament_install'
[0.243s] Level 1:colcon.colcon_core.package_identification:_identify(src/depthai-ros/depthai_bridge) by extensions ['colcon_pkg']
[0.243s] Level 1:colcon.colcon_core.package_identification:_identify(src/depthai-ros/depthai_bridge) by extension 'colcon_pkg'
[0.243s] Level 1:colcon.colcon_core.package_identification:_identify(src/depthai-ros/depthai_bridge) by extensions ['colcon_meta']
[0.243s] Level 1:colcon.colcon_core.package_identification:_identify(src/depthai-ros/depthai_bridge) by extension 'colcon_meta'
[0.243s] Level 1:colcon.colcon_core.package_identification:_identify(src/depthai-ros/depthai_bridge) by extensions ['ros']
[0.243s] Level 1:colcon.colcon_core.package_identification:_identify(src/depthai-ros/depthai_bridge) by extension 'ros'
[0.244s] DEBUG:colcon.colcon_core.package_identification:Package 'src/depthai-ros/depthai_bridge' with type 'ros.ament_cmake' and name 'depthai_bridge'
[0.245s] Level 1:colcon.colcon_core.package_identification:_identify(src/depthai-ros/depthai_descriptions) by extensions ['ignore', 'ignore_ament_install']
[0.245s] Level 1:colcon.colcon_core.package_identification:_identify(src/depthai-ros/depthai_descriptions) by extension 'ignore'
[0.245s] Level 1:colcon.colcon_core.package_identification:_identify(src/depthai-ros/depthai_descriptions) by extension 'ignore_ament_install'
[0.245s] Level 1:colcon.colcon_core.package_identification:_identify(src/depthai-ros/depthai_descriptions) by extensions ['colcon_pkg']
[0.245s] Level 1:colcon.colcon_core.package_identification:_identify(src/depthai-ros/depthai_descriptions) by extension 'colcon_pkg'
[0.245s] Level 1:colcon.colcon_core.package_identification:_identify(src/depthai-ros/depthai_descriptions) by extensions ['colcon_meta']
[0.245s] Level 1:colcon.colcon_core.package_identification:_identify(src/depthai-ros/depthai_descriptions) by extension 'colcon_meta'
[0.245s] Level 1:colcon.colcon_core.package_identification:_identify(src/depthai-ros/depthai_descriptions) by extensions ['ros']
[0.245s] Level 1:colcon.colcon_core.package_identification:_identify(src/depthai-ros/depthai_descriptions) by extension 'ros'
[0.245s] DEBUG:colcon.colcon_core.package_identification:Package 'src/depthai-ros/depthai_descriptions' with type 'ros.ament_cmake' and name 'depthai_descriptions'
[0.245s] Level 1:colcon.colcon_core.package_identification:_identify(src/depthai-ros/depthai_examples) by extensions ['ignore', 'ignore_ament_install']
[0.245s] Level 1:colcon.colcon_core.package_identification:_identify(src/depthai-ros/depthai_examples) by extension 'ignore'
[0.245s] Level 1:colcon.colcon_core.package_identification:_identify(src/depthai-ros/depthai_examples) by extension 'ignore_ament_install'
[0.245s] Level 1:colcon.colcon_core.package_identification:_identify(src/depthai-ros/depthai_examples) by extensions ['colcon_pkg']
[0.245s] Level 1:colcon.colcon_core.package_identification:_identify(src/depthai-ros/depthai_examples) by extension 'colcon_pkg'
[0.246s] Level 1:colcon.colcon_core.package_identification:_identify(src/depthai-ros/depthai_examples) by extensions ['colcon_meta']
[0.246s] Level 1:colcon.colcon_core.package_identification:_identify(src/depthai-ros/depthai_examples) by extension 'colcon_meta'
[0.246s] Level 1:colcon.colcon_core.package_identification:_identify(src/depthai-ros/depthai_examples) by extensions ['ros']
[0.246s] Level 1:colcon.colcon_core.package_identification:_identify(src/depthai-ros/depthai_examples) by extension 'ros'
[0.247s] DEBUG:colcon.colcon_core.package_identification:Package 'src/depthai-ros/depthai_examples' with type 'ros.ament_cmake' and name 'depthai_examples'
[0.247s] Level 1:colcon.colcon_core.package_identification:_identify(src/depthai-ros/depthai_filters) by extensions ['ignore', 'ignore_ament_install']
[0.247s] Level 1:colcon.colcon_core.package_identification:_identify(src/depthai-ros/depthai_filters) by extension 'ignore'
[0.247s] Level 1:colcon.colcon_core.package_identification:_identify(src/depthai-ros/depthai_filters) by extension 'ignore_ament_install'
[0.247s] Level 1:colcon.colcon_core.package_identification:_identify(src/depthai-ros/depthai_filters) by extensions ['colcon_pkg']
[0.247s] Level 1:colcon.colcon_core.package_identification:_identify(src/depthai-ros/depthai_filters) by extension 'colcon_pkg'
[0.247s] Level 1:colcon.colcon_core.package_identification:_identify(src/depthai-ros/depthai_filters) by extensions ['colcon_meta']
[0.247s] Level 1:colcon.colcon_core.package_identification:_identify(src/depthai-ros/depthai_filters) by extension 'colcon_meta'
[0.247s] Level 1:colcon.colcon_core.package_identification:_identify(src/depthai-ros/depthai_filters) by extensions ['ros']
[0.247s] Level 1:colcon.colcon_core.package_identification:_identify(src/depthai-ros/depthai_filters) by extension 'ros'
[0.248s] DEBUG:colcon.colcon_core.package_identification:Package 'src/depthai-ros/depthai_filters' with type 'ros.ament_cmake' and name 'depthai_filters'
[0.248s] Level 1:colcon.colcon_core.package_identification:_identify(src/depthai-ros/depthai_ros_driver) by extensions ['ignore', 'ignore_ament_install']
[0.248s] Level 1:colcon.colcon_core.package_identification:_identify(src/depthai-ros/depthai_ros_driver) by extension 'ignore'
[0.248s] Level 1:colcon.colcon_core.package_identification:_identify(src/depthai-ros/depthai_ros_driver) by extension 'ignore_ament_install'
[0.248s] Level 1:colcon.colcon_core.package_identification:_identify(src/depthai-ros/depthai_ros_driver) by extensions ['colcon_pkg']
[0.248s] Level 1:colcon.colcon_core.package_identification:_identify(src/depthai-ros/depthai_ros_driver) by extension 'colcon_pkg'
[0.249s] Level 1:colcon.colcon_core.package_identification:_identify(src/depthai-ros/depthai_ros_driver) by extensions ['colcon_meta']
[0.249s] Level 1:colcon.colcon_core.package_identification:_identify(src/depthai-ros/depthai_ros_driver) by extension 'colcon_meta'
[0.249s] Level 1:colcon.colcon_core.package_identification:_identify(src/depthai-ros/depthai_ros_driver) by extensions ['ros']
[0.249s] Level 1:colcon.colcon_core.package_identification:_identify(src/depthai-ros/depthai_ros_driver) by extension 'ros'
[0.250s] DEBUG:colcon.colcon_core.package_identification:Package 'src/depthai-ros/depthai_ros_driver' with type 'ros.ament_cmake' and name 'depthai_ros_driver'
[0.250s] Level 1:colcon.colcon_core.package_identification:_identify(src/depthai-ros/depthai_ros_msgs) by extensions ['ignore', 'ignore_ament_install']
[0.250s] Level 1:colcon.colcon_core.package_identification:_identify(src/depthai-ros/depthai_ros_msgs) by extension 'ignore'
[0.250s] Level 1:colcon.colcon_core.package_identification:_identify(src/depthai-ros/depthai_ros_msgs) by extension 'ignore_ament_install'
[0.250s] Level 1:colcon.colcon_core.package_identification:_identify(src/depthai-ros/depthai_ros_msgs) by extensions ['colcon_pkg']
[0.250s] Level 1:colcon.colcon_core.package_identification:_identify(src/depthai-ros/depthai_ros_msgs) by extension 'colcon_pkg'
[0.250s] Level 1:colcon.colcon_core.package_identification:_identify(src/depthai-ros/depthai_ros_msgs) by extensions ['colcon_meta']
[0.250s] Level 1:colcon.colcon_core.package_identification:_identify(src/depthai-ros/depthai_ros_msgs) by extension 'colcon_meta'
[0.250s] Level 1:colcon.colcon_core.package_identification:_identify(src/depthai-ros/depthai_ros_msgs) by extensions ['ros']
[0.251s] Level 1:colcon.colcon_core.package_identification:_identify(src/depthai-ros/depthai_ros_msgs) by extension 'ros'
[0.251s] DEBUG:colcon.colcon_core.package_identification:Package 'src/depthai-ros/depthai_ros_msgs' with type 'ros.ament_cmake' and name 'depthai_ros_msgs'
[0.251s] Level 1:colcon.colcon_core.package_identification:_identify(src/depthai-ros/docs) by extensions ['ignore', 'ignore_ament_install']
[0.251s] Level 1:colcon.colcon_core.package_identification:_identify(src/depthai-ros/docs) by extension 'ignore'
[0.251s] Level 1:colcon.colcon_core.package_identification:_identify(src/depthai-ros/docs) by extension 'ignore_ament_install'
[0.251s] Level 1:colcon.colcon_core.package_identification:_identify(src/depthai-ros/docs) by extensions ['colcon_pkg']
[0.251s] Level 1:colcon.colcon_core.package_identification:_identify(src/depthai-ros/docs) by extension 'colcon_pkg'
[0.252s] Level 1:colcon.colcon_core.package_identification:_identify(src/depthai-ros/docs) by extensions ['colcon_meta']
[0.252s] Level 1:colcon.colcon_core.package_identification:_identify(src/depthai-ros/docs) by extension 'colcon_meta'
[0.252s] Level 1:colcon.colcon_core.package_identification:_identify(src/depthai-ros/docs) by extensions ['ros']
[0.252s] Level 1:colcon.colcon_core.package_identification:_identify(src/depthai-ros/docs) by extension 'ros'
[0.252s] Level 1:colcon.colcon_core.package_identification:_identify(src/depthai-ros/docs) by extensions ['cmake', 'python']
[0.252s] Level 1:colcon.colcon_core.package_identification:_identify(src/depthai-ros/docs) by extension 'cmake'
[0.252s] Level 1:colcon.colcon_core.package_identification:_identify(src/depthai-ros/docs) by extension 'python'
[0.252s] Level 1:colcon.colcon_core.package_identification:_identify(src/depthai-ros/docs) by extensions ['python_setup_py']
[0.252s] Level 1:colcon.colcon_core.package_identification:_identify(src/depthai-ros/docs) by extension 'python_setup_py'
[0.252s] Level 1:colcon.colcon_core.package_discovery:discover_packages(recursive) using defaults
[0.252s] Level 1:colcon.colcon_core.package_discovery:discover_packages(ignore) discover
[0.252s] Level 1:colcon.colcon_core.package_discovery:discover_packages(ignore) using defaults
[0.252s] Level 1:colcon.colcon_core.package_discovery:discover_packages(path) discover
[0.252s] Level 1:colcon.colcon_core.package_discovery:discover_packages(path) using defaults
[0.281s] Level 1:colcon.colcon_core.package_discovery:discover_packages(prefix_path) check parameters
[0.281s] Level 1:colcon.colcon_core.package_discovery:discover_packages(prefix_path) discover
[0.282s] DEBUG:colcon.colcon_installed_package_information.package_discovery:Found 5 installed packages in /home/mrg/vrx_ws/install
[0.283s] DEBUG:colcon.colcon_installed_package_information.package_discovery:Found 331 installed packages in /opt/ros/humble
[0.284s] Level 1:colcon.colcon_core.package_discovery:discover_packages(prefix_path) using defaults
[0.316s] Level 5:colcon.colcon_core.verb:set package 'depthai_descriptions' build argument 'cmake_args' from command line to 'None'
[0.317s] Level 5:colcon.colcon_core.verb:set package 'depthai_descriptions' build argument 'cmake_target' from command line to 'None'
[0.317s] Level 5:colcon.colcon_core.verb:set package 'depthai_descriptions' build argument 'cmake_target_skip_unavailable' from command line to 'False'
[0.317s] Level 5:colcon.colcon_core.verb:set package 'depthai_descriptions' build argument 'cmake_clean_cache' from command line to 'False'
[0.317s] Level 5:colcon.colcon_core.verb:set package 'depthai_descriptions' build argument 'cmake_clean_first' from command line to 'False'
[0.317s] Level 5:colcon.colcon_core.verb:set package 'depthai_descriptions' build argument 'cmake_force_configure' from command line to 'False'
[0.317s] Level 5:colcon.colcon_core.verb:set package 'depthai_descriptions' build argument 'ament_cmake_args' from command line to 'None'
[0.317s] Level 5:colcon.colcon_core.verb:set package 'depthai_descriptions' build argument 'catkin_cmake_args' from command line to 'None'
[0.317s] Level 5:colcon.colcon_core.verb:set package 'depthai_descriptions' build argument 'catkin_skip_building_tests' from command line to 'False'
[0.317s] DEBUG:colcon.colcon_core.verb:Building package 'depthai_descriptions' with the following arguments: {'ament_cmake_args': None, 'build_base': '/home/mrg/dai_ws/build/depthai_descriptions', 'catkin_cmake_args': None, 'catkin_skip_building_tests': False, 'cmake_args': None, 'cmake_clean_cache': False, 'cmake_clean_first': False, 'cmake_force_configure': False, 'cmake_target': None, 'cmake_target_skip_unavailable': False, 'install_base': '/home/mrg/dai_ws/install/depthai_descriptions', 'merge_install': False, 'path': '/home/mrg/dai_ws/src/depthai-ros/depthai_descriptions', 'symlink_install': True, 'test_result_base': None}
[0.317s] Level 5:colcon.colcon_core.verb:set package 'depthai_ros_msgs' build argument 'cmake_args' from command line to 'None'
[0.317s] Level 5:colcon.colcon_core.verb:set package 'depthai_ros_msgs' build argument 'cmake_target' from command line to 'None'
[0.317s] Level 5:colcon.colcon_core.verb:set package 'depthai_ros_msgs' build argument 'cmake_target_skip_unavailable' from command line to 'False'
[0.317s] Level 5:colcon.colcon_core.verb:set package 'depthai_ros_msgs' build argument 'cmake_clean_cache' from command line to 'False'
[0.317s] Level 5:colcon.colcon_core.verb:set package 'depthai_ros_msgs' build argument 'cmake_clean_first' from command line to 'False'
[0.317s] Level 5:colcon.colcon_core.verb:set package 'depthai_ros_msgs' build argument 'cmake_force_configure' from command line to 'False'
[0.317s] Level 5:colcon.colcon_core.verb:set package 'depthai_ros_msgs' build argument 'ament_cmake_args' from command line to 'None'
[0.317s] Level 5:colcon.colcon_core.verb:set package 'depthai_ros_msgs' build argument 'catkin_cmake_args' from command line to 'None'
[0.317s] Level 5:colcon.colcon_core.verb:set package 'depthai_ros_msgs' build argument 'catkin_skip_building_tests' from command line to 'False'
[0.317s] DEBUG:colcon.colcon_core.verb:Building package 'depthai_ros_msgs' with the following arguments: {'ament_cmake_args': None, 'build_base': '/home/mrg/dai_ws/build/depthai_ros_msgs', 'catkin_cmake_args': None, 'catkin_skip_building_tests': False, 'cmake_args': None, 'cmake_clean_cache': False, 'cmake_clean_first': False, 'cmake_force_configure': False, 'cmake_target': None, 'cmake_target_skip_unavailable': False, 'install_base': '/home/mrg/dai_ws/install/depthai_ros_msgs', 'merge_install': False, 'path': '/home/mrg/dai_ws/src/depthai-ros/depthai_ros_msgs', 'symlink_install': True, 'test_result_base': None}
[0.317s] Level 5:colcon.colcon_core.verb:set package 'depthai_bridge' build argument 'cmake_args' from command line to 'None'
[0.318s] Level 5:colcon.colcon_core.verb:set package 'depthai_bridge' build argument 'cmake_target' from command line to 'None'
[0.318s] Level 5:colcon.colcon_core.verb:set package 'depthai_bridge' build argument 'cmake_target_skip_unavailable' from command line to 'False'
[0.318s] Level 5:colcon.colcon_core.verb:set package 'depthai_bridge' build argument 'cmake_clean_cache' from command line to 'False'
[0.318s] Level 5:colcon.colcon_core.verb:set package 'depthai_bridge' build argument 'cmake_clean_first' from command line to 'False'
[0.318s] Level 5:colcon.colcon_core.verb:set package 'depthai_bridge' build argument 'cmake_force_configure' from command line to 'False'
[0.318s] Level 5:colcon.colcon_core.verb:set package 'depthai_bridge' build argument 'ament_cmake_args' from command line to 'None'
[0.318s] Level 5:colcon.colcon_core.verb:set package 'depthai_bridge' build argument 'catkin_cmake_args' from command line to 'None'
[0.318s] Level 5:colcon.colcon_core.verb:set package 'depthai_bridge' build argument 'catkin_skip_building_tests' from command line to 'False'
[0.318s] DEBUG:colcon.colcon_core.verb:Building package 'depthai_bridge' with the following arguments: {'ament_cmake_args': None, 'build_base': '/home/mrg/dai_ws/build/depthai_bridge', 'catkin_cmake_args': None, 'catkin_skip_building_tests': False, 'cmake_args': None, 'cmake_clean_cache': False, 'cmake_clean_first': False, 'cmake_force_configure': False, 'cmake_target': None, 'cmake_target_skip_unavailable': False, 'install_base': '/home/mrg/dai_ws/install/depthai_bridge', 'merge_install': False, 'path': '/home/mrg/dai_ws/src/depthai-ros/depthai_bridge', 'symlink_install': True, 'test_result_base': None}
[0.318s] Level 5:colcon.colcon_core.verb:set package 'depthai_filters' build argument 'cmake_args' from command line to 'None'
[0.318s] Level 5:colcon.colcon_core.verb:set package 'depthai_filters' build argument 'cmake_target' from command line to 'None'
[0.318s] Level 5:colcon.colcon_core.verb:set package 'depthai_filters' build argument 'cmake_target_skip_unavailable' from command line to 'False'
[0.318s] Level 5:colcon.colcon_core.verb:set package 'depthai_filters' build argument 'cmake_clean_cache' from command line to 'False'
[0.318s] Level 5:colcon.colcon_core.verb:set package 'depthai_filters' build argument 'cmake_clean_first' from command line to 'False'
[0.318s] Level 5:colcon.colcon_core.verb:set package 'depthai_filters' build argument 'cmake_force_configure' from command line to 'False'
[0.318s] Level 5:colcon.colcon_core.verb:set package 'depthai_filters' build argument 'ament_cmake_args' from command line to 'None'
[0.318s] Level 5:colcon.colcon_core.verb:set package 'depthai_filters' build argument 'catkin_cmake_args' from command line to 'None'
[0.318s] Level 5:colcon.colcon_core.verb:set package 'depthai_filters' build argument 'catkin_skip_building_tests' from command line to 'False'
[0.318s] DEBUG:colcon.colcon_core.verb:Building package 'depthai_filters' with the following arguments: {'ament_cmake_args': None, 'build_base': '/home/mrg/dai_ws/build/depthai_filters', 'catkin_cmake_args': None, 'catkin_skip_building_tests': False, 'cmake_args': None, 'cmake_clean_cache': False, 'cmake_clean_first': False, 'cmake_force_configure': False, 'cmake_target': None, 'cmake_target_skip_unavailable': False, 'install_base': '/home/mrg/dai_ws/install/depthai_filters', 'merge_install': False, 'path': '/home/mrg/dai_ws/src/depthai-ros/depthai_filters', 'symlink_install': True, 'test_result_base': None}
[0.318s] Level 5:colcon.colcon_core.verb:set package 'depthai_examples' build argument 'cmake_args' from command line to 'None'
[0.318s] Level 5:colcon.colcon_core.verb:set package 'depthai_examples' build argument 'cmake_target' from command line to 'None'
[0.318s] Level 5:colcon.colcon_core.verb:set package 'depthai_examples' build argument 'cmake_target_skip_unavailable' from command line to 'False'
[0.318s] Level 5:colcon.colcon_core.verb:set package 'depthai_examples' build argument 'cmake_clean_cache' from command line to 'False'
[0.318s] Level 5:colcon.colcon_core.verb:set package 'depthai_examples' build argument 'cmake_clean_first' from command line to 'False'
[0.318s] Level 5:colcon.colcon_core.verb:set package 'depthai_examples' build argument 'cmake_force_configure' from command line to 'False'
[0.318s] Level 5:colcon.colcon_core.verb:set package 'depthai_examples' build argument 'ament_cmake_args' from command line to 'None'
[0.319s] Level 5:colcon.colcon_core.verb:set package 'depthai_examples' build argument 'catkin_cmake_args' from command line to 'None'
[0.319s] Level 5:colcon.colcon_core.verb:set package 'depthai_examples' build argument 'catkin_skip_building_tests' from command line to 'False'
[0.319s] DEBUG:colcon.colcon_core.verb:Building package 'depthai_examples' with the following arguments: {'ament_cmake_args': None, 'build_base': '/home/mrg/dai_ws/build/depthai_examples', 'catkin_cmake_args': None, 'catkin_skip_building_tests': False, 'cmake_args': None, 'cmake_clean_cache': False, 'cmake_clean_first': False, 'cmake_force_configure': False, 'cmake_target': None, 'cmake_target_skip_unavailable': False, 'install_base': '/home/mrg/dai_ws/install/depthai_examples', 'merge_install': False, 'path': '/home/mrg/dai_ws/src/depthai-ros/depthai_examples', 'symlink_install': True, 'test_result_base': None}
[0.319s] Level 5:colcon.colcon_core.verb:set package 'depthai_ros_driver' build argument 'cmake_args' from command line to 'None'
[0.319s] Level 5:colcon.colcon_core.verb:set package 'depthai_ros_driver' build argument 'cmake_target' from command line to 'None'
[0.319s] Level 5:colcon.colcon_core.verb:set package 'depthai_ros_driver' build argument 'cmake_target_skip_unavailable' from command line to 'False'
[0.319s] Level 5:colcon.colcon_core.verb:set package 'depthai_ros_driver' build argument 'cmake_clean_cache' from command line to 'False'
[0.319s] Level 5:colcon.colcon_core.verb:set package 'depthai_ros_driver' build argument 'cmake_clean_first' from command line to 'False'
[0.319s] Level 5:colcon.colcon_core.verb:set package 'depthai_ros_driver' build argument 'cmake_force_configure' from command line to 'False'
[0.319s] Level 5:colcon.colcon_core.verb:set package 'depthai_ros_driver' build argument 'ament_cmake_args' from command line to 'None'
[0.319s] Level 5:colcon.colcon_core.verb:set package 'depthai_ros_driver' build argument 'catkin_cmake_args' from command line to 'None'
[0.319s] Level 5:colcon.colcon_core.verb:set package 'depthai_ros_driver' build argument 'catkin_skip_building_tests' from command line to 'False'
[0.319s] DEBUG:colcon.colcon_core.verb:Building package 'depthai_ros_driver' with the following arguments: {'ament_cmake_args': None, 'build_base': '/home/mrg/dai_ws/build/depthai_ros_driver', 'catkin_cmake_args': None, 'catkin_skip_building_tests': False, 'cmake_args': None, 'cmake_clean_cache': False, 'cmake_clean_first': False, 'cmake_force_configure': False, 'cmake_target': None, 'cmake_target_skip_unavailable': False, 'install_base': '/home/mrg/dai_ws/install/depthai_ros_driver', 'merge_install': False, 'path': '/home/mrg/dai_ws/src/depthai-ros/depthai_ros_driver', 'symlink_install': True, 'test_result_base': None}
[0.319s] Level 5:colcon.colcon_core.verb:set package 'depthai-ros' build argument 'cmake_args' from command line to 'None'
[0.319s] Level 5:colcon.colcon_core.verb:set package 'depthai-ros' build argument 'cmake_target' from command line to 'None'
[0.319s] Level 5:colcon.colcon_core.verb:set package 'depthai-ros' build argument 'cmake_target_skip_unavailable' from command line to 'False'
[0.319s] Level 5:colcon.colcon_core.verb:set package 'depthai-ros' build argument 'cmake_clean_cache' from command line to 'False'
[0.319s] Level 5:colcon.colcon_core.verb:set package 'depthai-ros' build argument 'cmake_clean_first' from command line to 'False'
[0.319s] Level 5:colcon.colcon_core.verb:set package 'depthai-ros' build argument 'cmake_force_configure' from command line to 'False'
[0.319s] Level 5:colcon.colcon_core.verb:set package 'depthai-ros' build argument 'ament_cmake_args' from command line to 'None'
[0.319s] Level 5:colcon.colcon_core.verb:set package 'depthai-ros' build argument 'catkin_cmake_args' from command line to 'None'
[0.319s] Level 5:colcon.colcon_core.verb:set package 'depthai-ros' build argument 'catkin_skip_building_tests' from command line to 'False'
[0.319s] DEBUG:colcon.colcon_core.verb:Building package 'depthai-ros' with the following arguments: {'ament_cmake_args': None, 'build_base': '/home/mrg/dai_ws/build/depthai-ros', 'catkin_cmake_args': None, 'catkin_skip_building_tests': False, 'cmake_args': None, 'cmake_clean_cache': False, 'cmake_clean_first': False, 'cmake_force_configure': False, 'cmake_target': None, 'cmake_target_skip_unavailable': False, 'install_base': '/home/mrg/dai_ws/install/depthai-ros', 'merge_install': False, 'path': '/home/mrg/dai_ws/src/depthai-ros/depthai-ros', 'symlink_install': True, 'test_result_base': None}
[0.320s] INFO:colcon.colcon_core.executor:Executing jobs using 'parallel' executor
[0.321s] DEBUG:colcon.colcon_parallel_executor.executor.parallel:run_until_complete
[0.321s] INFO:colcon.colcon_ros.task.ament_cmake.build:Building ROS package in '/home/mrg/dai_ws/src/depthai-ros/depthai_ros_msgs' with build type 'ament_cmake'
[0.321s] INFO:colcon.colcon_cmake.task.cmake.build:Building CMake package in '/home/mrg/dai_ws/src/depthai-ros/depthai_ros_msgs'
[0.323s] INFO:colcon.colcon_core.plugin_system:Skipping extension 'colcon_core.shell.bat': Not used on non-Windows systems
[0.323s] INFO:colcon.colcon_core.shell:Skip shell extension 'powershell' for command environment: Not usable outside of PowerShell
[0.323s] DEBUG:colcon.colcon_core.shell:Skip shell extension 'dsv' for command environment
[0.327s] INFO:colcon.colcon_ros.task.ament_cmake.build:Building ROS package in '/home/mrg/dai_ws/src/depthai-ros/depthai_descriptions' with build type 'ament_cmake'
[0.327s] INFO:colcon.colcon_cmake.task.cmake.build:Building CMake package in '/home/mrg/dai_ws/src/depthai-ros/depthai_descriptions'
[0.327s] INFO:colcon.colcon_core.shell:Skip shell extension 'powershell' for command environment: Not usable outside of PowerShell
[0.327s] DEBUG:colcon.colcon_core.shell:Skip shell extension 'dsv' for command environment
[0.338s] DEBUG:colcon.colcon_core.event_handler.log_command:Invoking command in '/home/mrg/dai_ws/build/depthai_ros_msgs': CMAKE_PREFIX_PATH=${CMAKE_PREFIX_PATH}:/opt/ros/humble /usr/bin/cmake --build /home/mrg/dai_ws/build/depthai_ros_msgs -- -j16 -l16
[0.341s] DEBUG:colcon.colcon_core.event_handler.log_command:Invoking command in '/home/mrg/dai_ws/build/depthai_descriptions': CMAKE_PREFIX_PATH=${CMAKE_PREFIX_PATH}:/opt/ros/humble /usr/bin/cmake --build /home/mrg/dai_ws/build/depthai_descriptions -- -j16 -l16
[0.414s] DEBUG:colcon.colcon_core.event_handler.log_command:Invoked command in '/home/mrg/dai_ws/build/depthai_descriptions' returned '0': CMAKE_PREFIX_PATH=${CMAKE_PREFIX_PATH}:/opt/ros/humble /usr/bin/cmake --build /home/mrg/dai_ws/build/depthai_descriptions -- -j16 -l16
[0.457s] DEBUG:colcon.colcon_core.event_handler.log_command:Invoking command in '/home/mrg/dai_ws/build/depthai_descriptions': CMAKE_PREFIX_PATH=${CMAKE_PREFIX_PATH}:/opt/ros/humble /usr/bin/cmake --install /home/mrg/dai_ws/build/depthai_descriptions
[0.483s] Level 1:colcon.colcon_core.environment:create_environment_scripts_only(depthai_descriptions)
[0.484s] DEBUG:colcon.colcon_core.event_handler.log_command:Invoked command in '/home/mrg/dai_ws/build/depthai_descriptions' returned '0': CMAKE_PREFIX_PATH=${CMAKE_PREFIX_PATH}:/opt/ros/humble /usr/bin/cmake --install /home/mrg/dai_ws/build/depthai_descriptions
[0.487s] Level 1:colcon.colcon_core.environment:checking '/home/mrg/dai_ws/install/depthai_descriptions' for CMake module files
[0.487s] Level 1:colcon.colcon_core.environment:checking '/home/mrg/dai_ws/install/depthai_descriptions' for CMake config files
[0.488s] Level 1:colcon.colcon_core.shell:create_environment_hook('depthai_descriptions', 'cmake_prefix_path')
[0.488s] INFO:colcon.colcon_core.shell:Creating environment hook '/home/mrg/dai_ws/install/depthai_descriptions/share/depthai_descriptions/hook/cmake_prefix_path.ps1'
[0.488s] INFO:colcon.colcon_core.shell:Creating environment descriptor '/home/mrg/dai_ws/install/depthai_descriptions/share/depthai_descriptions/hook/cmake_prefix_path.dsv'
[0.489s] INFO:colcon.colcon_core.shell:Creating environment hook '/home/mrg/dai_ws/install/depthai_descriptions/share/depthai_descriptions/hook/cmake_prefix_path.sh'
[0.489s] Level 1:colcon.colcon_core.environment:checking '/home/mrg/dai_ws/install/depthai_descriptions/bin'
[0.489s] Level 1:colcon.colcon_core.environment:checking '/home/mrg/dai_ws/install/depthai_descriptions/lib/pkgconfig/depthai_descriptions.pc'
[0.490s] Level 1:colcon.colcon_core.environment:checking '/home/mrg/dai_ws/install/depthai_descriptions/lib/python3.10/site-packages'
[0.490s] Level 1:colcon.colcon_core.environment:checking '/home/mrg/dai_ws/install/depthai_descriptions/bin'
[0.490s] INFO:colcon.colcon_core.shell:Creating package script '/home/mrg/dai_ws/install/depthai_descriptions/share/depthai_descriptions/package.ps1'
[0.491s] INFO:colcon.colcon_core.shell:Creating package descriptor '/home/mrg/dai_ws/install/depthai_descriptions/share/depthai_descriptions/package.dsv'
[0.491s] INFO:colcon.colcon_core.shell:Creating package script '/home/mrg/dai_ws/install/depthai_descriptions/share/depthai_descriptions/package.sh'
[0.492s] INFO:colcon.colcon_core.shell:Creating package script '/home/mrg/dai_ws/install/depthai_descriptions/share/depthai_descriptions/package.bash'
[0.493s] INFO:colcon.colcon_core.shell:Creating package script '/home/mrg/dai_ws/install/depthai_descriptions/share/depthai_descriptions/package.zsh'
[0.493s] Level 1:colcon.colcon_core.environment:create_file_with_runtime_dependencies(/home/mrg/dai_ws/install/depthai_descriptions/share/colcon-core/packages/depthai_descriptions)
[0.517s] Level 1:colcon.colcon_core.environment:create_environment_scripts_only(depthai_descriptions)
[0.517s] Level 1:colcon.colcon_core.environment:checking '/home/mrg/dai_ws/install/depthai_descriptions' for CMake module files
[0.517s] Level 1:colcon.colcon_core.environment:checking '/home/mrg/dai_ws/install/depthai_descriptions' for CMake config files
[0.517s] Level 1:colcon.colcon_core.shell:create_environment_hook('depthai_descriptions', 'cmake_prefix_path')
[0.518s] INFO:colcon.colcon_core.shell:Creating environment hook '/home/mrg/dai_ws/install/depthai_descriptions/share/depthai_descriptions/hook/cmake_prefix_path.ps1'
[0.518s] INFO:colcon.colcon_core.shell:Creating environment descriptor '/home/mrg/dai_ws/install/depthai_descriptions/share/depthai_descriptions/hook/cmake_prefix_path.dsv'
[0.518s] INFO:colcon.colcon_core.shell:Creating environment hook '/home/mrg/dai_ws/install/depthai_descriptions/share/depthai_descriptions/hook/cmake_prefix_path.sh'
[0.519s] Level 1:colcon.colcon_core.environment:checking '/home/mrg/dai_ws/install/depthai_descriptions/bin'
[0.519s] Level 1:colcon.colcon_core.environment:checking '/home/mrg/dai_ws/install/depthai_descriptions/lib/pkgconfig/depthai_descriptions.pc'
[0.519s] Level 1:colcon.colcon_core.environment:checking '/home/mrg/dai_ws/install/depthai_descriptions/lib/python3.10/site-packages'
[0.519s] Level 1:colcon.colcon_core.environment:checking '/home/mrg/dai_ws/install/depthai_descriptions/bin'
[0.519s] INFO:colcon.colcon_core.shell:Creating package script '/home/mrg/dai_ws/install/depthai_descriptions/share/depthai_descriptions/package.ps1'
[0.520s] INFO:colcon.colcon_core.shell:Creating package descriptor '/home/mrg/dai_ws/install/depthai_descriptions/share/depthai_descriptions/package.dsv'
[0.520s] INFO:colcon.colcon_core.shell:Creating package script '/home/mrg/dai_ws/install/depthai_descriptions/share/depthai_descriptions/package.sh'
[0.521s] INFO:colcon.colcon_core.shell:Creating package script '/home/mrg/dai_ws/install/depthai_descriptions/share/depthai_descriptions/package.bash'
[0.521s] INFO:colcon.colcon_core.shell:Creating package script '/home/mrg/dai_ws/install/depthai_descriptions/share/depthai_descriptions/package.zsh'
[0.521s] Level 1:colcon.colcon_core.environment:create_file_with_runtime_dependencies(/home/mrg/dai_ws/install/depthai_descriptions/share/colcon-core/packages/depthai_descriptions)
[0.699s] DEBUG:colcon.colcon_core.event_handler.log_command:Invoked command in '/home/mrg/dai_ws/build/depthai_ros_msgs' returned '0': CMAKE_PREFIX_PATH=${CMAKE_PREFIX_PATH}:/opt/ros/humble /usr/bin/cmake --build /home/mrg/dai_ws/build/depthai_ros_msgs -- -j16 -l16
[1.384s] DEBUG:colcon.colcon_core.event_handler.log_command:Invoking command in '/home/mrg/dai_ws/build/depthai_ros_msgs': CMAKE_PREFIX_PATH=${CMAKE_PREFIX_PATH}:/opt/ros/humble /usr/bin/cmake --install /home/mrg/dai_ws/build/depthai_ros_msgs
[1.545s] Level 1:colcon.colcon_core.environment:create_environment_scripts_only(depthai_ros_msgs)
[1.546s] Level 1:colcon.colcon_core.environment:checking '/home/mrg/dai_ws/install/depthai_ros_msgs' for CMake module files
[1.547s] DEBUG:colcon.colcon_core.event_handler.log_command:Invoked command in '/home/mrg/dai_ws/build/depthai_ros_msgs' returned '0': CMAKE_PREFIX_PATH=${CMAKE_PREFIX_PATH}:/opt/ros/humble /usr/bin/cmake --install /home/mrg/dai_ws/build/depthai_ros_msgs
[1.548s] Level 1:colcon.colcon_core.environment:checking '/home/mrg/dai_ws/install/depthai_ros_msgs' for CMake config files
[1.549s] Level 1:colcon.colcon_core.shell:create_environment_hook('depthai_ros_msgs', 'cmake_prefix_path')
[1.550s] INFO:colcon.colcon_core.shell:Creating environment hook '/home/mrg/dai_ws/install/depthai_ros_msgs/share/depthai_ros_msgs/hook/cmake_prefix_path.ps1'
[1.551s] INFO:colcon.colcon_core.shell:Creating environment descriptor '/home/mrg/dai_ws/install/depthai_ros_msgs/share/depthai_ros_msgs/hook/cmake_prefix_path.dsv'
[1.553s] INFO:colcon.colcon_core.shell:Creating environment hook '/home/mrg/dai_ws/install/depthai_ros_msgs/share/depthai_ros_msgs/hook/cmake_prefix_path.sh'
[1.554s] Level 1:colcon.colcon_core.environment:checking '/home/mrg/dai_ws/install/depthai_ros_msgs/lib'
[1.555s] Level 1:colcon.colcon_core.shell:create_environment_hook('depthai_ros_msgs', 'ld_library_path_lib')
[1.555s] INFO:colcon.colcon_core.shell:Creating environment hook '/home/mrg/dai_ws/install/depthai_ros_msgs/share/depthai_ros_msgs/hook/ld_library_path_lib.ps1'
[1.556s] INFO:colcon.colcon_core.shell:Creating environment descriptor '/home/mrg/dai_ws/install/depthai_ros_msgs/share/depthai_ros_msgs/hook/ld_library_path_lib.dsv'
[1.557s] INFO:colcon.colcon_core.shell:Creating environment hook '/home/mrg/dai_ws/install/depthai_ros_msgs/share/depthai_ros_msgs/hook/ld_library_path_lib.sh'
[1.558s] Level 1:colcon.colcon_core.environment:checking '/home/mrg/dai_ws/install/depthai_ros_msgs/bin'
[1.558s] Level 1:colcon.colcon_core.environment:checking '/home/mrg/dai_ws/install/depthai_ros_msgs/lib/pkgconfig/depthai_ros_msgs.pc'
[1.558s] Level 1:colcon.colcon_core.environment:checking '/home/mrg/dai_ws/install/depthai_ros_msgs/lib/python3.10/site-packages'
[1.559s] Level 1:colcon.colcon_core.environment:checking '/home/mrg/dai_ws/install/depthai_ros_msgs/bin'
[1.559s] INFO:colcon.colcon_core.shell:Creating package script '/home/mrg/dai_ws/install/depthai_ros_msgs/share/depthai_ros_msgs/package.ps1'
[1.560s] INFO:colcon.colcon_core.shell:Creating package descriptor '/home/mrg/dai_ws/install/depthai_ros_msgs/share/depthai_ros_msgs/package.dsv'
[1.561s] INFO:colcon.colcon_core.shell:Creating package script '/home/mrg/dai_ws/install/depthai_ros_msgs/share/depthai_ros_msgs/package.sh'
[1.562s] INFO:colcon.colcon_core.shell:Creating package script '/home/mrg/dai_ws/install/depthai_ros_msgs/share/depthai_ros_msgs/package.bash'
[1.563s] INFO:colcon.colcon_core.shell:Creating package script '/home/mrg/dai_ws/install/depthai_ros_msgs/share/depthai_ros_msgs/package.zsh'
[1.563s] Level 1:colcon.colcon_core.environment:create_file_with_runtime_dependencies(/home/mrg/dai_ws/install/depthai_ros_msgs/share/colcon-core/packages/depthai_ros_msgs)
[1.894s] Level 1:colcon.colcon_core.environment:create_environment_scripts_only(depthai_ros_msgs)
[1.895s] Level 1:colcon.colcon_core.environment:checking '/home/mrg/dai_ws/install/depthai_ros_msgs' for CMake module files
[1.896s] Level 1:colcon.colcon_core.environment:checking '/home/mrg/dai_ws/install/depthai_ros_msgs' for CMake config files
[1.897s] Level 1:colcon.colcon_core.shell:create_environment_hook('depthai_ros_msgs', 'cmake_prefix_path')
[1.898s] INFO:colcon.colcon_core.shell:Creating environment hook '/home/mrg/dai_ws/install/depthai_ros_msgs/share/depthai_ros_msgs/hook/cmake_prefix_path.ps1'
[1.899s] INFO:colcon.colcon_core.shell:Creating environment descriptor '/home/mrg/dai_ws/install/depthai_ros_msgs/share/depthai_ros_msgs/hook/cmake_prefix_path.dsv'
[1.899s] INFO:colcon.colcon_core.shell:Creating environment hook '/home/mrg/dai_ws/install/depthai_ros_msgs/share/depthai_ros_msgs/hook/cmake_prefix_path.sh'
[1.900s] Level 1:colcon.colcon_core.environment:checking '/home/mrg/dai_ws/install/depthai_ros_msgs/lib'
[1.901s] Level 1:colcon.colcon_core.shell:create_environment_hook('depthai_ros_msgs', 'ld_library_path_lib')
[1.901s] INFO:colcon.colcon_core.shell:Creating environment hook '/home/mrg/dai_ws/install/depthai_ros_msgs/share/depthai_ros_msgs/hook/ld_library_path_lib.ps1'
[1.902s] INFO:colcon.colcon_core.shell:Creating environment descriptor '/home/mrg/dai_ws/install/depthai_ros_msgs/share/depthai_ros_msgs/hook/ld_library_path_lib.dsv'
[1.903s] INFO:colcon.colcon_core.shell:Creating environment hook '/home/mrg/dai_ws/install/depthai_ros_msgs/share/depthai_ros_msgs/hook/ld_library_path_lib.sh'
[1.903s] Level 1:colcon.colcon_core.environment:checking '/home/mrg/dai_ws/install/depthai_ros_msgs/bin'
[1.904s] Level 1:colcon.colcon_core.environment:checking '/home/mrg/dai_ws/install/depthai_ros_msgs/lib/pkgconfig/depthai_ros_msgs.pc'
[1.904s] Level 1:colcon.colcon_core.environment:checking '/home/mrg/dai_ws/install/depthai_ros_msgs/lib/python3.10/site-packages'
[1.904s] Level 1:colcon.colcon_core.environment:checking '/home/mrg/dai_ws/install/depthai_ros_msgs/bin'
[1.905s] INFO:colcon.colcon_core.shell:Creating package script '/home/mrg/dai_ws/install/depthai_ros_msgs/share/depthai_ros_msgs/package.ps1'
[1.906s] INFO:colcon.colcon_core.shell:Creating package descriptor '/home/mrg/dai_ws/install/depthai_ros_msgs/share/depthai_ros_msgs/package.dsv'
[1.907s] INFO:colcon.colcon_core.shell:Creating package script '/home/mrg/dai_ws/install/depthai_ros_msgs/share/depthai_ros_msgs/package.sh'
[1.908s] INFO:colcon.colcon_core.shell:Creating package script '/home/mrg/dai_ws/install/depthai_ros_msgs/share/depthai_ros_msgs/package.bash'
[1.909s] INFO:colcon.colcon_core.shell:Creating package script '/home/mrg/dai_ws/install/depthai_ros_msgs/share/depthai_ros_msgs/package.zsh'
[1.910s] Level 1:colcon.colcon_core.environment:create_file_with_runtime_dependencies(/home/mrg/dai_ws/install/depthai_ros_msgs/share/colcon-core/packages/depthai_ros_msgs)
[1.910s] INFO:colcon.colcon_ros.task.ament_cmake.build:Building ROS package in '/home/mrg/dai_ws/src/depthai-ros/depthai_bridge' with build type 'ament_cmake'
[1.910s] INFO:colcon.colcon_cmake.task.cmake.build:Building CMake package in '/home/mrg/dai_ws/src/depthai-ros/depthai_bridge'
[1.911s] INFO:colcon.colcon_core.shell:Skip shell extension 'powershell' for command environment: Not usable outside of PowerShell
[1.911s] DEBUG:colcon.colcon_core.shell:Skip shell extension 'dsv' for command environment
[1.919s] INFO:colcon.colcon_ros.task.ament_cmake.build:Building ROS package in '/home/mrg/dai_ws/src/depthai-ros/depthai_filters' with build type 'ament_cmake'
[1.919s] INFO:colcon.colcon_cmake.task.cmake.build:Building CMake package in '/home/mrg/dai_ws/src/depthai-ros/depthai_filters'
[1.920s] INFO:colcon.colcon_core.shell:Skip shell extension 'powershell' for command environment: Not usable outside of PowerShell
[1.920s] DEBUG:colcon.colcon_core.shell:Skip shell extension 'dsv' for command environment
[1.936s] DEBUG:colcon.colcon_core.event_handler.log_command:Invoking command in '/home/mrg/dai_ws/build/depthai_bridge': AMENT_PREFIX_PATH=/home/mrg/dai_ws/install/depthai_ros_msgs:${AMENT_PREFIX_PATH} CMAKE_PREFIX_PATH=/home/mrg/dai_ws/install/depthai_ros_msgs:/home/mrg/vrx_ws/install:/opt/ros/humble LD_LIBRARY_PATH=/home/mrg/dai_ws/install/depthai_ros_msgs/lib:${LD_LIBRARY_PATH} PYTHONPATH=/home/mrg/dai_ws/install/depthai_ros_msgs/local/lib/python3.10/dist-packages:${PYTHONPATH} /usr/bin/cmake --build /home/mrg/dai_ws/build/depthai_bridge -- -j16 -l16
[1.945s] DEBUG:colcon.colcon_core.event_handler.log_command:Invoking command in '/home/mrg/dai_ws/build/depthai_filters': AMENT_PREFIX_PATH=/home/mrg/dai_ws/install/depthai_ros_msgs:${AMENT_PREFIX_PATH} CMAKE_PREFIX_PATH=/home/mrg/dai_ws/install/depthai_ros_msgs:/home/mrg/vrx_ws/install:/opt/ros/humble LD_LIBRARY_PATH=/home/mrg/dai_ws/install/depthai_ros_msgs/lib:${LD_LIBRARY_PATH} PYTHONPATH=/home/mrg/dai_ws/install/depthai_ros_msgs/local/lib/python3.10/dist-packages:${PYTHONPATH} /usr/bin/cmake --build /home/mrg/dai_ws/build/depthai_filters -- -j16 -l16
[2.094s] DEBUG:colcon.colcon_core.event_handler.log_command:Invoked command in '/home/mrg/dai_ws/build/depthai_filters' returned '0': AMENT_PREFIX_PATH=/home/mrg/dai_ws/install/depthai_ros_msgs:${AMENT_PREFIX_PATH} CMAKE_PREFIX_PATH=/home/mrg/dai_ws/install/depthai_ros_msgs:/home/mrg/vrx_ws/install:/opt/ros/humble LD_LIBRARY_PATH=/home/mrg/dai_ws/install/depthai_ros_msgs/lib:${LD_LIBRARY_PATH} PYTHONPATH=/home/mrg/dai_ws/install/depthai_ros_msgs/local/lib/python3.10/dist-packages:${PYTHONPATH} /usr/bin/cmake --build /home/mrg/dai_ws/build/depthai_filters -- -j16 -l16
[2.118s] DEBUG:colcon.colcon_core.event_handler.log_command:Invoked command in '/home/mrg/dai_ws/build/depthai_bridge' returned '0': AMENT_PREFIX_PATH=/home/mrg/dai_ws/install/depthai_ros_msgs:${AMENT_PREFIX_PATH} CMAKE_PREFIX_PATH=/home/mrg/dai_ws/install/depthai_ros_msgs:/home/mrg/vrx_ws/install:/opt/ros/humble LD_LIBRARY_PATH=/home/mrg/dai_ws/install/depthai_ros_msgs/lib:${LD_LIBRARY_PATH} PYTHONPATH=/home/mrg/dai_ws/install/depthai_ros_msgs/local/lib/python3.10/dist-packages:${PYTHONPATH} /usr/bin/cmake --build /home/mrg/dai_ws/build/depthai_bridge -- -j16 -l16
[2.180s] DEBUG:colcon.colcon_core.event_handler.log_command:Invoking command in '/home/mrg/dai_ws/build/depthai_filters': AMENT_PREFIX_PATH=/home/mrg/dai_ws/install/depthai_ros_msgs:${AMENT_PREFIX_PATH} CMAKE_PREFIX_PATH=/home/mrg/dai_ws/install/depthai_ros_msgs:/home/mrg/vrx_ws/install:/opt/ros/humble LD_LIBRARY_PATH=/home/mrg/dai_ws/install/depthai_ros_msgs/lib:${LD_LIBRARY_PATH} PYTHONPATH=/home/mrg/dai_ws/install/depthai_ros_msgs/local/lib/python3.10/dist-packages:${PYTHONPATH} /usr/bin/cmake --install /home/mrg/dai_ws/build/depthai_filters
[2.209s] DEBUG:colcon.colcon_core.event_handler.log_command:Invoking command in '/home/mrg/dai_ws/build/depthai_bridge': AMENT_PREFIX_PATH=/home/mrg/dai_ws/install/depthai_ros_msgs:${AMENT_PREFIX_PATH} CMAKE_PREFIX_PATH=/home/mrg/dai_ws/install/depthai_ros_msgs:/home/mrg/vrx_ws/install:/opt/ros/humble LD_LIBRARY_PATH=/home/mrg/dai_ws/install/depthai_ros_msgs/lib:${LD_LIBRARY_PATH} PYTHONPATH=/home/mrg/dai_ws/install/depthai_ros_msgs/local/lib/python3.10/dist-packages:${PYTHONPATH} /usr/bin/cmake --install /home/mrg/dai_ws/build/depthai_bridge
[2.232s] Level 1:colcon.colcon_core.environment:create_environment_scripts_only(depthai_filters)
[2.233s] Level 1:colcon.colcon_core.environment:checking '/home/mrg/dai_ws/install/depthai_filters' for CMake module files
[2.234s] DEBUG:colcon.colcon_core.event_handler.log_command:Invoked command in '/home/mrg/dai_ws/build/depthai_filters' returned '0': AMENT_PREFIX_PATH=/home/mrg/dai_ws/install/depthai_ros_msgs:${AMENT_PREFIX_PATH} CMAKE_PREFIX_PATH=/home/mrg/dai_ws/install/depthai_ros_msgs:/home/mrg/vrx_ws/install:/opt/ros/humble LD_LIBRARY_PATH=/home/mrg/dai_ws/install/depthai_ros_msgs/lib:${LD_LIBRARY_PATH} PYTHONPATH=/home/mrg/dai_ws/install/depthai_ros_msgs/local/lib/python3.10/dist-packages:${PYTHONPATH} /usr/bin/cmake --install /home/mrg/dai_ws/build/depthai_filters
[2.235s] Level 1:colcon.colcon_core.environment:checking '/home/mrg/dai_ws/install/depthai_filters' for CMake config files
[2.236s] Level 1:colcon.colcon_core.shell:create_environment_hook('depthai_filters', 'cmake_prefix_path')
[2.236s] INFO:colcon.colcon_core.shell:Creating environment hook '/home/mrg/dai_ws/install/depthai_filters/share/depthai_filters/hook/cmake_prefix_path.ps1'
[2.240s] INFO:colcon.colcon_core.shell:Creating environment descriptor '/home/mrg/dai_ws/install/depthai_filters/share/depthai_filters/hook/cmake_prefix_path.dsv'
[2.241s] INFO:colcon.colcon_core.shell:Creating environment hook '/home/mrg/dai_ws/install/depthai_filters/share/depthai_filters/hook/cmake_prefix_path.sh'
[2.242s] Level 1:colcon.colcon_core.environment:checking '/home/mrg/dai_ws/install/depthai_filters/lib'
[2.243s] Level 1:colcon.colcon_core.shell:create_environment_hook('depthai_filters', 'ld_library_path_lib')
[2.243s] INFO:colcon.colcon_core.shell:Creating environment hook '/home/mrg/dai_ws/install/depthai_filters/share/depthai_filters/hook/ld_library_path_lib.ps1'
[2.244s] INFO:colcon.colcon_core.shell:Creating environment descriptor '/home/mrg/dai_ws/install/depthai_filters/share/depthai_filters/hook/ld_library_path_lib.dsv'
[2.245s] INFO:colcon.colcon_core.shell:Creating environment hook '/home/mrg/dai_ws/install/depthai_filters/share/depthai_filters/hook/ld_library_path_lib.sh'
[2.245s] Level 1:colcon.colcon_core.environment:checking '/home/mrg/dai_ws/install/depthai_filters/bin'
[2.245s] Level 1:colcon.colcon_core.environment:checking '/home/mrg/dai_ws/install/depthai_filters/lib/pkgconfig/depthai_filters.pc'
[2.246s] Level 1:colcon.colcon_core.environment:checking '/home/mrg/dai_ws/install/depthai_filters/lib/python3.10/site-packages'
[2.246s] Level 1:colcon.colcon_core.environment:checking '/home/mrg/dai_ws/install/depthai_filters/bin'
[2.247s] INFO:colcon.colcon_core.shell:Creating package script '/home/mrg/dai_ws/install/depthai_filters/share/depthai_filters/package.ps1'
[2.248s] INFO:colcon.colcon_core.shell:Creating package descriptor '/home/mrg/dai_ws/install/depthai_filters/share/depthai_filters/package.dsv'
[2.249s] INFO:colcon.colcon_core.shell:Creating package script '/home/mrg/dai_ws/install/depthai_filters/share/depthai_filters/package.sh'
[2.250s] INFO:colcon.colcon_core.shell:Creating package script '/home/mrg/dai_ws/install/depthai_filters/share/depthai_filters/package.bash'
[2.250s] INFO:colcon.colcon_core.shell:Creating package script '/home/mrg/dai_ws/install/depthai_filters/share/depthai_filters/package.zsh'
[2.251s] Level 1:colcon.colcon_core.environment:create_file_with_runtime_dependencies(/home/mrg/dai_ws/install/depthai_filters/share/colcon-core/packages/depthai_filters)
[2.254s] Level 1:colcon.colcon_core.environment:create_environment_scripts_only(depthai_bridge)
[2.255s] Level 1:colcon.colcon_core.environment:checking '/home/mrg/dai_ws/install/depthai_bridge' for CMake module files
[2.256s] DEBUG:colcon.colcon_core.event_handler.log_command:Invoked command in '/home/mrg/dai_ws/build/depthai_bridge' returned '0': AMENT_PREFIX_PATH=/home/mrg/dai_ws/install/depthai_ros_msgs:${AMENT_PREFIX_PATH} CMAKE_PREFIX_PATH=/home/mrg/dai_ws/install/depthai_ros_msgs:/home/mrg/vrx_ws/install:/opt/ros/humble LD_LIBRARY_PATH=/home/mrg/dai_ws/install/depthai_ros_msgs/lib:${LD_LIBRARY_PATH} PYTHONPATH=/home/mrg/dai_ws/install/depthai_ros_msgs/local/lib/python3.10/dist-packages:${PYTHONPATH} /usr/bin/cmake --install /home/mrg/dai_ws/build/depthai_bridge
[2.257s] Level 1:colcon.colcon_core.environment:checking '/home/mrg/dai_ws/install/depthai_bridge' for CMake config files
[2.258s] Level 1:colcon.colcon_core.shell:create_environment_hook('depthai_bridge', 'cmake_prefix_path')
[2.258s] INFO:colcon.colcon_core.shell:Creating environment hook '/home/mrg/dai_ws/install/depthai_bridge/share/depthai_bridge/hook/cmake_prefix_path.ps1'
[2.259s] INFO:colcon.colcon_core.shell:Creating environment descriptor '/home/mrg/dai_ws/install/depthai_bridge/share/depthai_bridge/hook/cmake_prefix_path.dsv'
[2.260s] INFO:colcon.colcon_core.shell:Creating environment hook '/home/mrg/dai_ws/install/depthai_bridge/share/depthai_bridge/hook/cmake_prefix_path.sh'
[2.261s] Level 1:colcon.colcon_core.environment:checking '/home/mrg/dai_ws/install/depthai_bridge/lib'
[2.261s] Level 1:colcon.colcon_core.shell:create_environment_hook('depthai_bridge', 'ld_library_path_lib')
[2.262s] INFO:colcon.colcon_core.shell:Creating environment hook '/home/mrg/dai_ws/install/depthai_bridge/share/depthai_bridge/hook/ld_library_path_lib.ps1'
[2.262s] INFO:colcon.colcon_core.shell:Creating environment descriptor '/home/mrg/dai_ws/install/depthai_bridge/share/depthai_bridge/hook/ld_library_path_lib.dsv'
[2.263s] INFO:colcon.colcon_core.shell:Creating environment hook '/home/mrg/dai_ws/install/depthai_bridge/share/depthai_bridge/hook/ld_library_path_lib.sh'
[2.263s] Level 1:colcon.colcon_core.environment:checking '/home/mrg/dai_ws/install/depthai_bridge/bin'
[2.263s] Level 1:colcon.colcon_core.environment:checking '/home/mrg/dai_ws/install/depthai_bridge/lib/pkgconfig/depthai_bridge.pc'
[2.264s] Level 1:colcon.colcon_core.environment:checking '/home/mrg/dai_ws/install/depthai_bridge/lib/python3.10/site-packages'
[2.264s] Level 1:colcon.colcon_core.environment:checking '/home/mrg/dai_ws/install/depthai_bridge/bin'
[2.264s] INFO:colcon.colcon_core.shell:Creating package script '/home/mrg/dai_ws/install/depthai_bridge/share/depthai_bridge/package.ps1'
[2.265s] INFO:colcon.colcon_core.shell:Creating package descriptor '/home/mrg/dai_ws/install/depthai_bridge/share/depthai_bridge/package.dsv'
[2.266s] INFO:colcon.colcon_core.shell:Creating package script '/home/mrg/dai_ws/install/depthai_bridge/share/depthai_bridge/package.sh'
[2.267s] INFO:colcon.colcon_core.shell:Creating package script '/home/mrg/dai_ws/install/depthai_bridge/share/depthai_bridge/package.bash'
[2.267s] INFO:colcon.colcon_core.shell:Creating package script '/home/mrg/dai_ws/install/depthai_bridge/share/depthai_bridge/package.zsh'
[2.268s] Level 1:colcon.colcon_core.environment:create_file_with_runtime_dependencies(/home/mrg/dai_ws/install/depthai_bridge/share/colcon-core/packages/depthai_bridge)
[2.346s] Level 1:colcon.colcon_core.environment:create_environment_scripts_only(depthai_filters)
[2.347s] Level 1:colcon.colcon_core.environment:checking '/home/mrg/dai_ws/install/depthai_filters' for CMake module files
[2.347s] Level 1:colcon.colcon_core.environment:checking '/home/mrg/dai_ws/install/depthai_filters' for CMake config files
[2.348s] Level 1:colcon.colcon_core.shell:create_environment_hook('depthai_filters', 'cmake_prefix_path')
[2.348s] INFO:colcon.colcon_core.shell:Creating environment hook '/home/mrg/dai_ws/install/depthai_filters/share/depthai_filters/hook/cmake_prefix_path.ps1'
[2.349s] INFO:colcon.colcon_core.shell:Creating environment descriptor '/home/mrg/dai_ws/install/depthai_filters/share/depthai_filters/hook/cmake_prefix_path.dsv'
[2.349s] INFO:colcon.colcon_core.shell:Creating environment hook '/home/mrg/dai_ws/install/depthai_filters/share/depthai_filters/hook/cmake_prefix_path.sh'
[2.350s] Level 1:colcon.colcon_core.environment:checking '/home/mrg/dai_ws/install/depthai_filters/lib'
[2.351s] Level 1:colcon.colcon_core.shell:create_environment_hook('depthai_filters', 'ld_library_path_lib')
[2.351s] INFO:colcon.colcon_core.shell:Creating environment hook '/home/mrg/dai_ws/install/depthai_filters/share/depthai_filters/hook/ld_library_path_lib.ps1'
[2.352s] INFO:colcon.colcon_core.shell:Creating environment descriptor '/home/mrg/dai_ws/install/depthai_filters/share/depthai_filters/hook/ld_library_path_lib.dsv'
[2.352s] INFO:colcon.colcon_core.shell:Creating environment hook '/home/mrg/dai_ws/install/depthai_filters/share/depthai_filters/hook/ld_library_path_lib.sh'
[2.353s] Level 1:colcon.colcon_core.environment:checking '/home/mrg/dai_ws/install/depthai_filters/bin'
[2.353s] Level 1:colcon.colcon_core.environment:checking '/home/mrg/dai_ws/install/depthai_filters/lib/pkgconfig/depthai_filters.pc'
[2.353s] Level 1:colcon.colcon_core.environment:checking '/home/mrg/dai_ws/install/depthai_filters/lib/python3.10/site-packages'
[2.353s] Level 1:colcon.colcon_core.environment:checking '/home/mrg/dai_ws/install/depthai_filters/bin'
[2.354s] INFO:colcon.colcon_core.shell:Creating package script '/home/mrg/dai_ws/install/depthai_filters/share/depthai_filters/package.ps1'
[2.355s] INFO:colcon.colcon_core.shell:Creating package descriptor '/home/mrg/dai_ws/install/depthai_filters/share/depthai_filters/package.dsv'
[2.356s] INFO:colcon.colcon_core.shell:Creating package script '/home/mrg/dai_ws/install/depthai_filters/share/depthai_filters/package.sh'
[2.356s] INFO:colcon.colcon_core.shell:Creating package script '/home/mrg/dai_ws/install/depthai_filters/share/depthai_filters/package.bash'
[2.357s] INFO:colcon.colcon_core.shell:Creating package script '/home/mrg/dai_ws/install/depthai_filters/share/depthai_filters/package.zsh'
[2.358s] Level 1:colcon.colcon_core.environment:create_file_with_runtime_dependencies(/home/mrg/dai_ws/install/depthai_filters/share/colcon-core/packages/depthai_filters)
[2.360s] Level 1:colcon.colcon_core.environment:create_environment_scripts_only(depthai_bridge)
[2.360s] Level 1:colcon.colcon_core.environment:checking '/home/mrg/dai_ws/install/depthai_bridge' for CMake module files
[2.361s] Level 1:colcon.colcon_core.environment:checking '/home/mrg/dai_ws/install/depthai_bridge' for CMake config files
[2.362s] Level 1:colcon.colcon_core.shell:create_environment_hook('depthai_bridge', 'cmake_prefix_path')
[2.363s] INFO:colcon.colcon_core.shell:Creating environment hook '/home/mrg/dai_ws/install/depthai_bridge/share/depthai_bridge/hook/cmake_prefix_path.ps1'
[2.363s] INFO:colcon.colcon_core.shell:Creating environment descriptor '/home/mrg/dai_ws/install/depthai_bridge/share/depthai_bridge/hook/cmake_prefix_path.dsv'
[2.364s] INFO:colcon.colcon_core.shell:Creating environment hook '/home/mrg/dai_ws/install/depthai_bridge/share/depthai_bridge/hook/cmake_prefix_path.sh'
[2.365s] Level 1:colcon.colcon_core.environment:checking '/home/mrg/dai_ws/install/depthai_bridge/lib'
[2.365s] Level 1:colcon.colcon_core.shell:create_environment_hook('depthai_bridge', 'ld_library_path_lib')
[2.365s] INFO:colcon.colcon_core.shell:Creating environment hook '/home/mrg/dai_ws/install/depthai_bridge/share/depthai_bridge/hook/ld_library_path_lib.ps1'
[2.366s] INFO:colcon.colcon_core.shell:Creating environment descriptor '/home/mrg/dai_ws/install/depthai_bridge/share/depthai_bridge/hook/ld_library_path_lib.dsv'
[2.367s] INFO:colcon.colcon_core.shell:Creating environment hook '/home/mrg/dai_ws/install/depthai_bridge/share/depthai_bridge/hook/ld_library_path_lib.sh'
[2.367s] Level 1:colcon.colcon_core.environment:checking '/home/mrg/dai_ws/install/depthai_bridge/bin'
[2.367s] Level 1:colcon.colcon_core.environment:checking '/home/mrg/dai_ws/install/depthai_bridge/lib/pkgconfig/depthai_bridge.pc'
[2.368s] Level 1:colcon.colcon_core.environment:checking '/home/mrg/dai_ws/install/depthai_bridge/lib/python3.10/site-packages'
[2.368s] Level 1:colcon.colcon_core.environment:checking '/home/mrg/dai_ws/install/depthai_bridge/bin'
[2.369s] INFO:colcon.colcon_core.shell:Creating package script '/home/mrg/dai_ws/install/depthai_bridge/share/depthai_bridge/package.ps1'
[2.370s] INFO:colcon.colcon_core.shell:Creating package descriptor '/home/mrg/dai_ws/install/depthai_bridge/share/depthai_bridge/package.dsv'
[2.370s] INFO:colcon.colcon_core.shell:Creating package script '/home/mrg/dai_ws/install/depthai_bridge/share/depthai_bridge/package.sh'
[2.371s] INFO:colcon.colcon_core.shell:Creating package script '/home/mrg/dai_ws/install/depthai_bridge/share/depthai_bridge/package.bash'
[2.372s] INFO:colcon.colcon_core.shell:Creating package script '/home/mrg/dai_ws/install/depthai_bridge/share/depthai_bridge/package.zsh'
[2.372s] Level 1:colcon.colcon_core.environment:create_file_with_runtime_dependencies(/home/mrg/dai_ws/install/depthai_bridge/share/colcon-core/packages/depthai_bridge)
[2.373s] INFO:colcon.colcon_ros.task.ament_cmake.build:Building ROS package in '/home/mrg/dai_ws/src/depthai-ros/depthai_examples' with build type 'ament_cmake'
[2.373s] INFO:colcon.colcon_cmake.task.cmake.build:Building CMake package in '/home/mrg/dai_ws/src/depthai-ros/depthai_examples'
[2.374s] INFO:colcon.colcon_core.shell:Skip shell extension 'powershell' for command environment: Not usable outside of PowerShell
[2.374s] DEBUG:colcon.colcon_core.shell:Skip shell extension 'dsv' for command environment
[2.403s] DEBUG:colcon.colcon_core.event_handler.log_command:Invoking command in '/home/mrg/dai_ws/build/depthai_examples': AMENT_PREFIX_PATH=/home/mrg/dai_ws/install/depthai_bridge:/home/mrg/dai_ws/install/depthai_ros_msgs:/home/mrg/dai_ws/install/depthai_descriptions:${AMENT_PREFIX_PATH} CMAKE_PREFIX_PATH=/home/mrg/dai_ws/install/depthai_bridge:/home/mrg/dai_ws/install/depthai_ros_msgs:/home/mrg/dai_ws/install/depthai_descriptions:/home/mrg/vrx_ws/install:/opt/ros/humble GAZEBO_MODEL_PATH=/home/mrg/dai_ws/install/depthai_descriptions GAZEBO_RESOURCE_PATH=/home/mrg/dai_ws/install/depthai_descriptions IGN_GAZEBO_MODEL_PATH=/home/mrg/dai_ws/install/depthai_descriptions IGN_GAZEBO_RESOURCE_PATH=/home/mrg/dai_ws/install/depthai_descriptions LD_LIBRARY_PATH=/home/mrg/dai_ws/install/depthai_bridge/lib:/home/mrg/dai_ws/install/depthai_ros_msgs/lib:${LD_LIBRARY_PATH} PYTHONPATH=/home/mrg/dai_ws/install/depthai_ros_msgs/local/lib/python3.10/dist-packages:${PYTHONPATH} /usr/bin/cmake --build /home/mrg/dai_ws/build/depthai_examples -- -j16 -l16
[15.945s] DEBUG:colcon.colcon_core.event_handler.log_command:Invoked command in '/home/mrg/dai_ws/build/depthai_examples' returned '0': AMENT_PREFIX_PATH=/home/mrg/dai_ws/install/depthai_bridge:/home/mrg/dai_ws/install/depthai_ros_msgs:/home/mrg/dai_ws/install/depthai_descriptions:${AMENT_PREFIX_PATH} CMAKE_PREFIX_PATH=/home/mrg/dai_ws/install/depthai_bridge:/home/mrg/dai_ws/install/depthai_ros_msgs:/home/mrg/dai_ws/install/depthai_descriptions:/home/mrg/vrx_ws/install:/opt/ros/humble GAZEBO_MODEL_PATH=/home/mrg/dai_ws/install/depthai_descriptions GAZEBO_RESOURCE_PATH=/home/mrg/dai_ws/install/depthai_descriptions IGN_GAZEBO_MODEL_PATH=/home/mrg/dai_ws/install/depthai_descriptions IGN_GAZEBO_RESOURCE_PATH=/home/mrg/dai_ws/install/depthai_descriptions LD_LIBRARY_PATH=/home/mrg/dai_ws/install/depthai_bridge/lib:/home/mrg/dai_ws/install/depthai_ros_msgs/lib:${LD_LIBRARY_PATH} PYTHONPATH=/home/mrg/dai_ws/install/depthai_ros_msgs/local/lib/python3.10/dist-packages:${PYTHONPATH} /usr/bin/cmake --build /home/mrg/dai_ws/build/depthai_examples -- -j16 -l16
[16.084s] DEBUG:colcon.colcon_core.event_handler.log_command:Invoking command in '/home/mrg/dai_ws/build/depthai_examples': AMENT_PREFIX_PATH=/home/mrg/dai_ws/install/depthai_bridge:/home/mrg/dai_ws/install/depthai_ros_msgs:/home/mrg/dai_ws/install/depthai_descriptions:${AMENT_PREFIX_PATH} CMAKE_PREFIX_PATH=/home/mrg/dai_ws/install/depthai_bridge:/home/mrg/dai_ws/install/depthai_ros_msgs:/home/mrg/dai_ws/install/depthai_descriptions:/home/mrg/vrx_ws/install:/opt/ros/humble GAZEBO_MODEL_PATH=/home/mrg/dai_ws/install/depthai_descriptions GAZEBO_RESOURCE_PATH=/home/mrg/dai_ws/install/depthai_descriptions IGN_GAZEBO_MODEL_PATH=/home/mrg/dai_ws/install/depthai_descriptions IGN_GAZEBO_RESOURCE_PATH=/home/mrg/dai_ws/install/depthai_descriptions LD_LIBRARY_PATH=/home/mrg/dai_ws/install/depthai_bridge/lib:/home/mrg/dai_ws/install/depthai_ros_msgs/lib:${LD_LIBRARY_PATH} PYTHONPATH=/home/mrg/dai_ws/install/depthai_ros_msgs/local/lib/python3.10/dist-packages:${PYTHONPATH} /usr/bin/cmake --install /home/mrg/dai_ws/build/depthai_examples
[16.152s] Level 1:colcon.colcon_core.environment:create_environment_scripts_only(depthai_examples)
[16.152s] Level 1:colcon.colcon_core.environment:checking '/home/mrg/dai_ws/install/depthai_examples' for CMake module files
[16.153s] DEBUG:colcon.colcon_core.event_handler.log_command:Invoked command in '/home/mrg/dai_ws/build/depthai_examples' returned '0': AMENT_PREFIX_PATH=/home/mrg/dai_ws/install/depthai_bridge:/home/mrg/dai_ws/install/depthai_ros_msgs:/home/mrg/dai_ws/install/depthai_descriptions:${AMENT_PREFIX_PATH} CMAKE_PREFIX_PATH=/home/mrg/dai_ws/install/depthai_bridge:/home/mrg/dai_ws/install/depthai_ros_msgs:/home/mrg/dai_ws/install/depthai_descriptions:/home/mrg/vrx_ws/install:/opt/ros/humble GAZEBO_MODEL_PATH=/home/mrg/dai_ws/install/depthai_descriptions GAZEBO_RESOURCE_PATH=/home/mrg/dai_ws/install/depthai_descriptions IGN_GAZEBO_MODEL_PATH=/home/mrg/dai_ws/install/depthai_descriptions IGN_GAZEBO_RESOURCE_PATH=/home/mrg/dai_ws/install/depthai_descriptions LD_LIBRARY_PATH=/home/mrg/dai_ws/install/depthai_bridge/lib:/home/mrg/dai_ws/install/depthai_ros_msgs/lib:${LD_LIBRARY_PATH} PYTHONPATH=/home/mrg/dai_ws/install/depthai_ros_msgs/local/lib/python3.10/dist-packages:${PYTHONPATH} /usr/bin/cmake --install /home/mrg/dai_ws/build/depthai_examples
[16.154s] Level 1:colcon.colcon_core.environment:checking '/home/mrg/dai_ws/install/depthai_examples' for CMake config files
[16.155s] Level 1:colcon.colcon_core.shell:create_environment_hook('depthai_examples', 'cmake_prefix_path')
[16.156s] INFO:colcon.colcon_core.shell:Creating environment hook '/home/mrg/dai_ws/install/depthai_examples/share/depthai_examples/hook/cmake_prefix_path.ps1'
[16.157s] INFO:colcon.colcon_core.shell:Creating environment descriptor '/home/mrg/dai_ws/install/depthai_examples/share/depthai_examples/hook/cmake_prefix_path.dsv'
[16.157s] INFO:colcon.colcon_core.shell:Creating environment hook '/home/mrg/dai_ws/install/depthai_examples/share/depthai_examples/hook/cmake_prefix_path.sh'
[16.158s] Level 1:colcon.colcon_core.environment:checking '/home/mrg/dai_ws/install/depthai_examples/lib'
[16.158s] Level 1:colcon.colcon_core.environment:checking '/home/mrg/dai_ws/install/depthai_examples/bin'
[16.159s] Level 1:colcon.colcon_core.environment:checking '/home/mrg/dai_ws/install/depthai_examples/lib/pkgconfig/depthai_examples.pc'
[16.159s] Level 1:colcon.colcon_core.environment:checking '/home/mrg/dai_ws/install/depthai_examples/lib/python3.10/site-packages'
[16.160s] Level 1:colcon.colcon_core.environment:checking '/home/mrg/dai_ws/install/depthai_examples/bin'
[16.160s] INFO:colcon.colcon_core.shell:Creating package script '/home/mrg/dai_ws/install/depthai_examples/share/depthai_examples/package.ps1'
[16.161s] INFO:colcon.colcon_core.shell:Creating package descriptor '/home/mrg/dai_ws/install/depthai_examples/share/depthai_examples/package.dsv'
[16.162s] INFO:colcon.colcon_core.shell:Creating package script '/home/mrg/dai_ws/install/depthai_examples/share/depthai_examples/package.sh'
[16.163s] INFO:colcon.colcon_core.shell:Creating package script '/home/mrg/dai_ws/install/depthai_examples/share/depthai_examples/package.bash'
[16.163s] INFO:colcon.colcon_core.shell:Creating package script '/home/mrg/dai_ws/install/depthai_examples/share/depthai_examples/package.zsh'
[16.164s] Level 1:colcon.colcon_core.environment:create_file_with_runtime_dependencies(/home/mrg/dai_ws/install/depthai_examples/share/colcon-core/packages/depthai_examples)
[16.260s] Level 1:colcon.colcon_core.environment:create_environment_scripts_only(depthai_examples)
[16.260s] Level 1:colcon.colcon_core.environment:checking '/home/mrg/dai_ws/install/depthai_examples' for CMake module files
[16.261s] Level 1:colcon.colcon_core.environment:checking '/home/mrg/dai_ws/install/depthai_examples' for CMake config files
[16.262s] Level 1:colcon.colcon_core.shell:create_environment_hook('depthai_examples', 'cmake_prefix_path')
[16.263s] INFO:colcon.colcon_core.shell:Creating environment hook '/home/mrg/dai_ws/install/depthai_examples/share/depthai_examples/hook/cmake_prefix_path.ps1'
[16.264s] INFO:colcon.colcon_core.shell:Creating environment descriptor '/home/mrg/dai_ws/install/depthai_examples/share/depthai_examples/hook/cmake_prefix_path.dsv'
[16.264s] INFO:colcon.colcon_core.shell:Creating environment hook '/home/mrg/dai_ws/install/depthai_examples/share/depthai_examples/hook/cmake_prefix_path.sh'
[16.265s] Level 1:colcon.colcon_core.environment:checking '/home/mrg/dai_ws/install/depthai_examples/lib'
[16.265s] Level 1:colcon.colcon_core.environment:checking '/home/mrg/dai_ws/install/depthai_examples/bin'
[16.266s] Level 1:colcon.colcon_core.environment:checking '/home/mrg/dai_ws/install/depthai_examples/lib/pkgconfig/depthai_examples.pc'
[16.266s] Level 1:colcon.colcon_core.environment:checking '/home/mrg/dai_ws/install/depthai_examples/lib/python3.10/site-packages'
[16.266s] Level 1:colcon.colcon_core.environment:checking '/home/mrg/dai_ws/install/depthai_examples/bin'
[16.267s] INFO:colcon.colcon_core.shell:Creating package script '/home/mrg/dai_ws/install/depthai_examples/share/depthai_examples/package.ps1'
[16.268s] INFO:colcon.colcon_core.shell:Creating package descriptor '/home/mrg/dai_ws/install/depthai_examples/share/depthai_examples/package.dsv'
[16.269s] INFO:colcon.colcon_core.shell:Creating package script '/home/mrg/dai_ws/install/depthai_examples/share/depthai_examples/package.sh'
[16.270s] INFO:colcon.colcon_core.shell:Creating package script '/home/mrg/dai_ws/install/depthai_examples/share/depthai_examples/package.bash'
[16.271s] INFO:colcon.colcon_core.shell:Creating package script '/home/mrg/dai_ws/install/depthai_examples/share/depthai_examples/package.zsh'
[16.271s] Level 1:colcon.colcon_core.environment:create_file_with_runtime_dependencies(/home/mrg/dai_ws/install/depthai_examples/share/colcon-core/packages/depthai_examples)
[16.272s] INFO:colcon.colcon_ros.task.ament_cmake.build:Building ROS package in '/home/mrg/dai_ws/src/depthai-ros/depthai_ros_driver' with build type 'ament_cmake'
[16.273s] INFO:colcon.colcon_cmake.task.cmake.build:Building CMake package in '/home/mrg/dai_ws/src/depthai-ros/depthai_ros_driver'
[16.273s] INFO:colcon.colcon_core.shell:Skip shell extension 'powershell' for command environment: Not usable outside of PowerShell
[16.273s] DEBUG:colcon.colcon_core.shell:Skip shell extension 'dsv' for command environment
[16.300s] DEBUG:colcon.colcon_core.event_handler.log_command:Invoking command in '/home/mrg/dai_ws/build/depthai_ros_driver': AMENT_PREFIX_PATH=/home/mrg/dai_ws/install/depthai_examples:/home/mrg/dai_ws/install/depthai_bridge:/home/mrg/dai_ws/install/depthai_ros_msgs:/home/mrg/dai_ws/install/depthai_descriptions:${AMENT_PREFIX_PATH} CMAKE_PREFIX_PATH=/home/mrg/dai_ws/install/depthai_examples:/home/mrg/dai_ws/install/depthai_bridge:/home/mrg/dai_ws/install/depthai_ros_msgs:/home/mrg/dai_ws/install/depthai_descriptions:/home/mrg/vrx_ws/install:/opt/ros/humble GAZEBO_MODEL_PATH=/home/mrg/dai_ws/install/depthai_descriptions GAZEBO_RESOURCE_PATH=/home/mrg/dai_ws/install/depthai_descriptions IGN_GAZEBO_MODEL_PATH=/home/mrg/dai_ws/install/depthai_descriptions IGN_GAZEBO_RESOURCE_PATH=/home/mrg/dai_ws/install/depthai_descriptions LD_LIBRARY_PATH=/home/mrg/dai_ws/install/depthai_bridge/lib:/home/mrg/dai_ws/install/depthai_ros_msgs/lib:${LD_LIBRARY_PATH} PYTHONPATH=/home/mrg/dai_ws/install/depthai_ros_msgs/local/lib/python3.10/dist-packages:${PYTHONPATH} /usr/bin/cmake --build /home/mrg/dai_ws/build/depthai_ros_driver -- -j16 -l16
[24.688s] DEBUG:colcon.colcon_core.event_handler.log_command:Invoked command in '/home/mrg/dai_ws/build/depthai_ros_driver' returned '2': AMENT_PREFIX_PATH=/home/mrg/dai_ws/install/depthai_examples:/home/mrg/dai_ws/install/depthai_bridge:/home/mrg/dai_ws/install/depthai_ros_msgs:/home/mrg/dai_ws/install/depthai_descriptions:${AMENT_PREFIX_PATH} CMAKE_PREFIX_PATH=/home/mrg/dai_ws/install/depthai_examples:/home/mrg/dai_ws/install/depthai_bridge:/home/mrg/dai_ws/install/depthai_ros_msgs:/home/mrg/dai_ws/install/depthai_descriptions:/home/mrg/vrx_ws/install:/opt/ros/humble GAZEBO_MODEL_PATH=/home/mrg/dai_ws/install/depthai_descriptions GAZEBO_RESOURCE_PATH=/home/mrg/dai_ws/install/depthai_descriptions IGN_GAZEBO_MODEL_PATH=/home/mrg/dai_ws/install/depthai_descriptions IGN_GAZEBO_RESOURCE_PATH=/home/mrg/dai_ws/install/depthai_descriptions LD_LIBRARY_PATH=/home/mrg/dai_ws/install/depthai_bridge/lib:/home/mrg/dai_ws/install/depthai_ros_msgs/lib:${LD_LIBRARY_PATH} PYTHONPATH=/home/mrg/dai_ws/install/depthai_ros_msgs/local/lib/python3.10/dist-packages:${PYTHONPATH} /usr/bin/cmake --build /home/mrg/dai_ws/build/depthai_ros_driver -- -j16 -l16
[24.883s] Level 1:colcon.colcon_core.environment:create_environment_scripts_only(depthai_ros_driver)
[24.883s] Level 1:colcon.colcon_core.environment:checking '/home/mrg/dai_ws/install/depthai_ros_driver' for CMake module files
[24.885s] Level 1:colcon.colcon_core.environment:checking '/home/mrg/dai_ws/install/depthai_ros_driver' for CMake config files
[24.886s] Level 1:colcon.colcon_core.shell:create_environment_hook('depthai_ros_driver', 'cmake_prefix_path')
[24.886s] INFO:colcon.colcon_core.shell:Creating environment hook '/home/mrg/dai_ws/install/depthai_ros_driver/share/depthai_ros_driver/hook/cmake_prefix_path.ps1'
[24.887s] INFO:colcon.colcon_core.shell:Creating environment descriptor '/home/mrg/dai_ws/install/depthai_ros_driver/share/depthai_ros_driver/hook/cmake_prefix_path.dsv'
[24.887s] INFO:colcon.colcon_core.shell:Creating environment hook '/home/mrg/dai_ws/install/depthai_ros_driver/share/depthai_ros_driver/hook/cmake_prefix_path.sh'
[24.889s] Level 1:colcon.colcon_core.environment:checking '/home/mrg/dai_ws/install/depthai_ros_driver/lib'
[24.889s] Level 1:colcon.colcon_core.shell:create_environment_hook('depthai_ros_driver', 'ld_library_path_lib')
[24.889s] INFO:colcon.colcon_core.shell:Creating environment hook '/home/mrg/dai_ws/install/depthai_ros_driver/share/depthai_ros_driver/hook/ld_library_path_lib.ps1'
[24.890s] INFO:colcon.colcon_core.shell:Creating environment descriptor '/home/mrg/dai_ws/install/depthai_ros_driver/share/depthai_ros_driver/hook/ld_library_path_lib.dsv'
[24.891s] INFO:colcon.colcon_core.shell:Creating environment hook '/home/mrg/dai_ws/install/depthai_ros_driver/share/depthai_ros_driver/hook/ld_library_path_lib.sh'
[24.892s] Level 1:colcon.colcon_core.environment:checking '/home/mrg/dai_ws/install/depthai_ros_driver/bin'
[24.892s] Level 1:colcon.colcon_core.environment:checking '/home/mrg/dai_ws/install/depthai_ros_driver/lib/pkgconfig/depthai_ros_driver.pc'
[24.892s] Level 1:colcon.colcon_core.environment:checking '/home/mrg/dai_ws/install/depthai_ros_driver/lib/python3.10/site-packages'
[24.892s] Level 1:colcon.colcon_core.environment:checking '/home/mrg/dai_ws/install/depthai_ros_driver/bin'
[24.893s] INFO:colcon.colcon_core.shell:Creating package script '/home/mrg/dai_ws/install/depthai_ros_driver/share/depthai_ros_driver/package.ps1'
[24.894s] INFO:colcon.colcon_core.shell:Creating package descriptor '/home/mrg/dai_ws/install/depthai_ros_driver/share/depthai_ros_driver/package.dsv'
[24.895s] INFO:colcon.colcon_core.shell:Creating package script '/home/mrg/dai_ws/install/depthai_ros_driver/share/depthai_ros_driver/package.sh'
[24.896s] INFO:colcon.colcon_core.shell:Creating package script '/home/mrg/dai_ws/install/depthai_ros_driver/share/depthai_ros_driver/package.bash'
[24.897s] INFO:colcon.colcon_core.shell:Creating package script '/home/mrg/dai_ws/install/depthai_ros_driver/share/depthai_ros_driver/package.zsh'
[24.897s] Level 1:colcon.colcon_core.environment:create_file_with_runtime_dependencies(/home/mrg/dai_ws/install/depthai_ros_driver/share/colcon-core/packages/depthai_ros_driver)
[24.898s] DEBUG:colcon.colcon_parallel_executor.executor.parallel:closing loop
[24.899s] DEBUG:colcon.colcon_parallel_executor.executor.parallel:loop closed
[24.899s] DEBUG:colcon.colcon_parallel_executor.executor.parallel:run_until_complete finished with '2'
[24.899s] DEBUG:colcon.colcon_core.event_reactor:joining thread
[24.908s] INFO:colcon.colcon_core.plugin_system:Skipping extension 'colcon_notification.desktop_notification.terminal_notifier': Not used on non-Darwin systems
[24.908s] INFO:colcon.colcon_core.plugin_system:Skipping extension 'colcon_notification.desktop_notification.win32': Not used on non-Windows systems
[24.908s] INFO:colcon.colcon_notification.desktop_notification:Sending desktop notification using 'notify2'
[24.928s] DEBUG:colcon.colcon_core.event_reactor:joined thread
[24.928s] INFO:colcon.colcon_core.shell:Creating prefix script '/home/mrg/dai_ws/install/local_setup.ps1'
[24.930s] INFO:colcon.colcon_core.shell:Creating prefix util module '/home/mrg/dai_ws/install/_local_setup_util_ps1.py'
[24.933s] INFO:colcon.colcon_core.shell:Creating prefix chain script '/home/mrg/dai_ws/install/setup.ps1'
[24.935s] INFO:colcon.colcon_core.shell:Creating prefix script '/home/mrg/dai_ws/install/local_setup.sh'
[24.936s] INFO:colcon.colcon_core.shell:Creating prefix util module '/home/mrg/dai_ws/install/_local_setup_util_sh.py'
[24.937s] INFO:colcon.colcon_core.shell:Creating prefix chain script '/home/mrg/dai_ws/install/setup.sh'
[24.938s] INFO:colcon.colcon_core.shell:Creating prefix script '/home/mrg/dai_ws/install/local_setup.bash'
[24.939s] INFO:colcon.colcon_core.shell:Creating prefix chain script '/home/mrg/dai_ws/install/setup.bash'
[24.941s] INFO:colcon.colcon_core.shell:Creating prefix script '/home/mrg/dai_ws/install/local_setup.zsh'
[24.942s] INFO:colcon.colcon_core.shell:Creating prefix chain script '/home/mrg/dai_ws/install/setup.zsh'
