[0.017s] Invoking command in '/home/mrg/dai_ws/build/depthai_examples': AMENT_PREFIX_PATH=/home/mrg/dai_ws/install/depthai_bridge:/home/mrg/dai_ws/install/depthai_ros_msgs:/home/mrg/dai_ws/install/depthai_descriptions:${AMENT_PREFIX_PATH} CMAKE_PREFIX_PATH=/home/mrg/dai_ws/install/depthai_bridge:/home/mrg/dai_ws/install/depthai_ros_msgs:/home/mrg/dai_ws/install/depthai_descriptions:/home/mrg/vrx_ws/install:/opt/ros/humble GAZEBO_MODEL_PATH=/home/mrg/dai_ws/install/depthai_descriptions GAZEBO_RESOURCE_PATH=/home/mrg/dai_ws/install/depthai_descriptions IGN_GAZEBO_MODEL_PATH=/home/mrg/dai_ws/install/depthai_descriptions IGN_GAZEBO_RESOURCE_PATH=/home/mrg/dai_ws/install/depthai_descriptions LD_LIBRARY_PATH=/home/mrg/dai_ws/install/depthai_bridge/lib:/home/mrg/dai_ws/install/depthai_ros_msgs/lib:${LD_LIBRARY_PATH} PYTHONPATH=/home/mrg/dai_ws/install/depthai_ros_msgs/local/lib/python3.10/dist-packages:${PYTHONPATH} /usr/bin/cmake --build /home/mrg/dai_ws/build/depthai_examples -- -j16 -l16
[0.073s] [35m[1mConsolidate compiler generated dependencies of target rgb_stereo_node[0m
[0.076s] [35m[1mConsolidate compiler generated dependencies of target stereo_inertial_node[0m
[0.084s] [ 30%] Built target mobilenet_node
[0.084s] [ 30%] Built target yolov4_spatial_node
[0.084s] [ 30%] Built target stereo_node
[0.084s] [ 40%] Built target yolov4_node
[0.089s] [ 55%] Built target tracker_yolov4_spatial_node
[0.089s] [ 60%] Built target tracker_yolov4_node
[0.093s] [ 70%] Built target crop_control_service
[0.093s] [ 80%] Built target feature_tracker
[0.099s] [ 90%] Built target rgb_stereo_node
[0.106s] [100%] Built target stereo_inertial_node
[0.120s] Invoked command in '/home/mrg/dai_ws/build/depthai_examples' returned '0': AMENT_PREFIX_PATH=/home/mrg/dai_ws/install/depthai_bridge:/home/mrg/dai_ws/install/depthai_ros_msgs:/home/mrg/dai_ws/install/depthai_descriptions:${AMENT_PREFIX_PATH} CMAKE_PREFIX_PATH=/home/mrg/dai_ws/install/depthai_bridge:/home/mrg/dai_ws/install/depthai_ros_msgs:/home/mrg/dai_ws/install/depthai_descriptions:/home/mrg/vrx_ws/install:/opt/ros/humble GAZEBO_MODEL_PATH=/home/mrg/dai_ws/install/depthai_descriptions GAZEBO_RESOURCE_PATH=/home/mrg/dai_ws/install/depthai_descriptions IGN_GAZEBO_MODEL_PATH=/home/mrg/dai_ws/install/depthai_descriptions IGN_GAZEBO_RESOURCE_PATH=/home/mrg/dai_ws/install/depthai_descriptions LD_LIBRARY_PATH=/home/mrg/dai_ws/install/depthai_bridge/lib:/home/mrg/dai_ws/install/depthai_ros_msgs/lib:${LD_LIBRARY_PATH} PYTHONPATH=/home/mrg/dai_ws/install/depthai_ros_msgs/local/lib/python3.10/dist-packages:${PYTHONPATH} /usr/bin/cmake --build /home/mrg/dai_ws/build/depthai_examples -- -j16 -l16
[0.191s] Invoking command in '/home/mrg/dai_ws/build/depthai_examples': AMENT_PREFIX_PATH=/home/mrg/dai_ws/install/depthai_bridge:/home/mrg/dai_ws/install/depthai_ros_msgs:/home/mrg/dai_ws/install/depthai_descriptions:${AMENT_PREFIX_PATH} CMAKE_PREFIX_PATH=/home/mrg/dai_ws/install/depthai_bridge:/home/mrg/dai_ws/install/depthai_ros_msgs:/home/mrg/dai_ws/install/depthai_descriptions:/home/mrg/vrx_ws/install:/opt/ros/humble GAZEBO_MODEL_PATH=/home/mrg/dai_ws/install/depthai_descriptions GAZEBO_RESOURCE_PATH=/home/mrg/dai_ws/install/depthai_descriptions IGN_GAZEBO_MODEL_PATH=/home/mrg/dai_ws/install/depthai_descriptions IGN_GAZEBO_RESOURCE_PATH=/home/mrg/dai_ws/install/depthai_descriptions LD_LIBRARY_PATH=/home/mrg/dai_ws/install/depthai_bridge/lib:/home/mrg/dai_ws/install/depthai_ros_msgs/lib:${LD_LIBRARY_PATH} PYTHONPATH=/home/mrg/dai_ws/install/depthai_ros_msgs/local/lib/python3.10/dist-packages:${PYTHONPATH} /usr/bin/cmake --install /home/mrg/dai_ws/build/depthai_examples
[0.199s] -- Install configuration: ""
[0.199s] -- Execute custom install script
[0.199s] -- Up-to-date symlink: /home/mrg/dai_ws/install/depthai_examples/share/depthai_examples/params/camera/color.yaml
[0.199s] -- Up-to-date symlink: /home/mrg/dai_ws/install/depthai_examples/share/depthai_examples/params/camera/left.yaml
[0.199s] -- Up-to-date symlink: /home/mrg/dai_ws/install/depthai_examples/share/depthai_examples/params/camera/right.yaml
[0.200s] -- Up-to-date symlink: /home/mrg/dai_ws/install/depthai_examples/share/depthai_examples/rviz/pointCloud.rviz
[0.200s] -- Up-to-date symlink: /home/mrg/dai_ws/install/depthai_examples/share/depthai_examples/rviz/rgb_camera.rviz
[0.200s] -- Up-to-date symlink: /home/mrg/dai_ws/install/depthai_examples/share/depthai_examples/rviz/stereoInertial.rviz
[0.200s] -- Up-to-date symlink: /home/mrg/dai_ws/install/depthai_examples/share/depthai_examples/rviz/stereoInertialDepthAlign.rviz
[0.200s] -- Up-to-date symlink: /home/mrg/dai_ws/install/depthai_examples/share/depthai_examples/rviz/stereoInertialDepthAlignROS2.rviz
[0.200s] -- Up-to-date symlink: /home/mrg/dai_ws/install/depthai_examples/share/depthai_examples/rviz/stereoInertialROS1.rviz
[0.200s] -- Up-to-date symlink: /home/mrg/dai_ws/install/depthai_examples/share/depthai_examples/rviz/stereoPointCloud.rviz
[0.201s] -- Up-to-date symlink: /home/mrg/dai_ws/install/depthai_examples/share/depthai_examples/rviz/stereoPointCloud_v1.rviz
[0.201s] -- Up-to-date symlink: /home/mrg/dai_ws/install/depthai_examples/share/depthai_examples/rviz/stereo_config.rviz
[0.201s] -- Up-to-date symlink: /home/mrg/dai_ws/install/depthai_examples/share/depthai_examples/rviz/stereo_nodelet.rviz
[0.201s] -- Up-to-date symlink: /home/mrg/dai_ws/install/depthai_examples/share/depthai_examples/resources/deeplab_v3_plus_mnv2_decoder_256_openvino_2021.4.blob
[0.201s] -- Up-to-date symlink: /home/mrg/dai_ws/install/depthai_examples/share/depthai_examples/resources/mobilenet-ssd_openvino_2021.2_6shave.blob
[0.201s] -- Up-to-date symlink: /home/mrg/dai_ws/install/depthai_examples/share/depthai_examples/resources/yolov4_tiny_coco_416x416_openvino_2021.4_6shave_bgr.blob
[0.201s] -- Up-to-date symlink: /home/mrg/dai_ws/install/depthai_examples/lib/depthai_examples/crop_control_service
[0.201s] -- Up-to-date symlink: /home/mrg/dai_ws/install/depthai_examples/lib/depthai_examples/mobilenet_node
[0.201s] -- Up-to-date symlink: /home/mrg/dai_ws/install/depthai_examples/lib/depthai_examples/rgb_stereo_node
[0.201s] -- Up-to-date symlink: /home/mrg/dai_ws/install/depthai_examples/lib/depthai_examples/stereo_inertial_node
[0.201s] -- Up-to-date symlink: /home/mrg/dai_ws/install/depthai_examples/lib/depthai_examples/stereo_node
[0.202s] -- Up-to-date symlink: /home/mrg/dai_ws/install/depthai_examples/lib/depthai_examples/yolov4_spatial_node
[0.202s] -- Up-to-date symlink: /home/mrg/dai_ws/install/depthai_examples/lib/depthai_examples/yolov4_node
[0.202s] -- Up-to-date symlink: /home/mrg/dai_ws/install/depthai_examples/lib/depthai_examples/feature_tracker
[0.202s] -- Up-to-date symlink: /home/mrg/dai_ws/install/depthai_examples/lib/depthai_examples/tracker_yolov4_node
[0.202s] -- Up-to-date symlink: /home/mrg/dai_ws/install/depthai_examples/lib/depthai_examples/tracker_yolov4_spatial_node
[0.202s] -- Up-to-date symlink: /home/mrg/dai_ws/install/depthai_examples/share/ament_index/resource_index/package_run_dependencies/depthai_examples
[0.202s] -- Up-to-date symlink: /home/mrg/dai_ws/install/depthai_examples/share/ament_index/resource_index/parent_prefix_path/depthai_examples
[0.202s] -- Up-to-date symlink: /home/mrg/dai_ws/install/depthai_examples/share/depthai_examples/environment/ament_prefix_path.sh
[0.203s] -- Up-to-date symlink: /home/mrg/dai_ws/install/depthai_examples/share/depthai_examples/environment/ament_prefix_path.dsv
[0.203s] -- Up-to-date symlink: /home/mrg/dai_ws/install/depthai_examples/share/depthai_examples/environment/path.sh
[0.203s] -- Up-to-date symlink: /home/mrg/dai_ws/install/depthai_examples/share/depthai_examples/environment/path.dsv
[0.203s] -- Up-to-date symlink: /home/mrg/dai_ws/install/depthai_examples/share/depthai_examples/local_setup.bash
[0.203s] -- Up-to-date symlink: /home/mrg/dai_ws/install/depthai_examples/share/depthai_examples/local_setup.sh
[0.203s] -- Up-to-date symlink: /home/mrg/dai_ws/install/depthai_examples/share/depthai_examples/local_setup.zsh
[0.203s] -- Up-to-date symlink: /home/mrg/dai_ws/install/depthai_examples/share/depthai_examples/local_setup.dsv
[0.203s] -- Symlinking: /home/mrg/dai_ws/install/depthai_examples/share/depthai_examples/package.dsv
[0.215s] -- Up-to-date symlink: /home/mrg/dai_ws/install/depthai_examples/share/ament_index/resource_index/packages/depthai_examples
[0.215s] -- Up-to-date symlink: /home/mrg/dai_ws/install/depthai_examples/share/depthai_examples/cmake/depthai_examplesConfig.cmake
[0.215s] -- Up-to-date symlink: /home/mrg/dai_ws/install/depthai_examples/share/depthai_examples/cmake/depthai_examplesConfig-version.cmake
[0.215s] -- Up-to-date symlink: /home/mrg/dai_ws/install/depthai_examples/share/depthai_examples/package.xml
[0.215s] -- Up-to-date: /home/mrg/dai_ws/install/depthai_examples/share/depthai_examples/launch
[0.216s] -- Up-to-date: /home/mrg/dai_ws/install/depthai_examples/share/depthai_examples/launch/tracker_yolov4_node.launch.py
[0.216s] -- Up-to-date: /home/mrg/dai_ws/install/depthai_examples/share/depthai_examples/launch/yolov4_publisher.launch.py
[0.216s] -- Up-to-date: /home/mrg/dai_ws/install/depthai_examples/share/depthai_examples/launch/mobile_publisher.launch.py
[0.216s] -- Up-to-date: /home/mrg/dai_ws/install/depthai_examples/share/depthai_examples/launch/stereo_inertial_node.launch.py
[0.216s] -- Up-to-date: /home/mrg/dai_ws/install/depthai_examples/share/depthai_examples/launch/rgb_stereo_node.launch.py
[0.216s] -- Up-to-date: /home/mrg/dai_ws/install/depthai_examples/share/depthai_examples/launch/stereo.launch.py
[0.216s] -- Up-to-date: /home/mrg/dai_ws/install/depthai_examples/share/depthai_examples/launch/tracker_yolov4_spatial_node.launch.py
[0.218s] Invoked command in '/home/mrg/dai_ws/build/depthai_examples' returned '0': AMENT_PREFIX_PATH=/home/mrg/dai_ws/install/depthai_bridge:/home/mrg/dai_ws/install/depthai_ros_msgs:/home/mrg/dai_ws/install/depthai_descriptions:${AMENT_PREFIX_PATH} CMAKE_PREFIX_PATH=/home/mrg/dai_ws/install/depthai_bridge:/home/mrg/dai_ws/install/depthai_ros_msgs:/home/mrg/dai_ws/install/depthai_descriptions:/home/mrg/vrx_ws/install:/opt/ros/humble GAZEBO_MODEL_PATH=/home/mrg/dai_ws/install/depthai_descriptions GAZEBO_RESOURCE_PATH=/home/mrg/dai_ws/install/depthai_descriptions IGN_GAZEBO_MODEL_PATH=/home/mrg/dai_ws/install/depthai_descriptions IGN_GAZEBO_RESOURCE_PATH=/home/mrg/dai_ws/install/depthai_descriptions LD_LIBRARY_PATH=/home/mrg/dai_ws/install/depthai_bridge/lib:/home/mrg/dai_ws/install/depthai_ros_msgs/lib:${LD_LIBRARY_PATH} PYTHONPATH=/home/mrg/dai_ws/install/depthai_ros_msgs/local/lib/python3.10/dist-packages:${PYTHONPATH} /usr/bin/cmake --install /home/mrg/dai_ws/build/depthai_examples
