[0.030s] Invoking command in '/home/mrg/dai_ws/build/depthai-ros': AMENT_PREFIX_PATH=/home/mrg/dai_ws/install/depthai_ros_driver:/home/mrg/dai_ws/install/depthai_examples:/home/mrg/dai_ws/install/depthai_filters:/home/mrg/dai_ws/install/depthai_bridge:/home/mrg/dai_ws/install/depthai_ros_msgs:/home/mrg/dai_ws/install/depthai_descriptions:${AMENT_PREFIX_PATH} CMAKE_PREFIX_PATH=/home/mrg/dai_ws/install/depthai_ros_driver:/home/mrg/dai_ws/install/depthai_examples:/home/mrg/dai_ws/install/depthai_filters:/home/mrg/dai_ws/install/depthai_bridge:/home/mrg/dai_ws/install/depthai_ros_msgs:/home/mrg/dai_ws/install/depthai_descriptions:/home/mrg/vrx_ws/install:/opt/ros/humble GAZEBO_MODEL_PATH=/home/mrg/dai_ws/install/depthai_descriptions GAZEBO_RESOURCE_PATH=/home/mrg/dai_ws/install/depthai_descriptions IGN_GAZEBO_MODEL_PATH=/home/mrg/dai_ws/install/depthai_descriptions IGN_GAZEBO_RESOURCE_PATH=/home/mrg/dai_ws/install/depthai_descriptions LD_LIBRARY_PATH=/home/mrg/dai_ws/install/depthai_ros_driver/lib:/home/mrg/dai_ws/install/depthai_filters/lib:/home/mrg/dai_ws/install/depthai_bridge/lib:/home/mrg/dai_ws/install/depthai_ros_msgs/lib:${LD_LIBRARY_PATH} PYTHONPATH=/home/mrg/dai_ws/install/depthai_ros_driver/local/lib/python3.10/dist-packages:/home/mrg/dai_ws/install/depthai_ros_msgs/local/lib/python3.10/dist-packages:${PYTHONPATH} /usr/bin/cmake /home/mrg/dai_ws/src/depthai-ros/depthai-ros -DAMENT_CMAKE_SYMLINK_INSTALL=1 -DCMAKE_INSTALL_PREFIX=/home/mrg/dai_ws/install/depthai-ros
[0.108s] -- The CXX compiler identification is GNU 11.4.0
[0.180s] -- The C compiler identification is GNU 11.4.0
[0.190s] -- Detecting CXX compiler ABI info
[0.322s] -- Detecting CXX compiler ABI info - done
[0.328s] -- Check for working CXX compiler: /usr/bin/c++ - skipped
[0.328s] -- Detecting CXX compile features
[0.328s] -- Detecting CXX compile features - done
[0.331s] -- Detecting C compiler ABI info
[0.440s] -- Detecting C compiler ABI info - done
[0.457s] -- Check for working C compiler: /usr/bin/cc - skipped
[0.457s] -- Detecting C compile features
[0.458s] -- Detecting C compile features - done
[0.468s] -- Found ament_cmake: 1.3.9 (/opt/ros/humble/share/ament_cmake/cmake)
[0.775s] -- Found Python3: /usr/bin/python3 (found version "3.10.12") found components: Interpreter 
[0.862s] -- Override CMake install command with custom implementation using symlinks instead of copying resources
[1.010s] -- Configuring done
[1.012s] -- Generating done
[1.013s] -- Build files have been written to: /home/mrg/dai_ws/build/depthai-ros
[1.018s] Invoked command in '/home/mrg/dai_ws/build/depthai-ros' returned '0': AMENT_PREFIX_PATH=/home/mrg/dai_ws/install/depthai_ros_driver:/home/mrg/dai_ws/install/depthai_examples:/home/mrg/dai_ws/install/depthai_filters:/home/mrg/dai_ws/install/depthai_bridge:/home/mrg/dai_ws/install/depthai_ros_msgs:/home/mrg/dai_ws/install/depthai_descriptions:${AMENT_PREFIX_PATH} CMAKE_PREFIX_PATH=/home/mrg/dai_ws/install/depthai_ros_driver:/home/mrg/dai_ws/install/depthai_examples:/home/mrg/dai_ws/install/depthai_filters:/home/mrg/dai_ws/install/depthai_bridge:/home/mrg/dai_ws/install/depthai_ros_msgs:/home/mrg/dai_ws/install/depthai_descriptions:/home/mrg/vrx_ws/install:/opt/ros/humble GAZEBO_MODEL_PATH=/home/mrg/dai_ws/install/depthai_descriptions GAZEBO_RESOURCE_PATH=/home/mrg/dai_ws/install/depthai_descriptions IGN_GAZEBO_MODEL_PATH=/home/mrg/dai_ws/install/depthai_descriptions IGN_GAZEBO_RESOURCE_PATH=/home/mrg/dai_ws/install/depthai_descriptions LD_LIBRARY_PATH=/home/mrg/dai_ws/install/depthai_ros_driver/lib:/home/mrg/dai_ws/install/depthai_filters/lib:/home/mrg/dai_ws/install/depthai_bridge/lib:/home/mrg/dai_ws/install/depthai_ros_msgs/lib:${LD_LIBRARY_PATH} PYTHONPATH=/home/mrg/dai_ws/install/depthai_ros_driver/local/lib/python3.10/dist-packages:/home/mrg/dai_ws/install/depthai_ros_msgs/local/lib/python3.10/dist-packages:${PYTHONPATH} /usr/bin/cmake /home/mrg/dai_ws/src/depthai-ros/depthai-ros -DAMENT_CMAKE_SYMLINK_INSTALL=1 -DCMAKE_INSTALL_PREFIX=/home/mrg/dai_ws/install/depthai-ros
[1.020s] Invoking command in '/home/mrg/dai_ws/build/depthai-ros': AMENT_PREFIX_PATH=/home/mrg/dai_ws/install/depthai_ros_driver:/home/mrg/dai_ws/install/depthai_examples:/home/mrg/dai_ws/install/depthai_filters:/home/mrg/dai_ws/install/depthai_bridge:/home/mrg/dai_ws/install/depthai_ros_msgs:/home/mrg/dai_ws/install/depthai_descriptions:${AMENT_PREFIX_PATH} CMAKE_PREFIX_PATH=/home/mrg/dai_ws/install/depthai_ros_driver:/home/mrg/dai_ws/install/depthai_examples:/home/mrg/dai_ws/install/depthai_filters:/home/mrg/dai_ws/install/depthai_bridge:/home/mrg/dai_ws/install/depthai_ros_msgs:/home/mrg/dai_ws/install/depthai_descriptions:/home/mrg/vrx_ws/install:/opt/ros/humble GAZEBO_MODEL_PATH=/home/mrg/dai_ws/install/depthai_descriptions GAZEBO_RESOURCE_PATH=/home/mrg/dai_ws/install/depthai_descriptions IGN_GAZEBO_MODEL_PATH=/home/mrg/dai_ws/install/depthai_descriptions IGN_GAZEBO_RESOURCE_PATH=/home/mrg/dai_ws/install/depthai_descriptions LD_LIBRARY_PATH=/home/mrg/dai_ws/install/depthai_ros_driver/lib:/home/mrg/dai_ws/install/depthai_filters/lib:/home/mrg/dai_ws/install/depthai_bridge/lib:/home/mrg/dai_ws/install/depthai_ros_msgs/lib:${LD_LIBRARY_PATH} PYTHONPATH=/home/mrg/dai_ws/install/depthai_ros_driver/local/lib/python3.10/dist-packages:/home/mrg/dai_ws/install/depthai_ros_msgs/local/lib/python3.10/dist-packages:${PYTHONPATH} /usr/bin/cmake --build /home/mrg/dai_ws/build/depthai-ros -- -j16 -l16
[1.094s] Invoked command in '/home/mrg/dai_ws/build/depthai-ros' returned '0': AMENT_PREFIX_PATH=/home/mrg/dai_ws/install/depthai_ros_driver:/home/mrg/dai_ws/install/depthai_examples:/home/mrg/dai_ws/install/depthai_filters:/home/mrg/dai_ws/install/depthai_bridge:/home/mrg/dai_ws/install/depthai_ros_msgs:/home/mrg/dai_ws/install/depthai_descriptions:${AMENT_PREFIX_PATH} CMAKE_PREFIX_PATH=/home/mrg/dai_ws/install/depthai_ros_driver:/home/mrg/dai_ws/install/depthai_examples:/home/mrg/dai_ws/install/depthai_filters:/home/mrg/dai_ws/install/depthai_bridge:/home/mrg/dai_ws/install/depthai_ros_msgs:/home/mrg/dai_ws/install/depthai_descriptions:/home/mrg/vrx_ws/install:/opt/ros/humble GAZEBO_MODEL_PATH=/home/mrg/dai_ws/install/depthai_descriptions GAZEBO_RESOURCE_PATH=/home/mrg/dai_ws/install/depthai_descriptions IGN_GAZEBO_MODEL_PATH=/home/mrg/dai_ws/install/depthai_descriptions IGN_GAZEBO_RESOURCE_PATH=/home/mrg/dai_ws/install/depthai_descriptions LD_LIBRARY_PATH=/home/mrg/dai_ws/install/depthai_ros_driver/lib:/home/mrg/dai_ws/install/depthai_filters/lib:/home/mrg/dai_ws/install/depthai_bridge/lib:/home/mrg/dai_ws/install/depthai_ros_msgs/lib:${LD_LIBRARY_PATH} PYTHONPATH=/home/mrg/dai_ws/install/depthai_ros_driver/local/lib/python3.10/dist-packages:/home/mrg/dai_ws/install/depthai_ros_msgs/local/lib/python3.10/dist-packages:${PYTHONPATH} /usr/bin/cmake --build /home/mrg/dai_ws/build/depthai-ros -- -j16 -l16
[1.149s] Invoking command in '/home/mrg/dai_ws/build/depthai-ros': AMENT_PREFIX_PATH=/home/mrg/dai_ws/install/depthai_ros_driver:/home/mrg/dai_ws/install/depthai_examples:/home/mrg/dai_ws/install/depthai_filters:/home/mrg/dai_ws/install/depthai_bridge:/home/mrg/dai_ws/install/depthai_ros_msgs:/home/mrg/dai_ws/install/depthai_descriptions:${AMENT_PREFIX_PATH} CMAKE_PREFIX_PATH=/home/mrg/dai_ws/install/depthai_ros_driver:/home/mrg/dai_ws/install/depthai_examples:/home/mrg/dai_ws/install/depthai_filters:/home/mrg/dai_ws/install/depthai_bridge:/home/mrg/dai_ws/install/depthai_ros_msgs:/home/mrg/dai_ws/install/depthai_descriptions:/home/mrg/vrx_ws/install:/opt/ros/humble GAZEBO_MODEL_PATH=/home/mrg/dai_ws/install/depthai_descriptions GAZEBO_RESOURCE_PATH=/home/mrg/dai_ws/install/depthai_descriptions IGN_GAZEBO_MODEL_PATH=/home/mrg/dai_ws/install/depthai_descriptions IGN_GAZEBO_RESOURCE_PATH=/home/mrg/dai_ws/install/depthai_descriptions LD_LIBRARY_PATH=/home/mrg/dai_ws/install/depthai_ros_driver/lib:/home/mrg/dai_ws/install/depthai_filters/lib:/home/mrg/dai_ws/install/depthai_bridge/lib:/home/mrg/dai_ws/install/depthai_ros_msgs/lib:${LD_LIBRARY_PATH} PYTHONPATH=/home/mrg/dai_ws/install/depthai_ros_driver/local/lib/python3.10/dist-packages:/home/mrg/dai_ws/install/depthai_ros_msgs/local/lib/python3.10/dist-packages:${PYTHONPATH} /usr/bin/cmake --install /home/mrg/dai_ws/build/depthai-ros
[1.168s] -- Install configuration: ""
[1.169s] -- Execute custom install script
[1.170s] -- Symlinking: /home/mrg/dai_ws/install/depthai-ros/share/ament_index/resource_index/package_run_dependencies/depthai-ros
[1.195s] -- Symlinking: /home/mrg/dai_ws/install/depthai-ros/share/ament_index/resource_index/parent_prefix_path/depthai-ros
[1.218s] -- Symlinking: /home/mrg/dai_ws/install/depthai-ros/share/depthai-ros/environment/ament_prefix_path.sh
[1.242s] -- Symlinking: /home/mrg/dai_ws/install/depthai-ros/share/depthai-ros/environment/ament_prefix_path.dsv
[1.267s] -- Symlinking: /home/mrg/dai_ws/install/depthai-ros/share/depthai-ros/environment/path.sh
[1.290s] -- Symlinking: /home/mrg/dai_ws/install/depthai-ros/share/depthai-ros/environment/path.dsv
[1.315s] -- Symlinking: /home/mrg/dai_ws/install/depthai-ros/share/depthai-ros/local_setup.bash
[1.339s] -- Symlinking: /home/mrg/dai_ws/install/depthai-ros/share/depthai-ros/local_setup.sh
[1.364s] -- Symlinking: /home/mrg/dai_ws/install/depthai-ros/share/depthai-ros/local_setup.zsh
[1.388s] -- Symlinking: /home/mrg/dai_ws/install/depthai-ros/share/depthai-ros/local_setup.dsv
[1.412s] -- Symlinking: /home/mrg/dai_ws/install/depthai-ros/share/depthai-ros/package.dsv
[1.435s] -- Symlinking: /home/mrg/dai_ws/install/depthai-ros/share/ament_index/resource_index/packages/depthai-ros
[1.461s] -- Symlinking: /home/mrg/dai_ws/install/depthai-ros/share/depthai-ros/cmake/depthai-rosConfig.cmake
[1.478s] -- Symlinking: /home/mrg/dai_ws/install/depthai-ros/share/depthai-ros/cmake/depthai-rosConfig-version.cmake
[1.501s] -- Symlinking: /home/mrg/dai_ws/install/depthai-ros/share/depthai-ros/package.xml
[1.515s] Invoked command in '/home/mrg/dai_ws/build/depthai-ros' returned '0': AMENT_PREFIX_PATH=/home/mrg/dai_ws/install/depthai_ros_driver:/home/mrg/dai_ws/install/depthai_examples:/home/mrg/dai_ws/install/depthai_filters:/home/mrg/dai_ws/install/depthai_bridge:/home/mrg/dai_ws/install/depthai_ros_msgs:/home/mrg/dai_ws/install/depthai_descriptions:${AMENT_PREFIX_PATH} CMAKE_PREFIX_PATH=/home/mrg/dai_ws/install/depthai_ros_driver:/home/mrg/dai_ws/install/depthai_examples:/home/mrg/dai_ws/install/depthai_filters:/home/mrg/dai_ws/install/depthai_bridge:/home/mrg/dai_ws/install/depthai_ros_msgs:/home/mrg/dai_ws/install/depthai_descriptions:/home/mrg/vrx_ws/install:/opt/ros/humble GAZEBO_MODEL_PATH=/home/mrg/dai_ws/install/depthai_descriptions GAZEBO_RESOURCE_PATH=/home/mrg/dai_ws/install/depthai_descriptions IGN_GAZEBO_MODEL_PATH=/home/mrg/dai_ws/install/depthai_descriptions IGN_GAZEBO_RESOURCE_PATH=/home/mrg/dai_ws/install/depthai_descriptions LD_LIBRARY_PATH=/home/mrg/dai_ws/install/depthai_ros_driver/lib:/home/mrg/dai_ws/install/depthai_filters/lib:/home/mrg/dai_ws/install/depthai_bridge/lib:/home/mrg/dai_ws/install/depthai_ros_msgs/lib:${LD_LIBRARY_PATH} PYTHONPATH=/home/mrg/dai_ws/install/depthai_ros_driver/local/lib/python3.10/dist-packages:/home/mrg/dai_ws/install/depthai_ros_msgs/local/lib/python3.10/dist-packages:${PYTHONPATH} /usr/bin/cmake --install /home/mrg/dai_ws/build/depthai-ros
